2019-04-02 12:02:17.587 DEBUG BIL-L-AWONG2 --- [           main] h.Application                            : Application Started...
2019-04-02 12:02:18.620  INFO BIL-L-AWONG2 --- [           main] h.Application                            : Starting Application on BIL-L-AWONG2 with PID 17232 (started by awong in C:\Users\awong\Desktop\Alex Wong\github\Simple_Spring_Boot_AngularJS_Project\server\complete)
2019-04-02 12:02:18.623 DEBUG BIL-L-AWONG2 --- [           main] h.Application                            : Running with Spring Boot v2.0.5.RELEASE, Spring v5.0.9.RELEASE
2019-04-02 12:02:18.624  INFO BIL-L-AWONG2 --- [           main] h.Application                            : No active profile set, falling back to default profiles: default
2019-04-02 12:02:23.789  INFO BIL-L-AWONG2 --- [           main] h.Application                            : Started Application in 6.035 seconds (JVM running for 17.566)
2019-04-02 12:05:18.928 DEBUG BIL-L-AWONG2 --- [           main] h.Application                            : Application Started...
2019-04-02 12:05:19.830  INFO BIL-L-AWONG2 --- [           main] h.Application                            : Starting Application on BIL-L-AWONG2 with PID 18016 (started by awong in C:\Users\awong\Desktop\Alex Wong\github\Simple_Spring_Boot_AngularJS_Project\server\complete)
2019-04-02 12:05:19.836 DEBUG BIL-L-AWONG2 --- [           main] h.Application                            : Running with Spring Boot v2.0.5.RELEASE, Spring v5.0.9.RELEASE
2019-04-02 12:05:19.841  INFO BIL-L-AWONG2 --- [           main] h.Application                            : No active profile set, falling back to default profiles: default
2019-04-02 12:05:22.929  INFO BIL-L-AWONG2 --- [           main] h.Application                            : Started Application in 3.872 seconds (JVM running for 11.071)
2019-04-02 14:29:09.605 DEBUG BIL-L-AWONG2 --- [           main] h.Application                            : Application Started...
2019-04-02 14:29:10.851  INFO BIL-L-AWONG2 --- [           main] h.Application                            : Starting Application on BIL-L-AWONG2 with PID 18852 (C:\Users\awong\Perforce\awong_BIL-L-AWONG2_3184\Preempt\VAD\2019\NICE\server\complete\target\classes started by awong in C:\Users\awong\Perforce\awong_BIL-L-AWONG2_3184\Preempt\VAD\2019\NICE\server\complete)
2019-04-02 14:29:10.857 DEBUG BIL-L-AWONG2 --- [           main] h.Application                            : Running with Spring Boot v2.0.5.RELEASE, Spring v5.0.9.RELEASE
2019-04-02 14:29:10.861  INFO BIL-L-AWONG2 --- [           main] h.Application                            : No active profile set, falling back to default profiles: default
2019-04-02 14:29:14.924  INFO BIL-L-AWONG2 --- [           main] h.Application                            : Started Application in 5.144 seconds (JVM running for 17.314)
2019-04-02 14:36:39.509 DEBUG BIL-L-AWONG2 --- [           main] h.Application                            : Application Started...
2019-04-02 14:36:40.447  INFO BIL-L-AWONG2 --- [           main] h.Application                            : Starting Application on BIL-L-AWONG2 with PID 1712 (C:\Users\awong\Perforce\awong_BIL-L-AWONG2_3184\Preempt\VAD\2019\NICE\server\complete\target\classes started by awong in C:\Users\awong\Perforce\awong_BIL-L-AWONG2_3184\Preempt\VAD\2019\NICE\server\complete)
2019-04-02 14:36:40.451 DEBUG BIL-L-AWONG2 --- [           main] h.Application                            : Running with Spring Boot v2.0.5.RELEASE, Spring v5.0.9.RELEASE
2019-04-02 14:36:40.453  INFO BIL-L-AWONG2 --- [           main] h.Application                            : No active profile set, falling back to default profiles: default
2019-04-02 14:36:44.579  INFO BIL-L-AWONG2 --- [           main] h.Application                            : Started Application in 4.948 seconds (JVM running for 13.794)
2019-04-02 14:37:36.768 DEBUG BIL-L-AWONG2 --- [           main] h.Application                            : Application Started...
2019-04-02 14:37:37.629  INFO BIL-L-AWONG2 --- [           main] h.Application                            : Starting Application on BIL-L-AWONG2 with PID 19104 (C:\Users\awong\Perforce\awong_BIL-L-AWONG2_3184\Preempt\VAD\2019\NICE\server\complete\target\classes started by awong in C:\Users\awong\Perforce\awong_BIL-L-AWONG2_3184\Preempt\VAD\2019\NICE\server\complete)
2019-04-02 14:37:37.633 DEBUG BIL-L-AWONG2 --- [           main] h.Application                            : Running with Spring Boot v2.0.5.RELEASE, Spring v5.0.9.RELEASE
2019-04-02 14:37:37.635  INFO BIL-L-AWONG2 --- [           main] h.Application                            : No active profile set, falling back to default profiles: default
2019-04-02 14:37:41.308  INFO BIL-L-AWONG2 --- [           main] h.Application                            : Started Application in 4.4 seconds (JVM running for 13.197)
2019-04-02 14:40:41.591 DEBUG BIL-L-AWONG2 --- [           main] h.Application                            : Application Started...
2019-04-02 14:40:42.534  INFO BIL-L-AWONG2 --- [           main] h.Application                            : Starting Application on BIL-L-AWONG2 with PID 18748 (C:\Users\awong\Perforce\awong_BIL-L-AWONG2_3184\Preempt\VAD\2019\NICE\server\complete\target\classes started by awong in C:\Users\awong\Perforce\awong_BIL-L-AWONG2_3184\Preempt\VAD\2019\NICE\server\complete)
2019-04-02 14:40:42.541 DEBUG BIL-L-AWONG2 --- [           main] h.Application                            : Running with Spring Boot v2.0.5.RELEASE, Spring v5.0.9.RELEASE
2019-04-02 14:40:42.543  INFO BIL-L-AWONG2 --- [           main] h.Application                            : No active profile set, falling back to default profiles: default
2019-04-02 14:40:46.209  INFO BIL-L-AWONG2 --- [           main] h.Application                            : Started Application in 4.474 seconds (JVM running for 12.549)
2019-04-02 14:42:54.662 DEBUG BIL-L-AWONG2 --- [           main] h.Application                            : Application Started...
2019-04-02 14:42:55.624  INFO BIL-L-AWONG2 --- [           main] h.Application                            : Starting Application on BIL-L-AWONG2 with PID 18584 (C:\Users\awong\Perforce\awong_BIL-L-AWONG2_3184\Preempt\VAD\2019\NICE\server\complete\target\classes started by awong in C:\Users\awong\Perforce\awong_BIL-L-AWONG2_3184\Preempt\VAD\2019\NICE\server\complete)
2019-04-02 14:42:55.633 DEBUG BIL-L-AWONG2 --- [           main] h.Application                            : Running with Spring Boot v2.0.5.RELEASE, Spring v5.0.9.RELEASE
2019-04-02 14:42:55.638  INFO BIL-L-AWONG2 --- [           main] h.Application                            : No active profile set, falling back to default profiles: default
2019-04-02 14:43:00.724  INFO BIL-L-AWONG2 --- [           main] h.Application                            : Started Application in 5.912 seconds (JVM running for 15.01)
2019-04-02 14:43:20.818 DEBUG BIL-L-AWONG2 --- [           main] h.Application                            : Application Started...
2019-04-02 14:43:21.624  INFO BIL-L-AWONG2 --- [           main] h.Application                            : Starting Application on BIL-L-AWONG2 with PID 10264 (C:\Users\awong\Perforce\awong_BIL-L-AWONG2_3184\Preempt\VAD\2019\NICE\server\complete\target\classes started by awong in C:\Users\awong\Perforce\awong_BIL-L-AWONG2_3184\Preempt\VAD\2019\NICE\server\complete)
2019-04-02 14:43:21.632 DEBUG BIL-L-AWONG2 --- [           main] h.Application                            : Running with Spring Boot v2.0.5.RELEASE, Spring v5.0.9.RELEASE
2019-04-02 14:43:21.635  INFO BIL-L-AWONG2 --- [           main] h.Application                            : No active profile set, falling back to default profiles: default
2019-04-02 14:43:25.202  INFO BIL-L-AWONG2 --- [           main] h.Application                            : Started Application in 4.266 seconds (JVM running for 12.073)
2019-04-02 14:44:10.845 DEBUG BIL-L-AWONG2 --- [           main] h.Application                            : Application Started...
2019-04-02 14:44:11.775  INFO BIL-L-AWONG2 --- [           main] h.Application                            : Starting Application on BIL-L-AWONG2 with PID 19220 (C:\Users\awong\Perforce\awong_BIL-L-AWONG2_3184\Preempt\VAD\2019\NICE\server\complete\target\classes started by awong in C:\Users\awong\Perforce\awong_BIL-L-AWONG2_3184\Preempt\VAD\2019\NICE\server\complete)
2019-04-02 14:44:11.779 DEBUG BIL-L-AWONG2 --- [           main] h.Application                            : Running with Spring Boot v2.0.5.RELEASE, Spring v5.0.9.RELEASE
2019-04-02 14:44:11.782  INFO BIL-L-AWONG2 --- [           main] h.Application                            : No active profile set, falling back to default profiles: default
2019-04-02 14:44:15.039  INFO BIL-L-AWONG2 --- [           main] h.Application                            : Started Application in 4.056 seconds (JVM running for 11.642)
2019-04-02 14:45:22.192 DEBUG BIL-L-AWONG2 --- [           main] h.Application                            : Application Started...
2019-04-02 14:45:23.410  INFO BIL-L-AWONG2 --- [           main] h.Application                            : Starting Application on BIL-L-AWONG2 with PID 18476 (C:\Users\awong\Perforce\awong_BIL-L-AWONG2_3184\Preempt\VAD\2019\NICE\server\complete\target\classes started by awong in C:\Users\awong\Perforce\awong_BIL-L-AWONG2_3184\Preempt\VAD\2019\NICE\server\complete)
2019-04-02 14:45:23.418 DEBUG BIL-L-AWONG2 --- [           main] h.Application                            : Running with Spring Boot v2.0.5.RELEASE, Spring v5.0.9.RELEASE
2019-04-02 14:45:23.421  INFO BIL-L-AWONG2 --- [           main] h.Application                            : No active profile set, falling back to default profiles: default
2019-04-02 14:45:27.450  INFO BIL-L-AWONG2 --- [           main] h.Application                            : Started Application in 5.079 seconds (JVM running for 14.511)
2019-04-02 14:48:00.460 DEBUG BIL-L-AWONG2 --- [           main] h.Application                            : Application Started...
2019-04-02 14:48:01.453  INFO BIL-L-AWONG2 --- [           main] h.Application                            : Starting Application on BIL-L-AWONG2 with PID 5596 (C:\Users\awong\Perforce\awong_BIL-L-AWONG2_3184\Preempt\VAD\2019\NICE\server\complete\target\classes started by awong in C:\Users\awong\Perforce\awong_BIL-L-AWONG2_3184\Preempt\VAD\2019\NICE\server\complete)
2019-04-02 14:48:01.461 DEBUG BIL-L-AWONG2 --- [           main] h.Application                            : Running with Spring Boot v2.0.5.RELEASE, Spring v5.0.9.RELEASE
2019-04-02 14:48:01.465  INFO BIL-L-AWONG2 --- [           main] h.Application                            : No active profile set, falling back to default profiles: default
2019-04-02 14:48:05.784  INFO BIL-L-AWONG2 --- [           main] h.Application                            : Started Application in 5.174 seconds (JVM running for 13.992)
2019-04-02 15:09:44.508 DEBUG BIL-L-AWONG2 --- [           main] h.Application                            : Application Started...
2019-04-02 15:09:45.481  INFO BIL-L-AWONG2 --- [           main] h.Application                            : Starting Application on BIL-L-AWONG2 with PID 18436 (C:\Users\awong\Perforce\awong_BIL-L-AWONG2_3184\Preempt\VAD\2019\NICE\server\complete\target\classes started by awong in C:\Users\awong\Perforce\awong_BIL-L-AWONG2_3184\Preempt\VAD\2019\NICE\server\complete)
2019-04-02 15:09:45.484 DEBUG BIL-L-AWONG2 --- [           main] h.Application                            : Running with Spring Boot v2.0.5.RELEASE, Spring v5.0.9.RELEASE
2019-04-02 15:09:45.487  INFO BIL-L-AWONG2 --- [           main] h.Application                            : No active profile set, falling back to default profiles: default
2019-04-02 15:09:48.912  INFO BIL-L-AWONG2 --- [           main] h.Application                            : Started Application in 4.257 seconds (JVM running for 13.038)
2019-04-02 15:10:50.630 DEBUG BIL-L-AWONG2 --- [           main] h.Application                            : Application Started...
2019-04-02 15:10:51.635  INFO BIL-L-AWONG2 --- [           main] h.Application                            : Starting Application on BIL-L-AWONG2 with PID 17136 (C:\Users\awong\Perforce\awong_BIL-L-AWONG2_3184\Preempt\VAD\2019\NICE\server\complete\target\classes started by awong in C:\Users\awong\Perforce\awong_BIL-L-AWONG2_3184\Preempt\VAD\2019\NICE\server\complete)
2019-04-02 15:10:51.640 DEBUG BIL-L-AWONG2 --- [           main] h.Application                            : Running with Spring Boot v2.0.5.RELEASE, Spring v5.0.9.RELEASE
2019-04-02 15:10:51.642  INFO BIL-L-AWONG2 --- [           main] h.Application                            : No active profile set, falling back to default profiles: default
2019-04-02 15:10:55.652  INFO BIL-L-AWONG2 --- [           main] h.Application                            : Started Application in 4.869 seconds (JVM running for 12.692)
2019-04-02 15:11:13.886 DEBUG BIL-L-AWONG2 --- [           main] h.Application                            : Application Started...
2019-04-02 15:11:14.639  INFO BIL-L-AWONG2 --- [           main] h.Application                            : Starting Application on BIL-L-AWONG2 with PID 19220 (C:\Users\awong\Perforce\awong_BIL-L-AWONG2_3184\Preempt\VAD\2019\NICE\server\complete\target\classes started by awong in C:\Users\awong\Perforce\awong_BIL-L-AWONG2_3184\Preempt\VAD\2019\NICE\server\complete)
2019-04-02 15:11:14.645 DEBUG BIL-L-AWONG2 --- [           main] h.Application                            : Running with Spring Boot v2.0.5.RELEASE, Spring v5.0.9.RELEASE
2019-04-02 15:11:14.648  INFO BIL-L-AWONG2 --- [           main] h.Application                            : No active profile set, falling back to default profiles: default
2019-04-02 15:11:17.856  INFO BIL-L-AWONG2 --- [           main] h.Application                            : Started Application in 3.858 seconds (JVM running for 11.004)
2019-04-02 15:12:15.752 DEBUG BIL-L-AWONG2 --- [           main] h.Application                            : Application Started...
2019-04-02 15:12:16.678  INFO BIL-L-AWONG2 --- [           main] h.Application                            : Starting Application on BIL-L-AWONG2 with PID 15044 (C:\Users\awong\Perforce\awong_BIL-L-AWONG2_3184\Preempt\VAD\2019\NICE\server\complete\target\classes started by awong in C:\Users\awong\Perforce\awong_BIL-L-AWONG2_3184\Preempt\VAD\2019\NICE\server\complete)
2019-04-02 15:12:16.685 DEBUG BIL-L-AWONG2 --- [           main] h.Application                            : Running with Spring Boot v2.0.5.RELEASE, Spring v5.0.9.RELEASE
2019-04-02 15:12:16.688  INFO BIL-L-AWONG2 --- [           main] h.Application                            : No active profile set, falling back to default profiles: default
2019-04-02 15:12:19.864  INFO BIL-L-AWONG2 --- [           main] h.Application                            : Started Application in 3.993 seconds (JVM running for 11.464)
2019-04-02 15:12:35.929 DEBUG BIL-L-AWONG2 --- [           main] h.Application                            : Application Started...
2019-04-02 15:12:36.674  INFO BIL-L-AWONG2 --- [           main] h.Application                            : Starting Application on BIL-L-AWONG2 with PID 1980 (C:\Users\awong\Perforce\awong_BIL-L-AWONG2_3184\Preempt\VAD\2019\NICE\server\complete\target\classes started by awong in C:\Users\awong\Perforce\awong_BIL-L-AWONG2_3184\Preempt\VAD\2019\NICE\server\complete)
2019-04-02 15:12:36.680 DEBUG BIL-L-AWONG2 --- [           main] h.Application                            : Running with Spring Boot v2.0.5.RELEASE, Spring v5.0.9.RELEASE
2019-04-02 15:12:36.682  INFO BIL-L-AWONG2 --- [           main] h.Application                            : No active profile set, falling back to default profiles: default
2019-04-02 15:12:40.890  INFO BIL-L-AWONG2 --- [           main] h.Application                            : Started Application in 4.853 seconds (JVM running for 12.545)
2019-04-02 15:12:55.832 DEBUG BIL-L-AWONG2 --- [           main] h.Application                            : Application Started...
2019-04-02 15:12:57.152  INFO BIL-L-AWONG2 --- [           main] h.Application                            : Starting Application on BIL-L-AWONG2 with PID 17348 (C:\Users\awong\Perforce\awong_BIL-L-AWONG2_3184\Preempt\VAD\2019\NICE\server\complete\target\classes started by awong in C:\Users\awong\Perforce\awong_BIL-L-AWONG2_3184\Preempt\VAD\2019\NICE\server\complete)
2019-04-02 15:12:57.182 DEBUG BIL-L-AWONG2 --- [           main] h.Application                            : Running with Spring Boot v2.0.5.RELEASE, Spring v5.0.9.RELEASE
2019-04-02 15:12:57.195  INFO BIL-L-AWONG2 --- [           main] h.Application                            : No active profile set, falling back to default profiles: default
2019-04-02 15:13:03.299  INFO BIL-L-AWONG2 --- [           main] h.Application                            : Started Application in 7.228 seconds (JVM running for 17.674)
2019-04-02 15:14:08.561 DEBUG BIL-L-AWONG2 --- [           main] h.Application                            : Application Started...
2019-04-02 15:14:09.360  INFO BIL-L-AWONG2 --- [           main] h.Application                            : Starting Application on BIL-L-AWONG2 with PID 17304 (C:\Users\awong\Perforce\awong_BIL-L-AWONG2_3184\Preempt\VAD\2019\NICE\server\complete\target\classes started by awong in C:\Users\awong\Perforce\awong_BIL-L-AWONG2_3184\Preempt\VAD\2019\NICE\server\complete)
2019-04-02 15:14:09.364 DEBUG BIL-L-AWONG2 --- [           main] h.Application                            : Running with Spring Boot v2.0.5.RELEASE, Spring v5.0.9.RELEASE
2019-04-02 15:14:09.365  INFO BIL-L-AWONG2 --- [           main] h.Application                            : No active profile set, falling back to default profiles: default
2019-04-02 15:14:12.492  INFO BIL-L-AWONG2 --- [           main] h.Application                            : Started Application in 3.811 seconds (JVM running for 11.098)
2019-04-02 15:15:41.569 DEBUG BIL-L-AWONG2 --- [           main] h.Application                            : Application Started...
2019-04-02 15:15:42.417  INFO BIL-L-AWONG2 --- [           main] h.Application                            : Starting Application on BIL-L-AWONG2 with PID 18412 (C:\Users\awong\Perforce\awong_BIL-L-AWONG2_3184\Preempt\VAD\2019\NICE\server\complete\target\classes started by awong in C:\Users\awong\Perforce\awong_BIL-L-AWONG2_3184\Preempt\VAD\2019\NICE\server\complete)
2019-04-02 15:15:42.429 DEBUG BIL-L-AWONG2 --- [           main] h.Application                            : Running with Spring Boot v2.0.5.RELEASE, Spring v5.0.9.RELEASE
2019-04-02 15:15:42.432  INFO BIL-L-AWONG2 --- [           main] h.Application                            : No active profile set, falling back to default profiles: default
2019-04-02 15:15:45.673  INFO BIL-L-AWONG2 --- [           main] h.Application                            : Started Application in 3.982 seconds (JVM running for 11.248)
2019-04-02 15:16:25.472 DEBUG BIL-L-AWONG2 --- [           main] h.Application                            : Application Started...
2019-04-02 15:16:26.351  INFO BIL-L-AWONG2 --- [           main] h.Application                            : Starting Application on BIL-L-AWONG2 with PID 12400 (C:\Users\awong\Perforce\awong_BIL-L-AWONG2_3184\Preempt\VAD\2019\NICE\server\complete\target\classes started by awong in C:\Users\awong\Perforce\awong_BIL-L-AWONG2_3184\Preempt\VAD\2019\NICE\server\complete)
2019-04-02 15:16:26.356 DEBUG BIL-L-AWONG2 --- [           main] h.Application                            : Running with Spring Boot v2.0.5.RELEASE, Spring v5.0.9.RELEASE
2019-04-02 15:16:26.360  INFO BIL-L-AWONG2 --- [           main] h.Application                            : No active profile set, falling back to default profiles: default
2019-04-02 15:16:29.610  INFO BIL-L-AWONG2 --- [           main] h.Application                            : Started Application in 4.004 seconds (JVM running for 11.2)
2019-04-02 15:17:31.028 DEBUG BIL-L-AWONG2 --- [           main] h.Application                            : Application Started...
2019-04-02 15:17:32.234  INFO BIL-L-AWONG2 --- [           main] h.Application                            : Starting Application on BIL-L-AWONG2 with PID 16524 (C:\Users\awong\Perforce\awong_BIL-L-AWONG2_3184\Preempt\VAD\2019\NICE\server\complete\target\classes started by awong in C:\Users\awong\Perforce\awong_BIL-L-AWONG2_3184\Preempt\VAD\2019\NICE\server\complete)
2019-04-02 15:17:32.240 DEBUG BIL-L-AWONG2 --- [           main] h.Application                            : Running with Spring Boot v2.0.5.RELEASE, Spring v5.0.9.RELEASE
2019-04-02 15:17:32.241  INFO BIL-L-AWONG2 --- [           main] h.Application                            : No active profile set, falling back to default profiles: default
2019-04-02 15:17:36.488  INFO BIL-L-AWONG2 --- [           main] h.Application                            : Started Application in 5.322 seconds (JVM running for 13.998)
2019-04-02 15:23:51.761 DEBUG BIL-L-AWONG2 --- [           main] h.Application                            : Application Started...
2019-04-02 15:23:52.647  INFO BIL-L-AWONG2 --- [           main] h.Application                            : Starting Application on BIL-L-AWONG2 with PID 17196 (C:\Users\awong\Perforce\awong_BIL-L-AWONG2_3184\Preempt\VAD\2019\NICE\server\complete\target\classes started by awong in C:\Users\awong\Perforce\awong_BIL-L-AWONG2_3184\Preempt\VAD\2019\NICE\server\complete)
2019-04-02 15:23:52.651 DEBUG BIL-L-AWONG2 --- [           main] h.Application                            : Running with Spring Boot v2.0.5.RELEASE, Spring v5.0.9.RELEASE
2019-04-02 15:23:52.653  INFO BIL-L-AWONG2 --- [           main] h.Application                            : No active profile set, falling back to default profiles: default
2019-04-02 15:23:55.915  INFO BIL-L-AWONG2 --- [           main] h.Application                            : Started Application in 4.016 seconds (JVM running for 11.801)
2019-04-02 15:24:42.719 DEBUG BIL-L-AWONG2 --- [           main] h.Application                            : Application Started...
2019-04-02 15:24:43.554  INFO BIL-L-AWONG2 --- [           main] h.Application                            : Starting Application on BIL-L-AWONG2 with PID 4504 (C:\Users\awong\Perforce\awong_BIL-L-AWONG2_3184\Preempt\VAD\2019\NICE\server\complete\target\classes started by awong in C:\Users\awong\Perforce\awong_BIL-L-AWONG2_3184\Preempt\VAD\2019\NICE\server\complete)
2019-04-02 15:24:43.558 DEBUG BIL-L-AWONG2 --- [           main] h.Application                            : Running with Spring Boot v2.0.5.RELEASE, Spring v5.0.9.RELEASE
2019-04-02 15:24:43.559  INFO BIL-L-AWONG2 --- [           main] h.Application                            : No active profile set, falling back to default profiles: default
2019-04-02 15:24:47.080  INFO BIL-L-AWONG2 --- [           main] h.Application                            : Started Application in 4.237 seconds (JVM running for 11.59)
2019-04-02 15:25:46.329 DEBUG BIL-L-AWONG2 --- [           main] h.Application                            : Application Started...
2019-04-02 15:25:47.329  INFO BIL-L-AWONG2 --- [           main] h.Application                            : Starting Application on BIL-L-AWONG2 with PID 14448 (C:\Users\awong\Perforce\awong_BIL-L-AWONG2_3184\Preempt\VAD\2019\NICE\server\complete\target\classes started by awong in C:\Users\awong\Perforce\awong_BIL-L-AWONG2_3184\Preempt\VAD\2019\NICE\server\complete)
2019-04-02 15:25:47.344 DEBUG BIL-L-AWONG2 --- [           main] h.Application                            : Running with Spring Boot v2.0.5.RELEASE, Spring v5.0.9.RELEASE
2019-04-02 15:25:47.347  INFO BIL-L-AWONG2 --- [           main] h.Application                            : No active profile set, falling back to default profiles: default
2019-04-02 15:25:53.442  INFO BIL-L-AWONG2 --- [           main] h.Application                            : Started Application in 6.997 seconds (JVM running for 17.703)
2019-04-02 15:27:08.817 DEBUG BIL-L-AWONG2 --- [           main] h.Application                            : Application Started...
2019-04-02 15:27:09.620  INFO BIL-L-AWONG2 --- [           main] h.Application                            : Starting Application on BIL-L-AWONG2 with PID 1108 (C:\Users\awong\Perforce\awong_BIL-L-AWONG2_3184\Preempt\VAD\2019\NICE\server\complete\target\classes started by awong in C:\Users\awong\Perforce\awong_BIL-L-AWONG2_3184\Preempt\VAD\2019\NICE\server\complete)
2019-04-02 15:27:09.624 DEBUG BIL-L-AWONG2 --- [           main] h.Application                            : Running with Spring Boot v2.0.5.RELEASE, Spring v5.0.9.RELEASE
2019-04-02 15:27:09.626  INFO BIL-L-AWONG2 --- [           main] h.Application                            : No active profile set, falling back to default profiles: default
2019-04-02 15:27:12.866  INFO BIL-L-AWONG2 --- [           main] h.Application                            : Started Application in 3.937 seconds (JVM running for 11.644)
2019-04-02 15:29:48.355 DEBUG BIL-L-AWONG2 --- [           main] h.Application                            : Application Started...
2019-04-02 15:29:49.227  INFO BIL-L-AWONG2 --- [           main] h.Application                            : Starting Application on BIL-L-AWONG2 with PID 18368 (C:\Users\awong\Perforce\awong_BIL-L-AWONG2_3184\Preempt\VAD\2019\NICE\server\complete\target\classes started by awong in C:\Users\awong\Perforce\awong_BIL-L-AWONG2_3184\Preempt\VAD\2019\NICE\server\complete)
2019-04-02 15:29:49.231 DEBUG BIL-L-AWONG2 --- [           main] h.Application                            : Running with Spring Boot v2.0.5.RELEASE, Spring v5.0.9.RELEASE
2019-04-02 15:29:49.233  INFO BIL-L-AWONG2 --- [           main] h.Application                            : No active profile set, falling back to default profiles: default
2019-04-02 15:29:52.570  INFO BIL-L-AWONG2 --- [           main] h.Application                            : Started Application in 4.086 seconds (JVM running for 12.099)
2019-04-02 15:30:42.735  INFO BIL-L-AWONG2 --- [           main] h.JsonDeserializeTests                   : Starting JsonDeserializeTests on BIL-L-AWONG2 with PID 18664 (started by awong in C:\Users\awong\Perforce\awong_BIL-L-AWONG2_3184\Preempt\VAD\2019\NICE\server\complete)
2019-04-02 15:30:42.736 DEBUG BIL-L-AWONG2 --- [           main] h.JsonDeserializeTests                   : Running with Spring Boot v2.0.5.RELEASE, Spring v5.0.9.RELEASE
2019-04-02 15:30:42.738  INFO BIL-L-AWONG2 --- [           main] h.JsonDeserializeTests                   : No active profile set, falling back to default profiles: default
2019-04-02 15:30:46.540  INFO BIL-L-AWONG2 --- [           main] h.JsonDeserializeTests                   : Started JsonDeserializeTests in 4.184 seconds (JVM running for 7.382)
2019-04-02 15:31:41.230 DEBUG BIL-L-AWONG2 --- [           main] h.Application                            : Application Started...
2019-04-02 15:31:42.263  INFO BIL-L-AWONG2 --- [           main] h.Application                            : Starting Application on BIL-L-AWONG2 with PID 12676 (C:\Users\awong\Perforce\awong_BIL-L-AWONG2_3184\Preempt\VAD\2019\NICE\server\complete\target\classes started by awong in C:\Users\awong\Perforce\awong_BIL-L-AWONG2_3184\Preempt\VAD\2019\NICE\server\complete)
2019-04-02 15:31:42.267 DEBUG BIL-L-AWONG2 --- [           main] h.Application                            : Running with Spring Boot v2.0.5.RELEASE, Spring v5.0.9.RELEASE
2019-04-02 15:31:42.268  INFO BIL-L-AWONG2 --- [           main] h.Application                            : No active profile set, falling back to default profiles: default
2019-04-02 15:31:46.123  INFO BIL-L-AWONG2 --- [           main] h.Application                            : Started Application in 4.72 seconds (JVM running for 12.49)
2019-04-02 15:35:18.534  INFO BIL-L-AWONG2 --- [           main] h.JsonDeserializeTests                   : Starting JsonDeserializeTests on BIL-L-AWONG2 with PID 2820 (started by awong in C:\Users\awong\Perforce\awong_BIL-L-AWONG2_3184\Preempt\VAD\2019\NICE\server\complete)
2019-04-02 15:35:18.536 DEBUG BIL-L-AWONG2 --- [           main] h.JsonDeserializeTests                   : Running with Spring Boot v2.0.5.RELEASE, Spring v5.0.9.RELEASE
2019-04-02 15:35:18.538  INFO BIL-L-AWONG2 --- [           main] h.JsonDeserializeTests                   : No active profile set, falling back to default profiles: default
2019-04-02 15:35:21.794  INFO BIL-L-AWONG2 --- [           main] h.JsonDeserializeTests                   : Started JsonDeserializeTests in 3.696 seconds (JVM running for 6.492)
2019-04-02 15:35:43.670  INFO BIL-L-AWONG2 --- [           main] h.JsonDeserializeTests                   : Starting JsonDeserializeTests on BIL-L-AWONG2 with PID 7680 (started by awong in C:\Users\awong\Perforce\awong_BIL-L-AWONG2_3184\Preempt\VAD\2019\NICE\server\complete)
2019-04-02 15:35:43.673 DEBUG BIL-L-AWONG2 --- [           main] h.JsonDeserializeTests                   : Running with Spring Boot v2.0.5.RELEASE, Spring v5.0.9.RELEASE
2019-04-02 15:35:43.674  INFO BIL-L-AWONG2 --- [           main] h.JsonDeserializeTests                   : No active profile set, falling back to default profiles: default
2019-04-02 15:35:47.125  INFO BIL-L-AWONG2 --- [           main] h.JsonDeserializeTests                   : Started JsonDeserializeTests in 3.995 seconds (JVM running for 6.816)
2019-04-02 15:38:39.043  INFO BIL-L-AWONG2 --- [           main] h.JsonDeserializeTests                   : Starting JsonDeserializeTests on BIL-L-AWONG2 with PID 18176 (started by awong in C:\Users\awong\Perforce\awong_BIL-L-AWONG2_3184\Preempt\VAD\2019\NICE\server\complete)
2019-04-02 15:38:39.045 DEBUG BIL-L-AWONG2 --- [           main] h.JsonDeserializeTests                   : Running with Spring Boot v2.0.5.RELEASE, Spring v5.0.9.RELEASE
2019-04-02 15:38:39.047  INFO BIL-L-AWONG2 --- [           main] h.JsonDeserializeTests                   : No active profile set, falling back to default profiles: default
2019-04-02 15:38:42.433  INFO BIL-L-AWONG2 --- [           main] h.JsonDeserializeTests                   : Started JsonDeserializeTests in 3.829 seconds (JVM running for 6.528)
2019-04-02 15:40:23.261  INFO BIL-L-AWONG2 --- [           main] h.JsonDeserializeTests                   : Starting JsonDeserializeTests on BIL-L-AWONG2 with PID 18772 (started by awong in C:\Users\awong\Perforce\awong_BIL-L-AWONG2_3184\Preempt\VAD\2019\NICE\server\complete)
2019-04-02 15:40:23.264 DEBUG BIL-L-AWONG2 --- [           main] h.JsonDeserializeTests                   : Running with Spring Boot v2.0.5.RELEASE, Spring v5.0.9.RELEASE
2019-04-02 15:40:23.266  INFO BIL-L-AWONG2 --- [           main] h.JsonDeserializeTests                   : No active profile set, falling back to default profiles: default
2019-04-02 15:40:26.515  INFO BIL-L-AWONG2 --- [           main] h.JsonDeserializeTests                   : Started JsonDeserializeTests in 3.791 seconds (JVM running for 6.615)
2019-04-02 15:44:28.697  INFO BIL-L-AWONG2 --- [           main] h.JsonDeserializeTests                   : Starting JsonDeserializeTests on BIL-L-AWONG2 with PID 13220 (started by awong in C:\Users\awong\Perforce\awong_BIL-L-AWONG2_3184\Preempt\VAD\2019\NICE\server\complete)
2019-04-02 15:44:28.700 DEBUG BIL-L-AWONG2 --- [           main] h.JsonDeserializeTests                   : Running with Spring Boot v2.0.5.RELEASE, Spring v5.0.9.RELEASE
2019-04-02 15:44:28.704  INFO BIL-L-AWONG2 --- [           main] h.JsonDeserializeTests                   : No active profile set, falling back to default profiles: default
2019-04-02 15:44:32.075  INFO BIL-L-AWONG2 --- [           main] h.JsonDeserializeTests                   : Started JsonDeserializeTests in 3.879 seconds (JVM running for 6.528)
2019-04-02 15:44:56.087 DEBUG BIL-L-AWONG2 --- [           main] h.Application                            : Application Started...
2019-04-02 15:44:56.886  INFO BIL-L-AWONG2 --- [           main] h.Application                            : Starting Application on BIL-L-AWONG2 with PID 2548 (C:\Users\awong\Perforce\awong_BIL-L-AWONG2_3184\Preempt\VAD\2019\NICE\server\complete\target\classes started by awong in C:\Users\awong\Perforce\awong_BIL-L-AWONG2_3184\Preempt\VAD\2019\NICE\server\complete)
2019-04-02 15:44:56.889 DEBUG BIL-L-AWONG2 --- [           main] h.Application                            : Running with Spring Boot v2.0.5.RELEASE, Spring v5.0.9.RELEASE
2019-04-02 15:44:56.891  INFO BIL-L-AWONG2 --- [           main] h.Application                            : No active profile set, falling back to default profiles: default
2019-04-02 15:45:00.215  INFO BIL-L-AWONG2 --- [           main] h.Application                            : Started Application in 4.009 seconds (JVM running for 11.779)
2019-04-02 15:47:22.502 DEBUG BIL-L-AWONG2 --- [           main] h.Application                            : Application Started...
2019-04-02 15:47:23.418  INFO BIL-L-AWONG2 --- [           main] h.Application                            : Starting Application on BIL-L-AWONG2 with PID 13632 (C:\Users\awong\Perforce\awong_BIL-L-AWONG2_3184\Preempt\VAD\2019\NICE\server\complete\target\classes started by awong in C:\Users\awong\Perforce\awong_BIL-L-AWONG2_3184\Preempt\VAD\2019\NICE\server\complete)
2019-04-02 15:47:23.424 DEBUG BIL-L-AWONG2 --- [           main] h.Application                            : Running with Spring Boot v2.0.5.RELEASE, Spring v5.0.9.RELEASE
2019-04-02 15:47:23.426  INFO BIL-L-AWONG2 --- [           main] h.Application                            : No active profile set, falling back to default profiles: default
2019-04-02 15:47:26.977  INFO BIL-L-AWONG2 --- [           main] h.Application                            : Started Application in 4.351 seconds (JVM running for 12.714)
2019-04-02 16:18:50.727 DEBUG BIL-L-AWONG2 --- [           main] h.Application                            : Application Started...
2019-04-02 16:18:51.725  INFO BIL-L-AWONG2 --- [           main] h.Application                            : Starting Application on BIL-L-AWONG2 with PID 10844 (C:\Users\awong\Perforce\awong_BIL-L-AWONG2_3184\Preempt\VAD\2019\NICE\server\complete\target\classes started by awong in C:\Users\awong\Perforce\awong_BIL-L-AWONG2_3184\Preempt\VAD\2019\NICE\server\complete)
2019-04-02 16:18:51.730 DEBUG BIL-L-AWONG2 --- [           main] h.Application                            : Running with Spring Boot v2.0.5.RELEASE, Spring v5.0.9.RELEASE
2019-04-02 16:18:51.733  INFO BIL-L-AWONG2 --- [           main] h.Application                            : No active profile set, falling back to default profiles: default
2019-04-02 16:18:55.581  INFO BIL-L-AWONG2 --- [           main] h.Application                            : Started Application in 4.717 seconds (JVM running for 17.422)
2019-04-02 16:41:31.022 DEBUG BIL-L-AWONG2 --- [           main] h.Application                            : Application Started...
2019-04-02 16:41:31.870  INFO BIL-L-AWONG2 --- [           main] h.Application                            : Starting Application on BIL-L-AWONG2 with PID 14808 (C:\Users\awong\Perforce\awong_BIL-L-AWONG2_3184\Preempt\VAD\2019\NICE\server\complete\target\classes started by awong in C:\Users\awong\Perforce\awong_BIL-L-AWONG2_3184\Preempt\VAD\2019\NICE\server\complete)
2019-04-02 16:41:31.877 DEBUG BIL-L-AWONG2 --- [           main] h.Application                            : Running with Spring Boot v2.0.5.RELEASE, Spring v5.0.9.RELEASE
2019-04-02 16:41:31.880  INFO BIL-L-AWONG2 --- [           main] h.Application                            : No active profile set, falling back to default profiles: default
2019-04-02 16:41:36.120  INFO BIL-L-AWONG2 --- [           main] h.Application                            : Started Application in 4.937 seconds (JVM running for 15.756)
2019-04-02 16:52:43.846 DEBUG BIL-L-AWONG2 --- [           main] h.Application                            : Application Started...
2019-04-02 16:52:44.720  INFO BIL-L-AWONG2 --- [           main] h.Application                            : Starting Application on BIL-L-AWONG2 with PID 11512 (C:\Users\awong\Perforce\awong_BIL-L-AWONG2_3184\Preempt\VAD\2019\NICE\server\complete\target\classes started by awong in C:\Users\awong\Perforce\awong_BIL-L-AWONG2_3184\Preempt\VAD\2019\NICE\server\complete)
2019-04-02 16:52:44.727 DEBUG BIL-L-AWONG2 --- [           main] h.Application                            : Running with Spring Boot v2.0.5.RELEASE, Spring v5.0.9.RELEASE
2019-04-02 16:52:44.733  INFO BIL-L-AWONG2 --- [           main] h.Application                            : No active profile set, falling back to default profiles: default
2019-04-02 16:52:48.409  INFO BIL-L-AWONG2 --- [           main] h.Application                            : Started Application in 4.432 seconds (JVM running for 12.735)
2019-04-02 16:53:50.627 DEBUG BIL-L-AWONG2 --- [           main] h.Application                            : Application Started...
2019-04-02 16:53:51.813  INFO BIL-L-AWONG2 --- [           main] h.Application                            : Starting Application on BIL-L-AWONG2 with PID 7512 (C:\Users\awong\Perforce\awong_BIL-L-AWONG2_3184\Preempt\VAD\2019\NICE\server\complete\target\classes started by awong in C:\Users\awong\Perforce\awong_BIL-L-AWONG2_3184\Preempt\VAD\2019\NICE\server\complete)
2019-04-02 16:53:51.828 DEBUG BIL-L-AWONG2 --- [           main] h.Application                            : Running with Spring Boot v2.0.5.RELEASE, Spring v5.0.9.RELEASE
2019-04-02 16:53:51.832  INFO BIL-L-AWONG2 --- [           main] h.Application                            : No active profile set, falling back to default profiles: default
2019-04-02 16:53:56.443  INFO BIL-L-AWONG2 --- [           main] h.Application                            : Started Application in 5.67 seconds (JVM running for 14.921)
2019-04-02 16:55:09.646 DEBUG BIL-L-AWONG2 --- [           main] h.Application                            : Application Started...
2019-04-02 16:55:10.534  INFO BIL-L-AWONG2 --- [           main] h.Application                            : Starting Application on BIL-L-AWONG2 with PID 13364 (C:\Users\awong\Perforce\awong_BIL-L-AWONG2_3184\Preempt\VAD\2019\NICE\server\complete\target\classes started by awong in C:\Users\awong\Perforce\awong_BIL-L-AWONG2_3184\Preempt\VAD\2019\NICE\server\complete)
2019-04-02 16:55:10.541 DEBUG BIL-L-AWONG2 --- [           main] h.Application                            : Running with Spring Boot v2.0.5.RELEASE, Spring v5.0.9.RELEASE
2019-04-02 16:55:10.543  INFO BIL-L-AWONG2 --- [           main] h.Application                            : No active profile set, falling back to default profiles: default
2019-04-02 16:55:13.988  INFO BIL-L-AWONG2 --- [           main] h.Application                            : Started Application in 4.206 seconds (JVM running for 12.229)
2019-04-02 17:09:01.311 DEBUG BIL-L-AWONG2 --- [           main] h.Application                            : Application Started...
2019-04-02 17:09:02.140  INFO BIL-L-AWONG2 --- [           main] h.Application                            : Starting Application on BIL-L-AWONG2 with PID 19100 (C:\Users\awong\Perforce\awong_BIL-L-AWONG2_3184\Preempt\VAD\2019\NICE\server\complete\target\classes started by awong in C:\Users\awong\Perforce\awong_BIL-L-AWONG2_3184\Preempt\VAD\2019\NICE\server\complete)
2019-04-02 17:09:02.146 DEBUG BIL-L-AWONG2 --- [           main] h.Application                            : Running with Spring Boot v2.0.5.RELEASE, Spring v5.0.9.RELEASE
2019-04-02 17:09:02.151  INFO BIL-L-AWONG2 --- [           main] h.Application                            : No active profile set, falling back to default profiles: default
2019-04-02 17:09:05.750  INFO BIL-L-AWONG2 --- [           main] h.Application                            : Started Application in 4.303 seconds (JVM running for 14.176)
2019-04-02 17:12:53.386 DEBUG BIL-L-AWONG2 --- [           main] h.Application                            : Application Started...
2019-04-02 17:12:54.202  INFO BIL-L-AWONG2 --- [           main] h.Application                            : Starting Application on BIL-L-AWONG2 with PID 2712 (C:\Users\awong\Perforce\awong_BIL-L-AWONG2_3184\Preempt\VAD\2019\NICE\server\complete\target\classes started by awong in C:\Users\awong\Perforce\awong_BIL-L-AWONG2_3184\Preempt\VAD\2019\NICE\server\complete)
2019-04-02 17:12:54.209 DEBUG BIL-L-AWONG2 --- [           main] h.Application                            : Running with Spring Boot v2.0.5.RELEASE, Spring v5.0.9.RELEASE
2019-04-02 17:12:54.211  INFO BIL-L-AWONG2 --- [           main] h.Application                            : No active profile set, falling back to default profiles: default
2019-04-02 17:12:57.856  INFO BIL-L-AWONG2 --- [           main] h.Application                            : Started Application in 4.353 seconds (JVM running for 13.016)
2019-04-02 17:13:11.365 DEBUG BIL-L-AWONG2 --- [           main] h.Application                            : Application Started...
2019-04-02 17:13:12.139  INFO BIL-L-AWONG2 --- [           main] h.Application                            : Starting Application on BIL-L-AWONG2 with PID 13496 (C:\Users\awong\Perforce\awong_BIL-L-AWONG2_3184\Preempt\VAD\2019\NICE\server\complete\target\classes started by awong in C:\Users\awong\Perforce\awong_BIL-L-AWONG2_3184\Preempt\VAD\2019\NICE\server\complete)
2019-04-02 17:13:12.144 DEBUG BIL-L-AWONG2 --- [           main] h.Application                            : Running with Spring Boot v2.0.5.RELEASE, Spring v5.0.9.RELEASE
2019-04-02 17:13:12.148  INFO BIL-L-AWONG2 --- [           main] h.Application                            : No active profile set, falling back to default profiles: default
2019-04-02 17:13:15.547  INFO BIL-L-AWONG2 --- [           main] h.Application                            : Started Application in 4.055 seconds (JVM running for 12.857)
2019-04-02 17:15:09.403 DEBUG BIL-L-AWONG2 --- [           main] h.Application                            : Application Started...
2019-04-02 17:15:10.215  INFO BIL-L-AWONG2 --- [           main] h.Application                            : Starting Application on BIL-L-AWONG2 with PID 14348 (C:\Users\awong\Perforce\awong_BIL-L-AWONG2_3184\Preempt\VAD\2019\NICE\server\complete\target\classes started by awong in C:\Users\awong\Perforce\awong_BIL-L-AWONG2_3184\Preempt\VAD\2019\NICE\server\complete)
2019-04-02 17:15:10.224 DEBUG BIL-L-AWONG2 --- [           main] h.Application                            : Running with Spring Boot v2.0.5.RELEASE, Spring v5.0.9.RELEASE
2019-04-02 17:15:10.230  INFO BIL-L-AWONG2 --- [           main] h.Application                            : No active profile set, falling back to default profiles: default
2019-04-02 17:15:14.267  INFO BIL-L-AWONG2 --- [           main] h.Application                            : Started Application in 4.751 seconds (JVM running for 13.373)
2019-04-02 17:20:27.927 DEBUG BIL-L-AWONG2 --- [           main] h.Application                            : Application Started...
2019-04-02 17:20:29.038  INFO BIL-L-AWONG2 --- [           main] h.Application                            : Starting Application on BIL-L-AWONG2 with PID 15968 (C:\Users\awong\Perforce\awong_BIL-L-AWONG2_3184\Preempt\VAD\2019\NICE\server\complete\target\classes started by awong in C:\Users\awong\Perforce\awong_BIL-L-AWONG2_3184\Preempt\VAD\2019\NICE\server\complete)
2019-04-02 17:20:29.069 DEBUG BIL-L-AWONG2 --- [           main] h.Application                            : Running with Spring Boot v2.0.5.RELEASE, Spring v5.0.9.RELEASE
2019-04-02 17:20:29.074  INFO BIL-L-AWONG2 --- [           main] h.Application                            : No active profile set, falling back to default profiles: default
2019-04-02 17:20:32.872  INFO BIL-L-AWONG2 --- [           main] h.Application                            : Started Application in 4.812 seconds (JVM running for 14.398)
2019-04-02 17:23:59.305 DEBUG BIL-L-AWONG2 --- [           main] h.Application                            : Application Started...
2019-04-02 17:24:00.600  INFO BIL-L-AWONG2 --- [           main] h.Application                            : Starting Application on BIL-L-AWONG2 with PID 17256 (C:\Users\awong\Perforce\awong_BIL-L-AWONG2_3184\Preempt\VAD\2019\NICE\server\complete\target\classes started by awong in C:\Users\awong\Perforce\awong_BIL-L-AWONG2_3184\Preempt\VAD\2019\NICE\server\complete)
2019-04-02 17:24:00.606 DEBUG BIL-L-AWONG2 --- [           main] h.Application                            : Running with Spring Boot v2.0.5.RELEASE, Spring v5.0.9.RELEASE
2019-04-02 17:24:00.610  INFO BIL-L-AWONG2 --- [           main] h.Application                            : No active profile set, falling back to default profiles: default
2019-04-02 17:24:04.614  INFO BIL-L-AWONG2 --- [           main] h.Application                            : Started Application in 5.123 seconds (JVM running for 14.714)
2019-04-02 17:30:23.321 DEBUG BIL-L-AWONG2 --- [           main] h.Application                            : Application Started...
2019-04-02 17:30:24.629  INFO BIL-L-AWONG2 --- [           main] h.Application                            : Starting Application on BIL-L-AWONG2 with PID 17452 (C:\Users\awong\Perforce\awong_BIL-L-AWONG2_3184\Preempt\VAD\2019\NICE\server\complete\target\classes started by awong in C:\Users\awong\Perforce\awong_BIL-L-AWONG2_3184\Preempt\VAD\2019\NICE\server\complete)
2019-04-02 17:30:24.633 DEBUG BIL-L-AWONG2 --- [           main] h.Application                            : Running with Spring Boot v2.0.5.RELEASE, Spring v5.0.9.RELEASE
2019-04-02 17:30:24.635  INFO BIL-L-AWONG2 --- [           main] h.Application                            : No active profile set, falling back to default profiles: default
2019-04-02 17:30:28.885  INFO BIL-L-AWONG2 --- [           main] h.Application                            : Started Application in 5.195 seconds (JVM running for 15.883)
2019-04-02 17:51:49.802 DEBUG BIL-L-AWONG2 --- [           main] h.Application                            : Application Started...
2019-04-02 17:51:50.823  INFO BIL-L-AWONG2 --- [           main] h.Application                            : Starting Application on BIL-L-AWONG2 with PID 7952 (C:\Users\awong\Perforce\awong_BIL-L-AWONG2_3184\Preempt\VAD\2019\NICE\server\complete\target\classes started by awong in C:\Users\awong\Perforce\awong_BIL-L-AWONG2_3184\Preempt\VAD\2019\NICE\server\complete)
2019-04-02 17:51:50.829 DEBUG BIL-L-AWONG2 --- [           main] h.Application                            : Running with Spring Boot v2.0.5.RELEASE, Spring v5.0.9.RELEASE
2019-04-02 17:51:50.832  INFO BIL-L-AWONG2 --- [           main] h.Application                            : No active profile set, falling back to default profiles: default
2019-04-02 17:51:54.771  INFO BIL-L-AWONG2 --- [           main] h.Application                            : Started Application in 4.839 seconds (JVM running for 13.269)
