2019-04-01 16:32:26.521  INFO BIL-L-AWONG2 --- [           main] h.ThreadTests                            : Starting ThreadTests on BIL-L-AWONG2 with PID 9940 (started by awong in C:\Users\awong\Desktop\Alex Wong\github\Simple_Spring_Boot_AngularJS_Project\server\complete)
2019-04-01 16:32:26.536 DEBUG BIL-L-AWONG2 --- [           main] h.ThreadTests                            : Running with Spring Boot v2.0.5.RELEASE, Spring v5.0.9.RELEASE
2019-04-01 16:32:26.536  INFO BIL-L-AWONG2 --- [           main] h.ThreadTests                            : No active profile set, falling back to default profiles: default
2019-04-01 16:32:29.942  INFO BIL-L-AWONG2 --- [           main] h.ThreadTests                            : Started ThreadTests in 3.89 seconds (JVM running for 7.894)
2019-04-01 16:32:51.146  INFO BIL-L-AWONG2 --- [           main] h.HttpPoolingTests                       : Starting HttpPoolingTests on BIL-L-AWONG2 with PID 11352 (started by awong in C:\Users\awong\Desktop\Alex Wong\github\Simple_Spring_Boot_AngularJS_Project\server\complete)
2019-04-01 16:32:51.146 DEBUG BIL-L-AWONG2 --- [           main] h.HttpPoolingTests                       : Running with Spring Boot v2.0.5.RELEASE, Spring v5.0.9.RELEASE
2019-04-01 16:32:51.146  INFO BIL-L-AWONG2 --- [           main] h.HttpPoolingTests                       : No active profile set, falling back to default profiles: default
2019-04-01 16:32:54.068  INFO BIL-L-AWONG2 --- [           main] h.HttpPoolingTests                       : Started HttpPoolingTests in 3.328 seconds (JVM running for 6.015)
2019-04-01 16:34:07.455  INFO BIL-L-AWONG2 --- [           main] h.HttpPoolingTests                       : Starting HttpPoolingTests on BIL-L-AWONG2 with PID 6648 (started by awong in C:\Users\awong\Desktop\Alex Wong\github\Simple_Spring_Boot_AngularJS_Project\server\complete)
2019-04-01 16:34:07.455 DEBUG BIL-L-AWONG2 --- [           main] h.HttpPoolingTests                       : Running with Spring Boot v2.0.5.RELEASE, Spring v5.0.9.RELEASE
2019-04-01 16:34:07.455  INFO BIL-L-AWONG2 --- [           main] h.HttpPoolingTests                       : No active profile set, falling back to default profiles: default
2019-04-01 16:34:10.329  INFO BIL-L-AWONG2 --- [           main] h.HttpPoolingTests                       : Started HttpPoolingTests in 3.311 seconds (JVM running for 5.949)
2019-04-01 16:34:55.109  INFO BIL-L-AWONG2 --- [           main] h.HttpPoolingTests                       : Starting HttpPoolingTests on BIL-L-AWONG2 with PID 9568 (started by awong in C:\Users\awong\Desktop\Alex Wong\github\Simple_Spring_Boot_AngularJS_Project\server\complete)
2019-04-01 16:34:55.109 DEBUG BIL-L-AWONG2 --- [           main] h.HttpPoolingTests                       : Running with Spring Boot v2.0.5.RELEASE, Spring v5.0.9.RELEASE
2019-04-01 16:34:55.109  INFO BIL-L-AWONG2 --- [           main] h.HttpPoolingTests                       : No active profile set, falling back to default profiles: default
2019-04-01 16:34:58.202  INFO BIL-L-AWONG2 --- [           main] h.HttpPoolingTests                       : Started HttpPoolingTests in 3.702 seconds (JVM running for 6.61)
2019-04-01 16:35:26.009  INFO BIL-L-AWONG2 --- [           main] h.HttpPoolingTests                       : Starting HttpPoolingTests on BIL-L-AWONG2 with PID 12876 (started by awong in C:\Users\awong\Desktop\Alex Wong\github\Simple_Spring_Boot_AngularJS_Project\server\complete)
2019-04-01 16:35:26.009 DEBUG BIL-L-AWONG2 --- [           main] h.HttpPoolingTests                       : Running with Spring Boot v2.0.5.RELEASE, Spring v5.0.9.RELEASE
2019-04-01 16:35:26.009  INFO BIL-L-AWONG2 --- [           main] h.HttpPoolingTests                       : No active profile set, falling back to default profiles: default
2019-04-01 16:35:28.946  INFO BIL-L-AWONG2 --- [           main] h.HttpPoolingTests                       : Started HttpPoolingTests in 3.546 seconds (JVM running for 6.176)
2019-04-01 16:37:41.491  INFO BIL-L-AWONG2 --- [           main] h.HttpPoolingTests                       : Starting HttpPoolingTests on BIL-L-AWONG2 with PID 6112 (started by awong in C:\Users\awong\Desktop\Alex Wong\github\Simple_Spring_Boot_AngularJS_Project\server\complete)
2019-04-01 16:37:41.491 DEBUG BIL-L-AWONG2 --- [           main] h.HttpPoolingTests                       : Running with Spring Boot v2.0.5.RELEASE, Spring v5.0.9.RELEASE
2019-04-01 16:37:41.491  INFO BIL-L-AWONG2 --- [           main] h.HttpPoolingTests                       : No active profile set, falling back to default profiles: default
2019-04-01 16:37:44.397  INFO BIL-L-AWONG2 --- [           main] h.HttpPoolingTests                       : Started HttpPoolingTests in 3.359 seconds (JVM running for 5.894)
2019-04-01 16:38:46.202  INFO BIL-L-AWONG2 --- [           main] h.HttpPoolingTests                       : Starting HttpPoolingTests on BIL-L-AWONG2 with PID 11988 (started by awong in C:\Users\awong\Desktop\Alex Wong\github\Simple_Spring_Boot_AngularJS_Project\server\complete)
2019-04-01 16:38:46.202 DEBUG BIL-L-AWONG2 --- [           main] h.HttpPoolingTests                       : Running with Spring Boot v2.0.5.RELEASE, Spring v5.0.9.RELEASE
2019-04-01 16:38:46.218  INFO BIL-L-AWONG2 --- [           main] h.HttpPoolingTests                       : No active profile set, falling back to default profiles: default
2019-04-01 16:38:49.030  INFO BIL-L-AWONG2 --- [           main] h.HttpPoolingTests                       : Started HttpPoolingTests in 3.359 seconds (JVM running for 5.965)
2019-04-01 16:39:32.333  INFO BIL-L-AWONG2 --- [           main] h.HttpPoolingTests                       : Starting HttpPoolingTests on BIL-L-AWONG2 with PID 3628 (started by awong in C:\Users\awong\Desktop\Alex Wong\github\Simple_Spring_Boot_AngularJS_Project\server\complete)
2019-04-01 16:39:32.333 DEBUG BIL-L-AWONG2 --- [           main] h.HttpPoolingTests                       : Running with Spring Boot v2.0.5.RELEASE, Spring v5.0.9.RELEASE
2019-04-01 16:39:32.333  INFO BIL-L-AWONG2 --- [           main] h.HttpPoolingTests                       : No active profile set, falling back to default profiles: default
2019-04-01 16:39:35.114  INFO BIL-L-AWONG2 --- [           main] h.HttpPoolingTests                       : Started HttpPoolingTests in 3.25 seconds (JVM running for 5.862)
2019-04-01 16:40:20.455  INFO BIL-L-AWONG2 --- [           main] h.HttpPoolingTests                       : Starting HttpPoolingTests on BIL-L-AWONG2 with PID 2036 (started by awong in C:\Users\awong\Desktop\Alex Wong\github\Simple_Spring_Boot_AngularJS_Project\server\complete)
2019-04-01 16:40:20.455 DEBUG BIL-L-AWONG2 --- [           main] h.HttpPoolingTests                       : Running with Spring Boot v2.0.5.RELEASE, Spring v5.0.9.RELEASE
2019-04-01 16:40:20.455  INFO BIL-L-AWONG2 --- [           main] h.HttpPoolingTests                       : No active profile set, falling back to default profiles: default
2019-04-01 16:40:23.767  INFO BIL-L-AWONG2 --- [           main] h.HttpPoolingTests                       : Started HttpPoolingTests in 3.733 seconds (JVM running for 6.496)
2019-04-01 16:42:29.427  INFO BIL-L-AWONG2 --- [           main] h.HttpPoolingTests                       : Starting HttpPoolingTests on BIL-L-AWONG2 with PID 14500 (started by awong in C:\Users\awong\Desktop\Alex Wong\github\Simple_Spring_Boot_AngularJS_Project\server\complete)
2019-04-01 16:42:29.427 DEBUG BIL-L-AWONG2 --- [           main] h.HttpPoolingTests                       : Running with Spring Boot v2.0.5.RELEASE, Spring v5.0.9.RELEASE
2019-04-01 16:42:29.427  INFO BIL-L-AWONG2 --- [           main] h.HttpPoolingTests                       : No active profile set, falling back to default profiles: default
2019-04-01 16:42:33.941  INFO BIL-L-AWONG2 --- [           main] h.HttpPoolingTests                       : Started HttpPoolingTests in 5.295 seconds (JVM running for 9.14)
2019-04-01 16:43:18.458  INFO BIL-L-AWONG2 --- [           main] h.HttpPoolingTests                       : Starting HttpPoolingTests on BIL-L-AWONG2 with PID 8420 (started by awong in C:\Users\awong\Desktop\Alex Wong\github\Simple_Spring_Boot_AngularJS_Project\server\complete)
2019-04-01 16:43:18.458 DEBUG BIL-L-AWONG2 --- [           main] h.HttpPoolingTests                       : Running with Spring Boot v2.0.5.RELEASE, Spring v5.0.9.RELEASE
2019-04-01 16:43:18.458  INFO BIL-L-AWONG2 --- [           main] h.HttpPoolingTests                       : No active profile set, falling back to default profiles: default
2019-04-01 16:43:22.024  INFO BIL-L-AWONG2 --- [           main] h.HttpPoolingTests                       : Started HttpPoolingTests in 4.129 seconds (JVM running for 6.922)
2019-04-01 16:43:43.323  INFO BIL-L-AWONG2 --- [           main] h.HttpPoolingTests                       : Starting HttpPoolingTests on BIL-L-AWONG2 with PID 7184 (started by awong in C:\Users\awong\Desktop\Alex Wong\github\Simple_Spring_Boot_AngularJS_Project\server\complete)
2019-04-01 16:43:43.323 DEBUG BIL-L-AWONG2 --- [           main] h.HttpPoolingTests                       : Running with Spring Boot v2.0.5.RELEASE, Spring v5.0.9.RELEASE
2019-04-01 16:43:43.323  INFO BIL-L-AWONG2 --- [           main] h.HttpPoolingTests                       : No active profile set, falling back to default profiles: default
2019-04-01 16:43:46.291  INFO BIL-L-AWONG2 --- [           main] h.HttpPoolingTests                       : Started HttpPoolingTests in 3.515 seconds (JVM running for 6.205)
2019-04-01 17:00:15.867  INFO BIL-L-AWONG2 --- [           main] h.HttpPoolingTests                       : Starting HttpPoolingTests on BIL-L-AWONG2 with PID 8736 (started by awong in C:\Users\awong\Desktop\Alex Wong\github\Simple_Spring_Boot_AngularJS_Project\server\complete)
2019-04-01 17:00:15.961 DEBUG BIL-L-AWONG2 --- [           main] h.HttpPoolingTests                       : Running with Spring Boot v2.0.5.RELEASE, Spring v5.0.9.RELEASE
2019-04-01 17:00:15.961  INFO BIL-L-AWONG2 --- [           main] h.HttpPoolingTests                       : No active profile set, falling back to default profiles: default
2019-04-01 17:00:19.023  INFO BIL-L-AWONG2 --- [           main] h.HttpPoolingTests                       : Started HttpPoolingTests in 3.547 seconds (JVM running for 6.087)
2019-04-01 17:01:36.932  INFO BIL-L-AWONG2 --- [           main] h.HttpPoolingTests                       : Starting HttpPoolingTests on BIL-L-AWONG2 with PID 14316 (started by awong in C:\Users\awong\Desktop\Alex Wong\github\Simple_Spring_Boot_AngularJS_Project\server\complete)
2019-04-01 17:01:36.932 DEBUG BIL-L-AWONG2 --- [           main] h.HttpPoolingTests                       : Running with Spring Boot v2.0.5.RELEASE, Spring v5.0.9.RELEASE
2019-04-01 17:01:36.932  INFO BIL-L-AWONG2 --- [           main] h.HttpPoolingTests                       : No active profile set, falling back to default profiles: default
2019-04-01 17:01:39.822  INFO BIL-L-AWONG2 --- [           main] h.HttpPoolingTests                       : Started HttpPoolingTests in 3.39 seconds (JVM running for 6.218)
2019-04-01 17:02:12.403  INFO BIL-L-AWONG2 --- [           main] h.HttpPoolingTests                       : Starting HttpPoolingTests on BIL-L-AWONG2 with PID 10468 (started by awong in C:\Users\awong\Desktop\Alex Wong\github\Simple_Spring_Boot_AngularJS_Project\server\complete)
2019-04-01 17:02:12.403 DEBUG BIL-L-AWONG2 --- [           main] h.HttpPoolingTests                       : Running with Spring Boot v2.0.5.RELEASE, Spring v5.0.9.RELEASE
2019-04-01 17:02:12.403  INFO BIL-L-AWONG2 --- [           main] h.HttpPoolingTests                       : No active profile set, falling back to default profiles: default
2019-04-01 17:02:15.490  INFO BIL-L-AWONG2 --- [           main] h.HttpPoolingTests                       : Started HttpPoolingTests in 3.539 seconds (JVM running for 6.162)
2019-04-01 17:04:32.705  INFO BIL-L-AWONG2 --- [           main] h.HttpPollingTests                       : Starting HttpPollingTests on BIL-L-AWONG2 with PID 13416 (started by awong in C:\Users\awong\Desktop\Alex Wong\github\Simple_Spring_Boot_AngularJS_Project\server\complete)
2019-04-01 17:04:32.705 DEBUG BIL-L-AWONG2 --- [           main] h.HttpPollingTests                       : Running with Spring Boot v2.0.5.RELEASE, Spring v5.0.9.RELEASE
2019-04-01 17:04:32.705  INFO BIL-L-AWONG2 --- [           main] h.HttpPollingTests                       : No active profile set, falling back to default profiles: default
2019-04-01 17:04:35.626  INFO BIL-L-AWONG2 --- [           main] h.HttpPollingTests                       : Started HttpPollingTests in 3.499 seconds (JVM running for 6.151)
2019-04-01 17:06:44.020  INFO BIL-L-AWONG2 --- [           main] h.HttpPollingTests                       : Starting HttpPollingTests on BIL-L-AWONG2 with PID 16212 (started by awong in C:\Users\awong\Desktop\Alex Wong\github\Simple_Spring_Boot_AngularJS_Project\server\complete)
2019-04-01 17:06:44.020 DEBUG BIL-L-AWONG2 --- [           main] h.HttpPollingTests                       : Running with Spring Boot v2.0.5.RELEASE, Spring v5.0.9.RELEASE
2019-04-01 17:06:44.020  INFO BIL-L-AWONG2 --- [           main] h.HttpPollingTests                       : No active profile set, falling back to default profiles: default
2019-04-01 17:06:50.014  INFO BIL-L-AWONG2 --- [           main] h.HttpPollingTests                       : Started HttpPollingTests in 6.526 seconds (JVM running for 9.521)
2019-04-01 17:07:44.206  INFO BIL-L-AWONG2 --- [           main] h.HttpPollingTests                       : Starting HttpPollingTests on BIL-L-AWONG2 with PID 14504 (started by awong in C:\Users\awong\Desktop\Alex Wong\github\Simple_Spring_Boot_AngularJS_Project\server\complete)
2019-04-01 17:07:44.206 DEBUG BIL-L-AWONG2 --- [           main] h.HttpPollingTests                       : Running with Spring Boot v2.0.5.RELEASE, Spring v5.0.9.RELEASE
2019-04-01 17:07:44.206  INFO BIL-L-AWONG2 --- [           main] h.HttpPollingTests                       : No active profile set, falling back to default profiles: default
2019-04-01 17:07:47.949  INFO BIL-L-AWONG2 --- [           main] h.HttpPollingTests                       : Started HttpPollingTests in 4.337 seconds (JVM running for 7.295)
2019-04-01 17:08:43.097  INFO BIL-L-AWONG2 --- [           main] h.HttpPollingTests                       : Starting HttpPollingTests on BIL-L-AWONG2 with PID 7096 (started by awong in C:\Users\awong\Desktop\Alex Wong\github\Simple_Spring_Boot_AngularJS_Project\server\complete)
2019-04-01 17:08:43.097 DEBUG BIL-L-AWONG2 --- [           main] h.HttpPollingTests                       : Running with Spring Boot v2.0.5.RELEASE, Spring v5.0.9.RELEASE
2019-04-01 17:08:43.097  INFO BIL-L-AWONG2 --- [           main] h.HttpPollingTests                       : No active profile set, falling back to default profiles: default
2019-04-01 17:08:46.237  INFO BIL-L-AWONG2 --- [           main] h.HttpPollingTests                       : Started HttpPollingTests in 3.64 seconds (JVM running for 6.169)
2019-04-01 17:09:28.474  INFO BIL-L-AWONG2 --- [           main] h.HttpPollingTests                       : Starting HttpPollingTests on BIL-L-AWONG2 with PID 15924 (started by awong in C:\Users\awong\Desktop\Alex Wong\github\Simple_Spring_Boot_AngularJS_Project\server\complete)
2019-04-01 17:09:28.474 DEBUG BIL-L-AWONG2 --- [           main] h.HttpPollingTests                       : Running with Spring Boot v2.0.5.RELEASE, Spring v5.0.9.RELEASE
2019-04-01 17:09:28.474  INFO BIL-L-AWONG2 --- [           main] h.HttpPollingTests                       : No active profile set, falling back to default profiles: default
2019-04-01 17:09:31.317  INFO BIL-L-AWONG2 --- [           main] h.HttpPollingTests                       : Started HttpPollingTests in 3.374 seconds (JVM running for 6.074)
2019-04-01 17:11:44.577  INFO BIL-L-AWONG2 --- [           main] h.HttpPollingTests                       : Starting HttpPollingTests on BIL-L-AWONG2 with PID 14500 (started by awong in C:\Users\awong\Desktop\Alex Wong\github\Simple_Spring_Boot_AngularJS_Project\server\complete)
2019-04-01 17:11:44.577 DEBUG BIL-L-AWONG2 --- [           main] h.HttpPollingTests                       : Running with Spring Boot v2.0.5.RELEASE, Spring v5.0.9.RELEASE
2019-04-01 17:11:44.577  INFO BIL-L-AWONG2 --- [           main] h.HttpPollingTests                       : No active profile set, falling back to default profiles: default
2019-04-01 17:11:48.311  INFO BIL-L-AWONG2 --- [           main] h.HttpPollingTests                       : Started HttpPollingTests in 4.249 seconds (JVM running for 8.838)
2019-04-01 17:14:13.074  INFO BIL-L-AWONG2 --- [           main] h.HttpPollingTests                       : Starting HttpPollingTests on BIL-L-AWONG2 with PID 3536 (started by awong in C:\Users\awong\Desktop\Alex Wong\github\Simple_Spring_Boot_AngularJS_Project\server\complete)
2019-04-01 17:14:13.074 DEBUG BIL-L-AWONG2 --- [           main] h.HttpPollingTests                       : Running with Spring Boot v2.0.5.RELEASE, Spring v5.0.9.RELEASE
2019-04-01 17:14:13.074  INFO BIL-L-AWONG2 --- [           main] h.HttpPollingTests                       : No active profile set, falling back to default profiles: default
2019-04-01 17:14:17.371  INFO BIL-L-AWONG2 --- [           main] h.HttpPollingTests                       : Started HttpPollingTests in 4.781 seconds (JVM running for 7.721)
2019-04-01 17:14:40.532  INFO BIL-L-AWONG2 --- [           main] h.HttpPollingTests                       : Starting HttpPollingTests on BIL-L-AWONG2 with PID 11344 (started by awong in C:\Users\awong\Desktop\Alex Wong\github\Simple_Spring_Boot_AngularJS_Project\server\complete)
2019-04-01 17:14:40.532 DEBUG BIL-L-AWONG2 --- [           main] h.HttpPollingTests                       : Running with Spring Boot v2.0.5.RELEASE, Spring v5.0.9.RELEASE
2019-04-01 17:14:40.532  INFO BIL-L-AWONG2 --- [           main] h.HttpPollingTests                       : No active profile set, falling back to default profiles: default
2019-04-01 17:14:43.375  INFO BIL-L-AWONG2 --- [           main] h.HttpPollingTests                       : Started HttpPollingTests in 3.265 seconds (JVM running for 6.092)
2019-04-01 17:15:26.403  INFO BIL-L-AWONG2 --- [           main] h.HttpPollingTests                       : Starting HttpPollingTests on BIL-L-AWONG2 with PID 13984 (started by awong in C:\Users\awong\Desktop\Alex Wong\github\Simple_Spring_Boot_AngularJS_Project\server\complete)
2019-04-01 17:15:26.403 DEBUG BIL-L-AWONG2 --- [           main] h.HttpPollingTests                       : Running with Spring Boot v2.0.5.RELEASE, Spring v5.0.9.RELEASE
2019-04-01 17:15:26.419  INFO BIL-L-AWONG2 --- [           main] h.HttpPollingTests                       : No active profile set, falling back to default profiles: default
2019-04-01 17:15:29.754  INFO BIL-L-AWONG2 --- [           main] h.HttpPollingTests                       : Started HttpPollingTests in 3.904 seconds (JVM running for 7.087)
2019-04-01 17:16:09.720  INFO BIL-L-AWONG2 --- [           main] h.HttpPollingTests                       : Starting HttpPollingTests on BIL-L-AWONG2 with PID 11660 (started by awong in C:\Users\awong\Desktop\Alex Wong\github\Simple_Spring_Boot_AngularJS_Project\server\complete)
2019-04-01 17:16:09.720 DEBUG BIL-L-AWONG2 --- [           main] h.HttpPollingTests                       : Running with Spring Boot v2.0.5.RELEASE, Spring v5.0.9.RELEASE
2019-04-01 17:16:09.736  INFO BIL-L-AWONG2 --- [           main] h.HttpPollingTests                       : No active profile set, falling back to default profiles: default
2019-04-01 17:16:13.962  INFO BIL-L-AWONG2 --- [           main] h.HttpPollingTests                       : Started HttpPollingTests in 4.726 seconds (JVM running for 7.732)
2019-04-01 17:16:38.352  INFO BIL-L-AWONG2 --- [           main] h.HttpPollingTests                       : Starting HttpPollingTests on BIL-L-AWONG2 with PID 8156 (started by awong in C:\Users\awong\Desktop\Alex Wong\github\Simple_Spring_Boot_AngularJS_Project\server\complete)
2019-04-01 17:16:38.352 DEBUG BIL-L-AWONG2 --- [           main] h.HttpPollingTests                       : Running with Spring Boot v2.0.5.RELEASE, Spring v5.0.9.RELEASE
2019-04-01 17:16:38.352  INFO BIL-L-AWONG2 --- [           main] h.HttpPollingTests                       : No active profile set, falling back to default profiles: default
2019-04-01 17:16:41.491  INFO BIL-L-AWONG2 --- [           main] h.HttpPollingTests                       : Started HttpPollingTests in 3.634 seconds (JVM running for 6.622)
2019-04-01 17:17:15.292  INFO BIL-L-AWONG2 --- [           main] h.HttpPollingTests                       : Starting HttpPollingTests on BIL-L-AWONG2 with PID 2504 (started by awong in C:\Users\awong\Desktop\Alex Wong\github\Simple_Spring_Boot_AngularJS_Project\server\complete)
2019-04-01 17:17:15.292 DEBUG BIL-L-AWONG2 --- [           main] h.HttpPollingTests                       : Running with Spring Boot v2.0.5.RELEASE, Spring v5.0.9.RELEASE
2019-04-01 17:17:15.292  INFO BIL-L-AWONG2 --- [           main] h.HttpPollingTests                       : No active profile set, falling back to default profiles: default
2019-04-01 17:17:18.229  INFO BIL-L-AWONG2 --- [           main] h.HttpPollingTests                       : Started HttpPollingTests in 3.375 seconds (JVM running for 5.875)
2019-04-01 17:18:15.275  INFO BIL-L-AWONG2 --- [           main] h.HttpPollingTests                       : Starting HttpPollingTests on BIL-L-AWONG2 with PID 13288 (started by awong in C:\Users\awong\Desktop\Alex Wong\github\Simple_Spring_Boot_AngularJS_Project\server\complete)
2019-04-01 17:18:15.275 DEBUG BIL-L-AWONG2 --- [           main] h.HttpPollingTests                       : Running with Spring Boot v2.0.5.RELEASE, Spring v5.0.9.RELEASE
2019-04-01 17:18:15.291  INFO BIL-L-AWONG2 --- [           main] h.HttpPollingTests                       : No active profile set, falling back to default profiles: default
2019-04-01 17:18:18.071  INFO BIL-L-AWONG2 --- [           main] h.HttpPollingTests                       : Started HttpPollingTests in 3.452 seconds (JVM running for 6.027)
2019-04-01 17:22:05.787  INFO BIL-L-AWONG2 --- [           main] h.HttpPollingTests                       : Starting HttpPollingTests on BIL-L-AWONG2 with PID 4332 (started by awong in C:\Users\awong\Desktop\Alex Wong\github\Simple_Spring_Boot_AngularJS_Project\server\complete)
2019-04-01 17:22:05.787 DEBUG BIL-L-AWONG2 --- [           main] h.HttpPollingTests                       : Running with Spring Boot v2.0.5.RELEASE, Spring v5.0.9.RELEASE
2019-04-01 17:22:05.787  INFO BIL-L-AWONG2 --- [           main] h.HttpPollingTests                       : No active profile set, falling back to default profiles: default
2019-04-01 17:22:08.661  INFO BIL-L-AWONG2 --- [           main] h.HttpPollingTests                       : Started HttpPollingTests in 3.296 seconds (JVM running for 6.1)
2019-04-01 17:24:14.817  INFO BIL-L-AWONG2 --- [           main] h.HttpPollingTests                       : Starting HttpPollingTests on BIL-L-AWONG2 with PID 15616 (started by awong in C:\Users\awong\Desktop\Alex Wong\github\Simple_Spring_Boot_AngularJS_Project\server\complete)
2019-04-01 17:24:14.819 DEBUG BIL-L-AWONG2 --- [           main] h.HttpPollingTests                       : Running with Spring Boot v2.0.5.RELEASE, Spring v5.0.9.RELEASE
2019-04-01 17:24:14.821  INFO BIL-L-AWONG2 --- [           main] h.HttpPollingTests                       : No active profile set, falling back to default profiles: default
2019-04-01 17:24:20.958  INFO BIL-L-AWONG2 --- [           main] h.HttpPollingTests                       : Started HttpPollingTests in 6.847 seconds (JVM running for 10.085)
2019-04-01 17:27:41.389  INFO BIL-L-AWONG2 --- [           main] h.HttpPollingTests                       : Starting HttpPollingTests on BIL-L-AWONG2 with PID 14244 (started by awong in C:\Users\awong\Desktop\Alex Wong\github\Simple_Spring_Boot_AngularJS_Project\server\complete)
2019-04-01 17:27:41.389 DEBUG BIL-L-AWONG2 --- [           main] h.HttpPollingTests                       : Running with Spring Boot v2.0.5.RELEASE, Spring v5.0.9.RELEASE
2019-04-01 17:27:41.389  INFO BIL-L-AWONG2 --- [           main] h.HttpPollingTests                       : No active profile set, falling back to default profiles: default
2019-04-01 17:27:44.654  INFO BIL-L-AWONG2 --- [           main] h.HttpPollingTests                       : Started HttpPollingTests in 3.781 seconds (JVM running for 6.533)
2019-04-01 17:28:48.363  INFO BIL-L-AWONG2 --- [           main] h.HttpPollingTests                       : Starting HttpPollingTests on BIL-L-AWONG2 with PID 3428 (started by awong in C:\Users\awong\Desktop\Alex Wong\github\Simple_Spring_Boot_AngularJS_Project\server\complete)
2019-04-01 17:28:48.363 DEBUG BIL-L-AWONG2 --- [           main] h.HttpPollingTests                       : Running with Spring Boot v2.0.5.RELEASE, Spring v5.0.9.RELEASE
2019-04-01 17:28:48.363  INFO BIL-L-AWONG2 --- [           main] h.HttpPollingTests                       : No active profile set, falling back to default profiles: default
2019-04-01 17:28:51.550  INFO BIL-L-AWONG2 --- [           main] h.HttpPollingTests                       : Started HttpPollingTests in 3.609 seconds (JVM running for 6.212)
2019-04-01 17:30:15.114  INFO BIL-L-AWONG2 --- [           main] h.HttpPollingTests                       : Starting HttpPollingTests on BIL-L-AWONG2 with PID 10024 (started by awong in C:\Users\awong\Desktop\Alex Wong\github\Simple_Spring_Boot_AngularJS_Project\server\complete)
2019-04-01 17:30:15.114 DEBUG BIL-L-AWONG2 --- [           main] h.HttpPollingTests                       : Running with Spring Boot v2.0.5.RELEASE, Spring v5.0.9.RELEASE
2019-04-01 17:30:15.130  INFO BIL-L-AWONG2 --- [           main] h.HttpPollingTests                       : No active profile set, falling back to default profiles: default
2019-04-01 17:30:18.662  INFO BIL-L-AWONG2 --- [           main] h.HttpPollingTests                       : Started HttpPollingTests in 4.016 seconds (JVM running for 7.23)
2019-04-01 17:31:16.801  INFO BIL-L-AWONG2 --- [           main] h.HttpPollingTests                       : Starting HttpPollingTests on BIL-L-AWONG2 with PID 12408 (started by awong in C:\Users\awong\Desktop\Alex Wong\github\Simple_Spring_Boot_AngularJS_Project\server\complete)
2019-04-01 17:31:16.801 DEBUG BIL-L-AWONG2 --- [           main] h.HttpPollingTests                       : Running with Spring Boot v2.0.5.RELEASE, Spring v5.0.9.RELEASE
2019-04-01 17:31:16.801  INFO BIL-L-AWONG2 --- [           main] h.HttpPollingTests                       : No active profile set, falling back to default profiles: default
2019-04-01 17:31:19.854  INFO BIL-L-AWONG2 --- [           main] h.HttpPollingTests                       : Started HttpPollingTests in 3.535 seconds (JVM running for 6.4)
2019-04-01 17:34:03.905  INFO BIL-L-AWONG2 --- [           main] h.HttpPollingTests                       : Starting HttpPollingTests on BIL-L-AWONG2 with PID 6788 (started by awong in C:\Users\awong\Desktop\Alex Wong\github\Simple_Spring_Boot_AngularJS_Project\server\complete)
2019-04-01 17:34:03.905 DEBUG BIL-L-AWONG2 --- [           main] h.HttpPollingTests                       : Running with Spring Boot v2.0.5.RELEASE, Spring v5.0.9.RELEASE
2019-04-01 17:34:03.905  INFO BIL-L-AWONG2 --- [           main] h.HttpPollingTests                       : No active profile set, falling back to default profiles: default
2019-04-01 17:34:08.498  INFO BIL-L-AWONG2 --- [           main] h.HttpPollingTests                       : Started HttpPollingTests in 5.327 seconds (JVM running for 9.624)
2019-04-01 17:36:38.288  INFO BIL-L-AWONG2 --- [           main] h.HttpPollingTests                       : Starting HttpPollingTests on BIL-L-AWONG2 with PID 7792 (started by awong in C:\Users\awong\Desktop\Alex Wong\github\Simple_Spring_Boot_AngularJS_Project\server\complete)
2019-04-01 17:36:38.303 DEBUG BIL-L-AWONG2 --- [           main] h.HttpPollingTests                       : Running with Spring Boot v2.0.5.RELEASE, Spring v5.0.9.RELEASE
2019-04-01 17:36:38.303  INFO BIL-L-AWONG2 --- [           main] h.HttpPollingTests                       : No active profile set, falling back to default profiles: default
2019-04-01 17:36:41.441  INFO BIL-L-AWONG2 --- [           main] h.HttpPollingTests                       : Started HttpPollingTests in 3.575 seconds (JVM running for 6.594)
