2019-04-03 10:26:52.728 DEBUG BIL-L-AWONG2 --- [           main] h.Application                            : Application Started...
2019-04-03 10:26:53.798  INFO BIL-L-AWONG2 --- [           main] h.Application                            : Starting Application on BIL-L-AWONG2 with PID 19452 (C:\Users\awong\Perforce\awong_BIL-L-AWONG2_3184\Preempt\VAD\2019\NICE\server\complete\target\classes started by awong in C:\Users\awong\Perforce\awong_BIL-L-AWONG2_3184\Preempt\VAD\2019\NICE\server\complete)
2019-04-03 10:26:53.815 DEBUG BIL-L-AWONG2 --- [           main] h.Application                            : Running with Spring Boot v2.0.5.RELEASE, Spring v5.0.9.RELEASE
2019-04-03 10:26:53.829  INFO BIL-L-AWONG2 --- [           main] h.Application                            : No active profile set, falling back to default profiles: default
2019-04-03 10:26:57.847  INFO BIL-L-AWONG2 --- [           main] h.Application                            : Started Application in 4.956 seconds (JVM running for 16.511)
2019-04-03 10:32:28.732 DEBUG BIL-L-AWONG2 --- [           main] h.Application                            : Application Started...
2019-04-03 10:32:29.539  INFO BIL-L-AWONG2 --- [           main] h.Application                            : Starting Application on BIL-L-AWONG2 with PID 15612 (C:\Users\awong\Perforce\awong_BIL-L-AWONG2_3184\Preempt\VAD\2019\NICE\server\complete\target\classes started by awong in C:\Users\awong\Perforce\awong_BIL-L-AWONG2_3184\Preempt\VAD\2019\NICE\server\complete)
2019-04-03 10:32:29.544 DEBUG BIL-L-AWONG2 --- [           main] h.Application                            : Running with Spring Boot v2.0.5.RELEASE, Spring v5.0.9.RELEASE
2019-04-03 10:32:29.549  INFO BIL-L-AWONG2 --- [           main] h.Application                            : No active profile set, falling back to default profiles: default
2019-04-03 10:32:32.935  INFO BIL-L-AWONG2 --- [           main] h.Application                            : Started Application in 4.076 seconds (JVM running for 12.179)
2019-04-03 10:36:43.888  INFO BIL-L-AWONG2 --- [           main] h.BasicTest                              : Starting BasicTest on BIL-L-AWONG2 with PID 16296 (started by awong in C:\Users\awong\Perforce\awong_BIL-L-AWONG2_3184\Preempt\VAD\2019\NICE\server\complete)
2019-04-03 10:36:43.890 DEBUG BIL-L-AWONG2 --- [           main] h.BasicTest                              : Running with Spring Boot v2.0.5.RELEASE, Spring v5.0.9.RELEASE
2019-04-03 10:36:43.892  INFO BIL-L-AWONG2 --- [           main] h.BasicTest                              : No active profile set, falling back to default profiles: default
2019-04-03 10:36:47.105  INFO BIL-L-AWONG2 --- [           main] h.GreetingControllerTests                : Starting GreetingControllerTests on BIL-L-AWONG2 with PID 16296 (started by awong in C:\Users\awong\Perforce\awong_BIL-L-AWONG2_3184\Preempt\VAD\2019\NICE\server\complete)
2019-04-03 10:36:47.105 DEBUG BIL-L-AWONG2 --- [           main] h.GreetingControllerTests                : Running with Spring Boot v2.0.5.RELEASE, Spring v5.0.9.RELEASE
2019-04-03 10:36:47.106  INFO BIL-L-AWONG2 --- [           main] h.GreetingControllerTests                : No active profile set, falling back to default profiles: default
2019-04-03 10:36:48.370  INFO BIL-L-AWONG2 --- [           main] h.GreetingControllerTests                : Starting GreetingControllerTests on BIL-L-AWONG2 with PID 16296 (started by awong in C:\Users\awong\Perforce\awong_BIL-L-AWONG2_3184\Preempt\VAD\2019\NICE\server\complete)
2019-04-03 10:36:48.371 DEBUG BIL-L-AWONG2 --- [           main] h.GreetingControllerTests                : Running with Spring Boot v2.0.5.RELEASE, Spring v5.0.9.RELEASE
2019-04-03 10:36:48.372  INFO BIL-L-AWONG2 --- [           main] h.GreetingControllerTests                : No active profile set, falling back to default profiles: default
2019-04-03 10:36:49.713  INFO BIL-L-AWONG2 --- [           main] h.HttpPollingTests                       : Starting HttpPollingTests on BIL-L-AWONG2 with PID 16296 (started by awong in C:\Users\awong\Perforce\awong_BIL-L-AWONG2_3184\Preempt\VAD\2019\NICE\server\complete)
2019-04-03 10:36:49.714 DEBUG BIL-L-AWONG2 --- [           main] h.HttpPollingTests                       : Running with Spring Boot v2.0.5.RELEASE, Spring v5.0.9.RELEASE
2019-04-03 10:36:49.715  INFO BIL-L-AWONG2 --- [           main] h.HttpPollingTests                       : No active profile set, falling back to default profiles: default
2019-04-03 10:36:50.903  INFO BIL-L-AWONG2 --- [           main] h.HttpPollingTests                       : Starting HttpPollingTests on BIL-L-AWONG2 with PID 16296 (started by awong in C:\Users\awong\Perforce\awong_BIL-L-AWONG2_3184\Preempt\VAD\2019\NICE\server\complete)
2019-04-03 10:36:50.906 DEBUG BIL-L-AWONG2 --- [           main] h.HttpPollingTests                       : Running with Spring Boot v2.0.5.RELEASE, Spring v5.0.9.RELEASE
2019-04-03 10:36:50.907  INFO BIL-L-AWONG2 --- [           main] h.HttpPollingTests                       : No active profile set, falling back to default profiles: default
2019-04-03 10:36:52.229  INFO BIL-L-AWONG2 --- [           main] h.HttpPoolingConnectionManagerTest       : Starting HttpPoolingConnectionManagerTest on BIL-L-AWONG2 with PID 16296 (started by awong in C:\Users\awong\Perforce\awong_BIL-L-AWONG2_3184\Preempt\VAD\2019\NICE\server\complete)
2019-04-03 10:36:52.229 DEBUG BIL-L-AWONG2 --- [           main] h.HttpPoolingConnectionManagerTest       : Running with Spring Boot v2.0.5.RELEASE, Spring v5.0.9.RELEASE
2019-04-03 10:36:52.230  INFO BIL-L-AWONG2 --- [           main] h.HttpPoolingConnectionManagerTest       : No active profile set, falling back to default profiles: default
2019-04-03 10:36:53.708  INFO BIL-L-AWONG2 --- [           main] h.HttpTests                              : Starting HttpTests on BIL-L-AWONG2 with PID 16296 (started by awong in C:\Users\awong\Perforce\awong_BIL-L-AWONG2_3184\Preempt\VAD\2019\NICE\server\complete)
2019-04-03 10:36:53.709 DEBUG BIL-L-AWONG2 --- [           main] h.HttpTests                              : Running with Spring Boot v2.0.5.RELEASE, Spring v5.0.9.RELEASE
2019-04-03 10:36:53.710  INFO BIL-L-AWONG2 --- [           main] h.HttpTests                              : No active profile set, falling back to default profiles: default
2019-04-03 10:36:54.548  INFO BIL-L-AWONG2 --- [           main] h.HttpTests                              : Starting HttpTests on BIL-L-AWONG2 with PID 16296 (started by awong in C:\Users\awong\Perforce\awong_BIL-L-AWONG2_3184\Preempt\VAD\2019\NICE\server\complete)
2019-04-03 10:36:54.548 DEBUG BIL-L-AWONG2 --- [           main] h.HttpTests                              : Running with Spring Boot v2.0.5.RELEASE, Spring v5.0.9.RELEASE
2019-04-03 10:36:54.548  INFO BIL-L-AWONG2 --- [           main] h.HttpTests                              : No active profile set, falling back to default profiles: default
2019-04-03 10:36:55.499  INFO BIL-L-AWONG2 --- [           main] h.HttpTests                              : Starting HttpTests on BIL-L-AWONG2 with PID 16296 (started by awong in C:\Users\awong\Perforce\awong_BIL-L-AWONG2_3184\Preempt\VAD\2019\NICE\server\complete)
2019-04-03 10:36:55.499 DEBUG BIL-L-AWONG2 --- [           main] h.HttpTests                              : Running with Spring Boot v2.0.5.RELEASE, Spring v5.0.9.RELEASE
2019-04-03 10:36:55.500  INFO BIL-L-AWONG2 --- [           main] h.HttpTests                              : No active profile set, falling back to default profiles: default
2019-04-03 10:36:56.164  INFO BIL-L-AWONG2 --- [           main] h.HttpTests                              : Starting HttpTests on BIL-L-AWONG2 with PID 16296 (started by awong in C:\Users\awong\Perforce\awong_BIL-L-AWONG2_3184\Preempt\VAD\2019\NICE\server\complete)
2019-04-03 10:36:56.165 DEBUG BIL-L-AWONG2 --- [           main] h.HttpTests                              : Running with Spring Boot v2.0.5.RELEASE, Spring v5.0.9.RELEASE
2019-04-03 10:36:56.165  INFO BIL-L-AWONG2 --- [           main] h.HttpTests                              : No active profile set, falling back to default profiles: default
2019-04-03 10:36:56.712  INFO BIL-L-AWONG2 --- [           main] h.JsonDeserializeTests                   : Starting JsonDeserializeTests on BIL-L-AWONG2 with PID 16296 (started by awong in C:\Users\awong\Perforce\awong_BIL-L-AWONG2_3184\Preempt\VAD\2019\NICE\server\complete)
2019-04-03 10:36:56.712 DEBUG BIL-L-AWONG2 --- [           main] h.JsonDeserializeTests                   : Running with Spring Boot v2.0.5.RELEASE, Spring v5.0.9.RELEASE
2019-04-03 10:36:56.713  INFO BIL-L-AWONG2 --- [           main] h.JsonDeserializeTests                   : No active profile set, falling back to default profiles: default
2019-04-03 10:36:57.390  INFO BIL-L-AWONG2 --- [           main] h.JsonDeserializeTests                   : Starting JsonDeserializeTests on BIL-L-AWONG2 with PID 16296 (started by awong in C:\Users\awong\Perforce\awong_BIL-L-AWONG2_3184\Preempt\VAD\2019\NICE\server\complete)
2019-04-03 10:36:57.391 DEBUG BIL-L-AWONG2 --- [           main] h.JsonDeserializeTests                   : Running with Spring Boot v2.0.5.RELEASE, Spring v5.0.9.RELEASE
2019-04-03 10:36:57.391  INFO BIL-L-AWONG2 --- [           main] h.JsonDeserializeTests                   : No active profile set, falling back to default profiles: default
2019-04-03 10:36:58.327  INFO BIL-L-AWONG2 --- [           main] h.JsonDeserializeTests                   : Starting JsonDeserializeTests on BIL-L-AWONG2 with PID 16296 (started by awong in C:\Users\awong\Perforce\awong_BIL-L-AWONG2_3184\Preempt\VAD\2019\NICE\server\complete)
2019-04-03 10:36:58.327 DEBUG BIL-L-AWONG2 --- [           main] h.JsonDeserializeTests                   : Running with Spring Boot v2.0.5.RELEASE, Spring v5.0.9.RELEASE
2019-04-03 10:36:58.327  INFO BIL-L-AWONG2 --- [           main] h.JsonDeserializeTests                   : No active profile set, falling back to default profiles: default
2019-04-03 10:36:58.972  INFO BIL-L-AWONG2 --- [           main] h.ThreadTests                            : Starting ThreadTests on BIL-L-AWONG2 with PID 16296 (started by awong in C:\Users\awong\Perforce\awong_BIL-L-AWONG2_3184\Preempt\VAD\2019\NICE\server\complete)
2019-04-03 10:36:58.973 DEBUG BIL-L-AWONG2 --- [           main] h.ThreadTests                            : Running with Spring Boot v2.0.5.RELEASE, Spring v5.0.9.RELEASE
2019-04-03 10:36:58.976  INFO BIL-L-AWONG2 --- [           main] h.ThreadTests                            : No active profile set, falling back to default profiles: default
2019-04-03 10:36:59.773  INFO BIL-L-AWONG2 --- [           main] h.WebSocketTests                         : Starting WebSocketTests on BIL-L-AWONG2 with PID 16296 (started by awong in C:\Users\awong\Perforce\awong_BIL-L-AWONG2_3184\Preempt\VAD\2019\NICE\server\complete)
2019-04-03 10:36:59.773 DEBUG BIL-L-AWONG2 --- [           main] h.WebSocketTests                         : Running with Spring Boot v2.0.5.RELEASE, Spring v5.0.9.RELEASE
2019-04-03 10:36:59.773  INFO BIL-L-AWONG2 --- [           main] h.WebSocketTests                         : No active profile set, falling back to default profiles: default
2019-04-03 10:42:10.843  INFO BIL-L-AWONG2 --- [           main] h.BasicTest                              : Starting BasicTest on BIL-L-AWONG2 with PID 20192 (started by awong in C:\Users\awong\Perforce\awong_BIL-L-AWONG2_3184\Preempt\VAD\2019\NICE\server\complete)
2019-04-03 10:42:10.845 DEBUG BIL-L-AWONG2 --- [           main] h.BasicTest                              : Running with Spring Boot v2.0.5.RELEASE, Spring v5.0.9.RELEASE
2019-04-03 10:42:10.846  INFO BIL-L-AWONG2 --- [           main] h.BasicTest                              : No active profile set, falling back to default profiles: default
2019-04-03 10:42:13.495  INFO BIL-L-AWONG2 --- [           main] h.GreetingControllerTests                : Starting GreetingControllerTests on BIL-L-AWONG2 with PID 20192 (started by awong in C:\Users\awong\Perforce\awong_BIL-L-AWONG2_3184\Preempt\VAD\2019\NICE\server\complete)
2019-04-03 10:42:13.498 DEBUG BIL-L-AWONG2 --- [           main] h.GreetingControllerTests                : Running with Spring Boot v2.0.5.RELEASE, Spring v5.0.9.RELEASE
2019-04-03 10:42:13.501  INFO BIL-L-AWONG2 --- [           main] h.GreetingControllerTests                : No active profile set, falling back to default profiles: default
2019-04-03 10:42:14.377  INFO BIL-L-AWONG2 --- [           main] h.GreetingControllerTests                : Starting GreetingControllerTests on BIL-L-AWONG2 with PID 20192 (started by awong in C:\Users\awong\Perforce\awong_BIL-L-AWONG2_3184\Preempt\VAD\2019\NICE\server\complete)
2019-04-03 10:42:14.378 DEBUG BIL-L-AWONG2 --- [           main] h.GreetingControllerTests                : Running with Spring Boot v2.0.5.RELEASE, Spring v5.0.9.RELEASE
2019-04-03 10:42:14.379  INFO BIL-L-AWONG2 --- [           main] h.GreetingControllerTests                : No active profile set, falling back to default profiles: default
2019-04-03 10:42:15.126  INFO BIL-L-AWONG2 --- [           main] h.HttpPollingTests                       : Starting HttpPollingTests on BIL-L-AWONG2 with PID 20192 (started by awong in C:\Users\awong\Perforce\awong_BIL-L-AWONG2_3184\Preempt\VAD\2019\NICE\server\complete)
2019-04-03 10:42:15.127 DEBUG BIL-L-AWONG2 --- [           main] h.HttpPollingTests                       : Running with Spring Boot v2.0.5.RELEASE, Spring v5.0.9.RELEASE
2019-04-03 10:42:15.128  INFO BIL-L-AWONG2 --- [           main] h.HttpPollingTests                       : No active profile set, falling back to default profiles: default
2019-04-03 10:42:15.850  INFO BIL-L-AWONG2 --- [           main] h.HttpPollingTests                       : Starting HttpPollingTests on BIL-L-AWONG2 with PID 20192 (started by awong in C:\Users\awong\Perforce\awong_BIL-L-AWONG2_3184\Preempt\VAD\2019\NICE\server\complete)
2019-04-03 10:42:15.853 DEBUG BIL-L-AWONG2 --- [           main] h.HttpPollingTests                       : Running with Spring Boot v2.0.5.RELEASE, Spring v5.0.9.RELEASE
2019-04-03 10:42:15.854  INFO BIL-L-AWONG2 --- [           main] h.HttpPollingTests                       : No active profile set, falling back to default profiles: default
2019-04-03 10:42:16.510  INFO BIL-L-AWONG2 --- [           main] h.HttpPoolingConnectionManagerTest       : Starting HttpPoolingConnectionManagerTest on BIL-L-AWONG2 with PID 20192 (started by awong in C:\Users\awong\Perforce\awong_BIL-L-AWONG2_3184\Preempt\VAD\2019\NICE\server\complete)
2019-04-03 10:42:16.511 DEBUG BIL-L-AWONG2 --- [           main] h.HttpPoolingConnectionManagerTest       : Running with Spring Boot v2.0.5.RELEASE, Spring v5.0.9.RELEASE
2019-04-03 10:42:16.512  INFO BIL-L-AWONG2 --- [           main] h.HttpPoolingConnectionManagerTest       : No active profile set, falling back to default profiles: default
2019-04-03 10:42:17.177  INFO BIL-L-AWONG2 --- [           main] h.HttpTests                              : Starting HttpTests on BIL-L-AWONG2 with PID 20192 (started by awong in C:\Users\awong\Perforce\awong_BIL-L-AWONG2_3184\Preempt\VAD\2019\NICE\server\complete)
2019-04-03 10:42:17.178 DEBUG BIL-L-AWONG2 --- [           main] h.HttpTests                              : Running with Spring Boot v2.0.5.RELEASE, Spring v5.0.9.RELEASE
2019-04-03 10:42:17.179  INFO BIL-L-AWONG2 --- [           main] h.HttpTests                              : No active profile set, falling back to default profiles: default
2019-04-03 10:42:17.836  INFO BIL-L-AWONG2 --- [           main] h.HttpTests                              : Starting HttpTests on BIL-L-AWONG2 with PID 20192 (started by awong in C:\Users\awong\Perforce\awong_BIL-L-AWONG2_3184\Preempt\VAD\2019\NICE\server\complete)
2019-04-03 10:42:17.837 DEBUG BIL-L-AWONG2 --- [           main] h.HttpTests                              : Running with Spring Boot v2.0.5.RELEASE, Spring v5.0.9.RELEASE
2019-04-03 10:42:17.837  INFO BIL-L-AWONG2 --- [           main] h.HttpTests                              : No active profile set, falling back to default profiles: default
2019-04-03 10:42:18.361  INFO BIL-L-AWONG2 --- [           main] h.HttpTests                              : Starting HttpTests on BIL-L-AWONG2 with PID 20192 (started by awong in C:\Users\awong\Perforce\awong_BIL-L-AWONG2_3184\Preempt\VAD\2019\NICE\server\complete)
2019-04-03 10:42:18.361 DEBUG BIL-L-AWONG2 --- [           main] h.HttpTests                              : Running with Spring Boot v2.0.5.RELEASE, Spring v5.0.9.RELEASE
2019-04-03 10:42:18.362  INFO BIL-L-AWONG2 --- [           main] h.HttpTests                              : No active profile set, falling back to default profiles: default
2019-04-03 10:42:19.154  INFO BIL-L-AWONG2 --- [           main] h.HttpTests                              : Starting HttpTests on BIL-L-AWONG2 with PID 20192 (started by awong in C:\Users\awong\Perforce\awong_BIL-L-AWONG2_3184\Preempt\VAD\2019\NICE\server\complete)
2019-04-03 10:42:19.154 DEBUG BIL-L-AWONG2 --- [           main] h.HttpTests                              : Running with Spring Boot v2.0.5.RELEASE, Spring v5.0.9.RELEASE
2019-04-03 10:42:19.154  INFO BIL-L-AWONG2 --- [           main] h.HttpTests                              : No active profile set, falling back to default profiles: default
2019-04-03 10:42:19.779  INFO BIL-L-AWONG2 --- [           main] h.JsonDeserializeTests                   : Starting JsonDeserializeTests on BIL-L-AWONG2 with PID 20192 (started by awong in C:\Users\awong\Perforce\awong_BIL-L-AWONG2_3184\Preempt\VAD\2019\NICE\server\complete)
2019-04-03 10:42:19.779 DEBUG BIL-L-AWONG2 --- [           main] h.JsonDeserializeTests                   : Running with Spring Boot v2.0.5.RELEASE, Spring v5.0.9.RELEASE
2019-04-03 10:42:19.781  INFO BIL-L-AWONG2 --- [           main] h.JsonDeserializeTests                   : No active profile set, falling back to default profiles: default
2019-04-03 10:42:20.432  INFO BIL-L-AWONG2 --- [           main] h.JsonDeserializeTests                   : Starting JsonDeserializeTests on BIL-L-AWONG2 with PID 20192 (started by awong in C:\Users\awong\Perforce\awong_BIL-L-AWONG2_3184\Preempt\VAD\2019\NICE\server\complete)
2019-04-03 10:42:20.436 DEBUG BIL-L-AWONG2 --- [           main] h.JsonDeserializeTests                   : Running with Spring Boot v2.0.5.RELEASE, Spring v5.0.9.RELEASE
2019-04-03 10:42:20.437  INFO BIL-L-AWONG2 --- [           main] h.JsonDeserializeTests                   : No active profile set, falling back to default profiles: default
2019-04-03 10:42:20.954  INFO BIL-L-AWONG2 --- [           main] h.JsonDeserializeTests                   : Starting JsonDeserializeTests on BIL-L-AWONG2 with PID 20192 (started by awong in C:\Users\awong\Perforce\awong_BIL-L-AWONG2_3184\Preempt\VAD\2019\NICE\server\complete)
2019-04-03 10:42:20.954 DEBUG BIL-L-AWONG2 --- [           main] h.JsonDeserializeTests                   : Running with Spring Boot v2.0.5.RELEASE, Spring v5.0.9.RELEASE
2019-04-03 10:42:20.955  INFO BIL-L-AWONG2 --- [           main] h.JsonDeserializeTests                   : No active profile set, falling back to default profiles: default
2019-04-03 10:42:21.510  INFO BIL-L-AWONG2 --- [           main] h.WebSocketTests                         : Starting WebSocketTests on BIL-L-AWONG2 with PID 20192 (started by awong in C:\Users\awong\Perforce\awong_BIL-L-AWONG2_3184\Preempt\VAD\2019\NICE\server\complete)
2019-04-03 10:42:21.510 DEBUG BIL-L-AWONG2 --- [           main] h.WebSocketTests                         : Running with Spring Boot v2.0.5.RELEASE, Spring v5.0.9.RELEASE
2019-04-03 10:42:21.510  INFO BIL-L-AWONG2 --- [           main] h.WebSocketTests                         : No active profile set, falling back to default profiles: default
