2019-04-12 11:12:30.958 DEBUG BIL-L-AWONG2 --- [           main] h.Application                            : Application Started...
2019-04-12 11:12:32.630  INFO BIL-L-AWONG2 --- [           main] h.Application                            : Starting Application on BIL-L-AWONG2 with PID 2960 (C:\Users\awong\Perforce\awong_BIL-L-AWONG2_3184\Preempt\VAD\2019\NICE\server\complete\target\classes started by awong in C:\Users\awong\Perforce\awong_BIL-L-AWONG2_3184\Preempt\VAD\2019\NICE\server\complete)
2019-04-12 11:12:32.639 DEBUG BIL-L-AWONG2 --- [           main] h.Application                            : Running with Spring Boot v2.0.5.RELEASE, Spring v5.0.9.RELEASE
2019-04-12 11:12:32.647  INFO BIL-L-AWONG2 --- [           main] h.Application                            : No active profile set, falling back to default profiles: default
2019-04-12 11:12:39.828  INFO BIL-L-AWONG2 --- [           main] h.Application                            : Started Application in 8.694 seconds (JVM running for 22.819)
2019-04-12 11:38:00.342 DEBUG BIL-L-AWONG2 --- [           main] h.Application                            : Application Started...
2019-04-12 11:38:02.324  INFO BIL-L-AWONG2 --- [           main] h.Application                            : Starting Application on BIL-L-AWONG2 with PID 21052 (C:\Users\awong\Perforce\awong_BIL-L-AWONG2_3184\Preempt\VAD\2019\NICE\server\complete\target\classes started by awong in C:\Users\awong\Perforce\awong_BIL-L-AWONG2_3184\Preempt\VAD\2019\NICE\server\complete)
2019-04-12 11:38:02.326 DEBUG BIL-L-AWONG2 --- [           main] h.Application                            : Running with Spring Boot v2.0.5.RELEASE, Spring v5.0.9.RELEASE
2019-04-12 11:38:02.327  INFO BIL-L-AWONG2 --- [           main] h.Application                            : No active profile set, falling back to default profiles: default
2019-04-12 11:38:08.173  INFO BIL-L-AWONG2 --- [           main] h.Application                            : Started Application in 7.606 seconds (JVM running for 26.444)
2019-04-12 11:39:07.803 DEBUG BIL-L-AWONG2 --- [           main] h.Application                            : Application Started...
2019-04-12 11:39:08.720  INFO BIL-L-AWONG2 --- [           main] h.Application                            : Starting Application on BIL-L-AWONG2 with PID 23732 (C:\Users\awong\Perforce\awong_BIL-L-AWONG2_3184\Preempt\VAD\2019\NICE\server\complete\target\classes started by awong in C:\Users\awong\Perforce\awong_BIL-L-AWONG2_3184\Preempt\VAD\2019\NICE\server\complete)
2019-04-12 11:39:08.772 DEBUG BIL-L-AWONG2 --- [           main] h.Application                            : Running with Spring Boot v2.0.5.RELEASE, Spring v5.0.9.RELEASE
2019-04-12 11:39:08.777  INFO BIL-L-AWONG2 --- [           main] h.Application                            : No active profile set, falling back to default profiles: default
2019-04-12 11:39:13.916  INFO BIL-L-AWONG2 --- [           main] h.Application                            : Started Application in 6.007 seconds (JVM running for 20.636)
2019-04-12 12:16:42.680 DEBUG BIL-L-AWONG2 --- [           main] h.Application                            : Application Started...
2019-04-12 12:16:43.810  INFO BIL-L-AWONG2 --- [           main] h.Application                            : Starting Application on BIL-L-AWONG2 with PID 1016 (C:\Users\awong\Perforce\awong_BIL-L-AWONG2_3184\Preempt\VAD\2019\NICE\server\complete\target\classes started by awong in C:\Users\awong\Perforce\awong_BIL-L-AWONG2_3184\Preempt\VAD\2019\NICE\server\complete)
2019-04-12 12:16:43.820 DEBUG BIL-L-AWONG2 --- [           main] h.Application                            : Running with Spring Boot v2.0.5.RELEASE, Spring v5.0.9.RELEASE
2019-04-12 12:16:43.821  INFO BIL-L-AWONG2 --- [           main] h.Application                            : No active profile set, falling back to default profiles: default
2019-04-12 12:16:48.356  INFO BIL-L-AWONG2 --- [           main] h.Application                            : Started Application in 5.519 seconds (JVM running for 18.378)
2019-04-12 12:44:30.595 DEBUG BIL-L-AWONG2 --- [           main] h.Application                            : Application Started...
2019-04-12 12:44:32.490  INFO BIL-L-AWONG2 --- [           main] h.Application                            : Starting Application on BIL-L-AWONG2 with PID 6664 (C:\Users\awong\Perforce\awong_BIL-L-AWONG2_3184\Preempt\VAD\2019\NICE\server\complete\target\classes started by awong in C:\Users\awong\Perforce\awong_BIL-L-AWONG2_3184\Preempt\VAD\2019\NICE\server\complete)
2019-04-12 12:44:32.494 DEBUG BIL-L-AWONG2 --- [           main] h.Application                            : Running with Spring Boot v2.0.5.RELEASE, Spring v5.0.9.RELEASE
2019-04-12 12:44:32.498  INFO BIL-L-AWONG2 --- [           main] h.Application                            : No active profile set, falling back to default profiles: default
2019-04-12 12:44:38.628  INFO BIL-L-AWONG2 --- [           main] h.Application                            : Started Application in 7.546 seconds (JVM running for 29.2)
2019-04-12 12:51:27.586 DEBUG BIL-L-AWONG2 --- [           main] h.Application                            : Application Started...
2019-04-12 12:51:29.040  INFO BIL-L-AWONG2 --- [           main] h.Application                            : Starting Application on BIL-L-AWONG2 with PID 14552 (C:\Users\awong\Perforce\awong_BIL-L-AWONG2_3184\Preempt\VAD\2019\NICE\server\complete\target\classes started by awong in C:\Users\awong\Perforce\awong_BIL-L-AWONG2_3184\Preempt\VAD\2019\NICE\server\complete)
2019-04-12 12:51:29.045 DEBUG BIL-L-AWONG2 --- [           main] h.Application                            : Running with Spring Boot v2.0.5.RELEASE, Spring v5.0.9.RELEASE
2019-04-12 12:51:29.049  INFO BIL-L-AWONG2 --- [           main] h.Application                            : No active profile set, falling back to default profiles: default
2019-04-12 12:51:35.210  INFO BIL-L-AWONG2 --- [           main] h.Application                            : Started Application in 7.482 seconds (JVM running for 27.863)
2019-04-12 13:04:11.686 DEBUG BIL-L-AWONG2 --- [           main] h.Application                            : Application Started...
2019-04-12 13:04:12.863  INFO BIL-L-AWONG2 --- [           main] h.Application                            : Starting Application on BIL-L-AWONG2 with PID 16700 (C:\Users\awong\Perforce\awong_BIL-L-AWONG2_3184\Preempt\VAD\2019\NICE\server\complete\target\classes started by awong in C:\Users\awong\Perforce\awong_BIL-L-AWONG2_3184\Preempt\VAD\2019\NICE\server\complete)
2019-04-12 13:04:12.865 DEBUG BIL-L-AWONG2 --- [           main] h.Application                            : Running with Spring Boot v2.0.5.RELEASE, Spring v5.0.9.RELEASE
2019-04-12 13:04:12.866  INFO BIL-L-AWONG2 --- [           main] h.Application                            : No active profile set, falling back to default profiles: default
2019-04-12 13:04:17.251  INFO BIL-L-AWONG2 --- [           main] h.Application                            : Started Application in 5.414 seconds (JVM running for 19.832)
2019-04-12 13:07:15.849 DEBUG BIL-L-AWONG2 --- [           main] h.Application                            : Application Started...
2019-04-12 13:07:17.228  INFO BIL-L-AWONG2 --- [           main] h.Application                            : Starting Application on BIL-L-AWONG2 with PID 21548 (C:\Users\awong\Perforce\awong_BIL-L-AWONG2_3184\Preempt\VAD\2019\NICE\server\complete\target\classes started by awong in C:\Users\awong\Perforce\awong_BIL-L-AWONG2_3184\Preempt\VAD\2019\NICE\server\complete)
2019-04-12 13:07:17.230 DEBUG BIL-L-AWONG2 --- [           main] h.Application                            : Running with Spring Boot v2.0.5.RELEASE, Spring v5.0.9.RELEASE
2019-04-12 13:07:17.231  INFO BIL-L-AWONG2 --- [           main] h.Application                            : No active profile set, falling back to default profiles: default
2019-04-12 13:07:24.621  INFO BIL-L-AWONG2 --- [           main] h.Application                            : Started Application in 8.505 seconds (JVM running for 27.81)
2019-04-12 13:10:08.268 DEBUG BIL-L-AWONG2 --- [ts State Thread] h.Application                            : sleep interrupted
2019-04-12 13:11:52.718 DEBUG BIL-L-AWONG2 --- [           main] h.Application                            : Application Started...
2019-04-12 13:11:54.140  INFO BIL-L-AWONG2 --- [           main] h.Application                            : Starting Application on BIL-L-AWONG2 with PID 15116 (C:\Users\awong\Perforce\awong_BIL-L-AWONG2_3184\Preempt\VAD\2019\NICE\server\complete\target\classes started by awong in C:\Users\awong\Perforce\awong_BIL-L-AWONG2_3184\Preempt\VAD\2019\NICE\server\complete)
2019-04-12 13:11:54.144 DEBUG BIL-L-AWONG2 --- [           main] h.Application                            : Running with Spring Boot v2.0.5.RELEASE, Spring v5.0.9.RELEASE
2019-04-12 13:11:54.148  INFO BIL-L-AWONG2 --- [           main] h.Application                            : No active profile set, falling back to default profiles: default
2019-04-12 13:11:58.387  INFO BIL-L-AWONG2 --- [           main] h.Application                            : Started Application in 5.474 seconds (JVM running for 19.216)
2019-04-12 13:21:28.263 DEBUG BIL-L-AWONG2 --- [           main] h.Application                            : Application Started...
2019-04-12 13:21:29.309  INFO BIL-L-AWONG2 --- [           main] h.Application                            : Starting Application on BIL-L-AWONG2 with PID 24148 (C:\Users\awong\Perforce\awong_BIL-L-AWONG2_3184\Preempt\VAD\2019\NICE\server\complete\target\classes started by awong in C:\Users\awong\Perforce\awong_BIL-L-AWONG2_3184\Preempt\VAD\2019\NICE\server\complete)
2019-04-12 13:21:29.311 DEBUG BIL-L-AWONG2 --- [           main] h.Application                            : Running with Spring Boot v2.0.5.RELEASE, Spring v5.0.9.RELEASE
2019-04-12 13:21:29.312  INFO BIL-L-AWONG2 --- [           main] h.Application                            : No active profile set, falling back to default profiles: default
2019-04-12 13:21:33.670  INFO BIL-L-AWONG2 --- [           main] h.Application                            : Started Application in 5.263 seconds (JVM running for 18.145)
2019-04-12 13:24:29.116 DEBUG BIL-L-AWONG2 --- [           main] h.Application                            : Application Started...
2019-04-12 13:24:30.220  INFO BIL-L-AWONG2 --- [           main] h.Application                            : Starting Application on BIL-L-AWONG2 with PID 15516 (C:\Users\awong\Perforce\awong_BIL-L-AWONG2_3184\Preempt\VAD\2019\NICE\server\complete\target\classes started by awong in C:\Users\awong\Perforce\awong_BIL-L-AWONG2_3184\Preempt\VAD\2019\NICE\server\complete)
2019-04-12 13:24:30.226 DEBUG BIL-L-AWONG2 --- [           main] h.Application                            : Running with Spring Boot v2.0.5.RELEASE, Spring v5.0.9.RELEASE
2019-04-12 13:24:30.228  INFO BIL-L-AWONG2 --- [           main] h.Application                            : No active profile set, falling back to default profiles: default
2019-04-12 13:24:34.670  INFO BIL-L-AWONG2 --- [           main] h.Application                            : Started Application in 5.378 seconds (JVM running for 21.518)
2019-04-12 13:28:11.133 DEBUG BIL-L-AWONG2 --- [           main] h.Application                            : Application Started...
2019-04-12 13:28:12.737  INFO BIL-L-AWONG2 --- [           main] h.Application                            : Starting Application on BIL-L-AWONG2 with PID 676 (C:\Users\awong\Perforce\awong_BIL-L-AWONG2_3184\Preempt\VAD\2019\NICE\server\complete\target\classes started by awong in C:\Users\awong\Perforce\awong_BIL-L-AWONG2_3184\Preempt\VAD\2019\NICE\server\complete)
2019-04-12 13:28:12.779 DEBUG BIL-L-AWONG2 --- [           main] h.Application                            : Running with Spring Boot v2.0.5.RELEASE, Spring v5.0.9.RELEASE
2019-04-12 13:28:12.799  INFO BIL-L-AWONG2 --- [           main] h.Application                            : No active profile set, falling back to default profiles: default
2019-04-12 13:28:17.483  INFO BIL-L-AWONG2 --- [           main] h.Application                            : Started Application in 6.185 seconds (JVM running for 18.777)
2019-04-12 13:29:24.535 DEBUG BIL-L-AWONG2 --- [           main] h.Application                            : Application Started...
2019-04-12 13:29:25.664  INFO BIL-L-AWONG2 --- [           main] h.Application                            : Starting Application on BIL-L-AWONG2 with PID 21700 (C:\Users\awong\Perforce\awong_BIL-L-AWONG2_3184\Preempt\VAD\2019\NICE\server\complete\target\classes started by awong in C:\Users\awong\Perforce\awong_BIL-L-AWONG2_3184\Preempt\VAD\2019\NICE\server\complete)
2019-04-12 13:29:25.671 DEBUG BIL-L-AWONG2 --- [           main] h.Application                            : Running with Spring Boot v2.0.5.RELEASE, Spring v5.0.9.RELEASE
2019-04-12 13:29:25.672  INFO BIL-L-AWONG2 --- [           main] h.Application                            : No active profile set, falling back to default profiles: default
2019-04-12 13:29:30.221  INFO BIL-L-AWONG2 --- [           main] h.Application                            : Started Application in 5.542 seconds (JVM running for 21.639)
2019-04-12 13:32:07.402 DEBUG BIL-L-AWONG2 --- [           main] h.Application                            : Application Started...
2019-04-12 13:32:09.083  INFO BIL-L-AWONG2 --- [           main] h.Application                            : Starting Application on BIL-L-AWONG2 with PID 3088 (C:\Users\awong\Perforce\awong_BIL-L-AWONG2_3184\Preempt\VAD\2019\NICE\server\complete\target\classes started by awong in C:\Users\awong\Perforce\awong_BIL-L-AWONG2_3184\Preempt\VAD\2019\NICE\server\complete)
2019-04-12 13:32:09.093 DEBUG BIL-L-AWONG2 --- [           main] h.Application                            : Running with Spring Boot v2.0.5.RELEASE, Spring v5.0.9.RELEASE
2019-04-12 13:32:09.096  INFO BIL-L-AWONG2 --- [           main] h.Application                            : No active profile set, falling back to default profiles: default
2019-04-12 13:32:16.876  INFO BIL-L-AWONG2 --- [           main] h.Application                            : Started Application in 9.187 seconds (JVM running for 29.454)
2019-04-12 13:33:58.239 DEBUG BIL-L-AWONG2 --- [           main] h.Application                            : Application Started...
2019-04-12 13:33:59.419  INFO BIL-L-AWONG2 --- [           main] h.Application                            : Starting Application on BIL-L-AWONG2 with PID 1696 (C:\Users\awong\Perforce\awong_BIL-L-AWONG2_3184\Preempt\VAD\2019\NICE\server\complete\target\classes started by awong in C:\Users\awong\Perforce\awong_BIL-L-AWONG2_3184\Preempt\VAD\2019\NICE\server\complete)
2019-04-12 13:33:59.421 DEBUG BIL-L-AWONG2 --- [           main] h.Application                            : Running with Spring Boot v2.0.5.RELEASE, Spring v5.0.9.RELEASE
2019-04-12 13:33:59.423  INFO BIL-L-AWONG2 --- [           main] h.Application                            : No active profile set, falling back to default profiles: default
2019-04-12 13:34:04.436  INFO BIL-L-AWONG2 --- [           main] h.Application                            : Started Application in 6.019 seconds (JVM running for 17.983)
2019-04-12 13:37:19.781 DEBUG BIL-L-AWONG2 --- [           main] h.Application                            : Application Started...
2019-04-12 13:37:21.958  INFO BIL-L-AWONG2 --- [           main] h.Application                            : Starting Application on BIL-L-AWONG2 with PID 18648 (C:\Users\awong\Perforce\awong_BIL-L-AWONG2_3184\Preempt\VAD\2019\NICE\server\complete\target\classes started by awong in C:\Users\awong\Perforce\awong_BIL-L-AWONG2_3184\Preempt\VAD\2019\NICE\server\complete)
2019-04-12 13:37:21.962 DEBUG BIL-L-AWONG2 --- [           main] h.Application                            : Running with Spring Boot v2.0.5.RELEASE, Spring v5.0.9.RELEASE
2019-04-12 13:37:21.973  INFO BIL-L-AWONG2 --- [           main] h.Application                            : No active profile set, falling back to default profiles: default
2019-04-12 13:37:29.111  INFO BIL-L-AWONG2 --- [           main] h.Application                            : Started Application in 9.009 seconds (JVM running for 32.224)
2019-04-12 13:41:44.003 DEBUG BIL-L-AWONG2 --- [           main] h.Application                            : Application Started...
2019-04-12 13:41:45.142  INFO BIL-L-AWONG2 --- [           main] h.Application                            : Starting Application on BIL-L-AWONG2 with PID 24432 (C:\Users\awong\Perforce\awong_BIL-L-AWONG2_3184\Preempt\VAD\2019\NICE\server\complete\target\classes started by awong in C:\Users\awong\Perforce\awong_BIL-L-AWONG2_3184\Preempt\VAD\2019\NICE\server\complete)
2019-04-12 13:41:45.148 DEBUG BIL-L-AWONG2 --- [           main] h.Application                            : Running with Spring Boot v2.0.5.RELEASE, Spring v5.0.9.RELEASE
2019-04-12 13:41:45.151  INFO BIL-L-AWONG2 --- [           main] h.Application                            : No active profile set, falling back to default profiles: default
2019-04-12 13:41:51.960  INFO BIL-L-AWONG2 --- [           main] h.Application                            : Started Application in 7.68 seconds (JVM running for 27.792)
2019-04-12 13:47:05.379 DEBUG BIL-L-AWONG2 --- [           main] h.Application                            : Application Started...
2019-04-12 13:47:06.508  INFO BIL-L-AWONG2 --- [           main] h.Application                            : Starting Application on BIL-L-AWONG2 with PID 24620 (C:\Users\awong\Perforce\awong_BIL-L-AWONG2_3184\Preempt\VAD\2019\NICE\server\complete\target\classes started by awong in C:\Users\awong\Perforce\awong_BIL-L-AWONG2_3184\Preempt\VAD\2019\NICE\server\complete)
2019-04-12 13:47:06.515 DEBUG BIL-L-AWONG2 --- [           main] h.Application                            : Running with Spring Boot v2.0.5.RELEASE, Spring v5.0.9.RELEASE
2019-04-12 13:47:06.525  INFO BIL-L-AWONG2 --- [           main] h.Application                            : No active profile set, falling back to default profiles: default
2019-04-12 13:47:14.144  INFO BIL-L-AWONG2 --- [           main] h.Application                            : Started Application in 8.617 seconds (JVM running for 28.317)
2019-04-12 13:49:34.194 DEBUG BIL-L-AWONG2 --- [           main] h.Application                            : Application Started...
2019-04-12 13:49:35.141  INFO BIL-L-AWONG2 --- [           main] h.Application                            : Starting Application on BIL-L-AWONG2 with PID 23548 (C:\Users\awong\Perforce\awong_BIL-L-AWONG2_3184\Preempt\VAD\2019\NICE\server\complete\target\classes started by awong in C:\Users\awong\Perforce\awong_BIL-L-AWONG2_3184\Preempt\VAD\2019\NICE\server\complete)
2019-04-12 13:49:35.147 DEBUG BIL-L-AWONG2 --- [           main] h.Application                            : Running with Spring Boot v2.0.5.RELEASE, Spring v5.0.9.RELEASE
2019-04-12 13:49:35.149  INFO BIL-L-AWONG2 --- [           main] h.Application                            : No active profile set, falling back to default profiles: default
2019-04-12 13:49:39.291  INFO BIL-L-AWONG2 --- [           main] h.Application                            : Started Application in 4.976 seconds (JVM running for 18.406)
2019-04-12 13:52:56.789 DEBUG BIL-L-AWONG2 --- [           main] h.Application                            : Application Started...
2019-04-12 13:52:57.852  INFO BIL-L-AWONG2 --- [           main] h.Application                            : Starting Application on BIL-L-AWONG2 with PID 11436 (C:\Users\awong\Perforce\awong_BIL-L-AWONG2_3184\Preempt\VAD\2019\NICE\server\complete\target\classes started by awong in C:\Users\awong\Perforce\awong_BIL-L-AWONG2_3184\Preempt\VAD\2019\NICE\server\complete)
2019-04-12 13:52:57.857 DEBUG BIL-L-AWONG2 --- [           main] h.Application                            : Running with Spring Boot v2.0.5.RELEASE, Spring v5.0.9.RELEASE
2019-04-12 13:52:57.861  INFO BIL-L-AWONG2 --- [           main] h.Application                            : No active profile set, falling back to default profiles: default
2019-04-12 13:53:02.005  INFO BIL-L-AWONG2 --- [           main] h.Application                            : Started Application in 5.056 seconds (JVM running for 18.377)
2019-04-12 13:59:35.364 DEBUG BIL-L-AWONG2 --- [           main] h.Application                            : Application Started...
2019-04-12 13:59:36.230  INFO BIL-L-AWONG2 --- [           main] h.Application                            : Starting Application on BIL-L-AWONG2 with PID 6112 (C:\Users\awong\Perforce\awong_BIL-L-AWONG2_3184\Preempt\VAD\2019\NICE\server\complete\target\classes started by awong in C:\Users\awong\Perforce\awong_BIL-L-AWONG2_3184\Preempt\VAD\2019\NICE\server\complete)
2019-04-12 13:59:36.231 DEBUG BIL-L-AWONG2 --- [           main] h.Application                            : Running with Spring Boot v2.0.5.RELEASE, Spring v5.0.9.RELEASE
2019-04-12 13:59:36.232  INFO BIL-L-AWONG2 --- [           main] h.Application                            : No active profile set, falling back to default profiles: default
2019-04-12 13:59:41.289  INFO BIL-L-AWONG2 --- [           main] h.Application                            : Started Application in 5.783 seconds (JVM running for 21.234)
2019-04-12 14:00:38.943 DEBUG BIL-L-AWONG2 --- [ts State Thread] h.Application                            : sleep interrupted
2019-04-12 14:02:21.924 DEBUG BIL-L-AWONG2 --- [           main] h.Application                            : Application Started...
2019-04-12 14:02:23.019  INFO BIL-L-AWONG2 --- [           main] h.Application                            : Starting Application on BIL-L-AWONG2 with PID 18144 (C:\Users\awong\Perforce\awong_BIL-L-AWONG2_3184\Preempt\VAD\2019\NICE\server\complete\target\classes started by awong in C:\Users\awong\Perforce\awong_BIL-L-AWONG2_3184\Preempt\VAD\2019\NICE\server\complete)
2019-04-12 14:02:23.026 DEBUG BIL-L-AWONG2 --- [           main] h.Application                            : Running with Spring Boot v2.0.5.RELEASE, Spring v5.0.9.RELEASE
2019-04-12 14:02:23.028  INFO BIL-L-AWONG2 --- [           main] h.Application                            : No active profile set, falling back to default profiles: default
2019-04-12 14:02:26.976  INFO BIL-L-AWONG2 --- [           main] h.Application                            : Started Application in 4.932 seconds (JVM running for 14.823)
2019-04-12 14:03:19.729 DEBUG BIL-L-AWONG2 --- [ts State Thread] h.Application                            : sleep interrupted
2019-04-12 14:05:14.964 DEBUG BIL-L-AWONG2 --- [           main] h.Application                            : Application Started...
2019-04-12 14:05:15.911  INFO BIL-L-AWONG2 --- [           main] h.Application                            : Starting Application on BIL-L-AWONG2 with PID 6132 (C:\Users\awong\Perforce\awong_BIL-L-AWONG2_3184\Preempt\VAD\2019\NICE\server\complete\target\classes started by awong in C:\Users\awong\Perforce\awong_BIL-L-AWONG2_3184\Preempt\VAD\2019\NICE\server\complete)
2019-04-12 14:05:15.912 DEBUG BIL-L-AWONG2 --- [           main] h.Application                            : Running with Spring Boot v2.0.5.RELEASE, Spring v5.0.9.RELEASE
2019-04-12 14:05:15.913  INFO BIL-L-AWONG2 --- [           main] h.Application                            : No active profile set, falling back to default profiles: default
2019-04-12 14:05:19.823  INFO BIL-L-AWONG2 --- [           main] h.Application                            : Started Application in 4.736 seconds (JVM running for 16.799)
