2019-03-28 09:53:23.550 DEBUG BIL-L-AWONG2 --- [           main] h.Application                            : Application Started...
2019-03-28 09:53:24.403  INFO BIL-L-AWONG2 --- [           main] h.Application                            : Starting Application on BIL-L-AWONG2 with PID 16900 (started by awong in C:\Users\awong\Desktop\Alex Wong\github\Simple_Spring_Boot_AngularJS_Project\server\complete)
2019-03-28 09:53:24.406 DEBUG BIL-L-AWONG2 --- [           main] h.Application                            : Running with Spring Boot v2.0.5.RELEASE, Spring v5.0.9.RELEASE
2019-03-28 09:53:24.408  INFO BIL-L-AWONG2 --- [           main] h.Application                            : No active profile set, falling back to default profiles: default
2019-03-28 09:53:29.020  INFO BIL-L-AWONG2 --- [           main] h.Application                            : Started Application in 5.299 seconds (JVM running for 17.312)
2019-03-28 09:53:29.024 DEBUG BIL-L-AWONG2 --- [           main] h.Application                            : Test Http GET request with String response...
2019-03-28 09:53:30.760 DEBUG BIL-L-AWONG2 --- [           main] h.Application                            : Test Http GET request with Json response...
2019-03-28 09:53:30.841 DEBUG BIL-L-AWONG2 --- [           main] h.Application                            : Test Websocket...
2019-03-28 11:57:52.519 DEBUG BIL-L-AWONG2 --- [           main] h.Application                            : Application Started...
2019-03-28 11:57:53.423  INFO BIL-L-AWONG2 --- [           main] h.Application                            : Starting Application on BIL-L-AWONG2 with PID 1912 (started by awong in C:\Users\awong\Desktop\Alex Wong\github\Simple_Spring_Boot_AngularJS_Project\server\complete)
2019-03-28 11:57:53.429 DEBUG BIL-L-AWONG2 --- [           main] h.Application                            : Running with Spring Boot v2.0.5.RELEASE, Spring v5.0.9.RELEASE
2019-03-28 11:57:53.430  INFO BIL-L-AWONG2 --- [           main] h.Application                            : No active profile set, falling back to default profiles: default
2019-03-28 11:57:57.476  INFO BIL-L-AWONG2 --- [           main] h.Application                            : Started Application in 4.79 seconds (JVM running for 15.514)
2019-03-28 11:57:57.485 DEBUG BIL-L-AWONG2 --- [           main] h.Application                            : Test Http GET request with String response...
2019-03-28 11:57:58.992 DEBUG BIL-L-AWONG2 --- [           main] h.Application                            : Test Http GET request with Json response...
2019-03-28 11:57:59.071 DEBUG BIL-L-AWONG2 --- [           main] h.Application                            : Test Websocket...
2019-03-28 11:59:19.086 DEBUG BIL-L-AWONG2 --- [           main] h.Application                            : Application Started...
2019-03-28 11:59:20.661  INFO BIL-L-AWONG2 --- [           main] h.Application                            : Starting Application on BIL-L-AWONG2 with PID 14848 (started by awong in C:\Users\awong\Desktop\Alex Wong\github\Simple_Spring_Boot_AngularJS_Project\server\complete)
2019-03-28 11:59:20.672 DEBUG BIL-L-AWONG2 --- [           main] h.Application                            : Running with Spring Boot v2.0.5.RELEASE, Spring v5.0.9.RELEASE
2019-03-28 11:59:20.675  INFO BIL-L-AWONG2 --- [           main] h.Application                            : No active profile set, falling back to default profiles: default
2019-03-28 11:59:24.734  INFO BIL-L-AWONG2 --- [           main] h.Application                            : Started Application in 5.521 seconds (JVM running for 13.419)
2019-03-28 11:59:24.742 DEBUG BIL-L-AWONG2 --- [           main] h.Application                            : Test Http GET request with String response...
2019-03-28 11:59:26.266 DEBUG BIL-L-AWONG2 --- [           main] h.Application                            : Test Http GET request with Json response...
2019-03-28 11:59:26.344 DEBUG BIL-L-AWONG2 --- [           main] h.Application                            : Test Websocket...
2019-03-28 12:00:06.029 DEBUG BIL-L-AWONG2 --- [           main] h.Application                            : Application Started...
2019-03-28 12:00:06.953  INFO BIL-L-AWONG2 --- [           main] h.Application                            : Starting Application on BIL-L-AWONG2 with PID 16212 (started by awong in C:\Users\awong\Desktop\Alex Wong\github\Simple_Spring_Boot_AngularJS_Project\server\complete)
2019-03-28 12:00:06.966 DEBUG BIL-L-AWONG2 --- [           main] h.Application                            : Running with Spring Boot v2.0.5.RELEASE, Spring v5.0.9.RELEASE
2019-03-28 12:00:06.970  INFO BIL-L-AWONG2 --- [           main] h.Application                            : No active profile set, falling back to default profiles: default
2019-03-28 12:00:10.752  INFO BIL-L-AWONG2 --- [           main] h.Application                            : Started Application in 4.586 seconds (JVM running for 13.438)
2019-03-28 12:00:10.760 DEBUG BIL-L-AWONG2 --- [           main] h.Application                            : Test Http GET request with String response...
2019-03-28 12:00:12.118 DEBUG BIL-L-AWONG2 --- [           main] h.Application                            : Test Http GET request with Json response...
2019-03-28 12:00:12.227 DEBUG BIL-L-AWONG2 --- [           main] h.Application                            : Test Websocket...
2019-03-28 12:00:42.451 DEBUG BIL-L-AWONG2 --- [           main] h.Application                            : Application Started...
2019-03-28 12:00:43.625  INFO BIL-L-AWONG2 --- [           main] h.Application                            : Starting Application on BIL-L-AWONG2 with PID 4128 (started by awong in C:\Users\awong\Desktop\Alex Wong\github\Simple_Spring_Boot_AngularJS_Project\server\complete)
2019-03-28 12:00:43.629 DEBUG BIL-L-AWONG2 --- [           main] h.Application                            : Running with Spring Boot v2.0.5.RELEASE, Spring v5.0.9.RELEASE
2019-03-28 12:00:43.632  INFO BIL-L-AWONG2 --- [           main] h.Application                            : No active profile set, falling back to default profiles: default
2019-03-28 12:00:46.927  INFO BIL-L-AWONG2 --- [           main] h.Application                            : Started Application in 4.351 seconds (JVM running for 12.612)
2019-03-28 12:00:46.934 DEBUG BIL-L-AWONG2 --- [           main] h.Application                            : Test Http GET request with String response...
2019-03-28 12:00:48.171 DEBUG BIL-L-AWONG2 --- [           main] h.Application                            : Test Http GET request with Json response...
2019-03-28 12:00:48.240 DEBUG BIL-L-AWONG2 --- [           main] h.Application                            : Test Websocket...
2019-03-28 12:03:10.046 DEBUG BIL-L-AWONG2 --- [           main] h.Application                            : Application Started...
2019-03-28 12:03:11.411  INFO BIL-L-AWONG2 --- [           main] h.Application                            : Starting Application on BIL-L-AWONG2 with PID 19560 (started by awong in C:\Users\awong\Desktop\Alex Wong\github\Simple_Spring_Boot_AngularJS_Project\server\complete)
2019-03-28 12:03:11.421 DEBUG BIL-L-AWONG2 --- [           main] h.Application                            : Running with Spring Boot v2.0.5.RELEASE, Spring v5.0.9.RELEASE
2019-03-28 12:03:11.430  INFO BIL-L-AWONG2 --- [           main] h.Application                            : No active profile set, falling back to default profiles: default
2019-03-28 12:03:14.940  INFO BIL-L-AWONG2 --- [           main] h.Application                            : Started Application in 4.513 seconds (JVM running for 12.782)
2019-03-28 12:03:14.946 DEBUG BIL-L-AWONG2 --- [           main] h.Application                            : Test Http GET request with String response...
2019-03-28 12:03:16.277 DEBUG BIL-L-AWONG2 --- [           main] h.Application                            : Test Http GET request with Json response...
2019-03-28 12:03:16.365 DEBUG BIL-L-AWONG2 --- [           main] h.Application                            : Test Websocket...
2019-03-28 12:03:48.165 DEBUG BIL-L-AWONG2 --- [           main] h.Application                            : Application Started...
2019-03-28 12:03:49.353  INFO BIL-L-AWONG2 --- [           main] h.Application                            : Starting Application on BIL-L-AWONG2 with PID 19240 (started by awong in C:\Users\awong\Desktop\Alex Wong\github\Simple_Spring_Boot_AngularJS_Project\server\complete)
2019-03-28 12:03:49.358 DEBUG BIL-L-AWONG2 --- [           main] h.Application                            : Running with Spring Boot v2.0.5.RELEASE, Spring v5.0.9.RELEASE
2019-03-28 12:03:49.361  INFO BIL-L-AWONG2 --- [           main] h.Application                            : No active profile set, falling back to default profiles: default
2019-03-28 12:03:53.672  INFO BIL-L-AWONG2 --- [           main] h.Application                            : Started Application in 5.282 seconds (JVM running for 14.199)
2019-03-28 12:03:53.679 DEBUG BIL-L-AWONG2 --- [           main] h.Application                            : Test Http GET request with String response...
2019-03-28 12:03:55.035 DEBUG BIL-L-AWONG2 --- [           main] h.Application                            : Test Http GET request with Json response...
2019-03-28 12:03:55.110 DEBUG BIL-L-AWONG2 --- [           main] h.Application                            : Test Websocket...
2019-03-28 12:04:40.362 DEBUG BIL-L-AWONG2 --- [           main] h.Application                            : Application Started...
2019-03-28 12:04:41.512  INFO BIL-L-AWONG2 --- [           main] h.Application                            : Starting Application on BIL-L-AWONG2 with PID 22288 (started by awong in C:\Users\awong\Desktop\Alex Wong\github\Simple_Spring_Boot_AngularJS_Project\server\complete)
2019-03-28 12:04:41.521 DEBUG BIL-L-AWONG2 --- [           main] h.Application                            : Running with Spring Boot v2.0.5.RELEASE, Spring v5.0.9.RELEASE
2019-03-28 12:04:41.523  INFO BIL-L-AWONG2 --- [           main] h.Application                            : No active profile set, falling back to default profiles: default
2019-03-28 12:04:45.926  INFO BIL-L-AWONG2 --- [           main] h.Application                            : Started Application in 5.396 seconds (JVM running for 15.606)
2019-03-28 12:04:45.936 DEBUG BIL-L-AWONG2 --- [           main] h.Application                            : Test Http GET request with String response...
2019-03-28 12:04:47.135 DEBUG BIL-L-AWONG2 --- [           main] h.Application                            : Test Http GET request with Json response...
2019-03-28 12:04:47.210 DEBUG BIL-L-AWONG2 --- [           main] h.Application                            : Test Websocket...
2019-03-28 12:59:15.273 DEBUG BIL-L-AWONG2 --- [           main] h.Application                            : Application Started...
2019-03-28 12:59:16.706  INFO BIL-L-AWONG2 --- [           main] h.Application                            : Starting Application on BIL-L-AWONG2 with PID 15592 (started by awong in C:\Users\awong\Desktop\Alex Wong\github\Simple_Spring_Boot_AngularJS_Project\server\complete)
2019-03-28 12:59:16.721 DEBUG BIL-L-AWONG2 --- [           main] h.Application                            : Running with Spring Boot v2.0.5.RELEASE, Spring v5.0.9.RELEASE
2019-03-28 12:59:16.721  INFO BIL-L-AWONG2 --- [           main] h.Application                            : No active profile set, falling back to default profiles: default
2019-03-28 12:59:20.343  INFO BIL-L-AWONG2 --- [           main] h.Application                            : Started Application in 4.903 seconds (JVM running for 14.258)
2019-03-28 12:59:20.343 DEBUG BIL-L-AWONG2 --- [           main] h.Application                            : Test Http GET request with String response...
2019-03-28 12:59:21.558 DEBUG BIL-L-AWONG2 --- [           main] h.Application                            : Test Http GET request with Json response...
2019-03-28 12:59:21.636 DEBUG BIL-L-AWONG2 --- [           main] h.Application                            : Test Websocket...
2019-03-28 12:59:25.705 DEBUG BIL-L-AWONG2 --- [           main] h.Application                            : Test JSON deserialize....
2019-03-28 13:13:00.656 DEBUG BIL-L-AWONG2 --- [           main] h.Application                            : Application Started...
2019-03-28 13:13:01.967  INFO BIL-L-AWONG2 --- [           main] h.Application                            : Starting Application on BIL-L-AWONG2 with PID 21596 (started by awong in C:\Users\awong\Desktop\Alex Wong\github\Simple_Spring_Boot_AngularJS_Project\server\complete)
2019-03-28 13:13:01.983 DEBUG BIL-L-AWONG2 --- [           main] h.Application                            : Running with Spring Boot v2.0.5.RELEASE, Spring v5.0.9.RELEASE
2019-03-28 13:13:01.983  INFO BIL-L-AWONG2 --- [           main] h.Application                            : No active profile set, falling back to default profiles: default
2019-03-28 13:13:05.397  INFO BIL-L-AWONG2 --- [           main] h.Application                            : Started Application in 4.6 seconds (JVM running for 12.675)
2019-03-28 13:13:05.397 DEBUG BIL-L-AWONG2 --- [           main] h.Application                            : Test Http GET request with String response...
2019-03-28 13:13:06.507 DEBUG BIL-L-AWONG2 --- [           main] h.Application                            : Test Http GET request with Json response...
2019-03-28 13:13:06.601 DEBUG BIL-L-AWONG2 --- [           main] h.Application                            : Test Websocket...
2019-03-28 13:13:10.667 DEBUG BIL-L-AWONG2 --- [           main] h.Application                            : Test JSON deserialize....
2019-03-28 13:14:30.023 DEBUG BIL-L-AWONG2 --- [           main] h.Application                            : Application Started...
2019-03-28 13:14:31.284  INFO BIL-L-AWONG2 --- [           main] h.Application                            : Starting Application on BIL-L-AWONG2 with PID 6952 (started by awong in C:\Users\awong\Desktop\Alex Wong\github\Simple_Spring_Boot_AngularJS_Project\server\complete)
2019-03-28 13:14:31.316 DEBUG BIL-L-AWONG2 --- [           main] h.Application                            : Running with Spring Boot v2.0.5.RELEASE, Spring v5.0.9.RELEASE
2019-03-28 13:14:31.328  INFO BIL-L-AWONG2 --- [           main] h.Application                            : No active profile set, falling back to default profiles: default
2019-03-28 13:14:34.825  INFO BIL-L-AWONG2 --- [           main] h.Application                            : Started Application in 4.634 seconds (JVM running for 12.266)
2019-03-28 13:14:34.841 DEBUG BIL-L-AWONG2 --- [           main] h.Application                            : Test Http GET request with String response...
2019-03-28 13:14:36.047 DEBUG BIL-L-AWONG2 --- [           main] h.Application                            : Test Http GET request with Json response...
2019-03-28 13:14:36.157 DEBUG BIL-L-AWONG2 --- [           main] h.Application                            : Test Websocket...
2019-03-28 13:14:40.223 DEBUG BIL-L-AWONG2 --- [           main] h.Application                            : Test JSON deserialize....
2019-03-28 13:14:40.410 DEBUG BIL-L-AWONG2 --- [           main] h.Application                            : Test Http JSON deserialize....
2019-03-28 13:16:20.984 DEBUG BIL-L-AWONG2 --- [           main] h.Application                            : Application Started...
2019-03-28 13:16:22.369  INFO BIL-L-AWONG2 --- [           main] h.Application                            : Starting Application on BIL-L-AWONG2 with PID 11484 (started by awong in C:\Users\awong\Desktop\Alex Wong\github\Simple_Spring_Boot_AngularJS_Project\server\complete)
2019-03-28 13:16:22.396 DEBUG BIL-L-AWONG2 --- [           main] h.Application                            : Running with Spring Boot v2.0.5.RELEASE, Spring v5.0.9.RELEASE
2019-03-28 13:16:22.404  INFO BIL-L-AWONG2 --- [           main] h.Application                            : No active profile set, falling back to default profiles: default
2019-03-28 13:16:25.847  INFO BIL-L-AWONG2 --- [           main] h.Application                            : Started Application in 4.711 seconds (JVM running for 12.463)
2019-03-28 13:16:25.863 DEBUG BIL-L-AWONG2 --- [           main] h.Application                            : Test Http GET request with String response...
2019-03-28 13:16:27.059 DEBUG BIL-L-AWONG2 --- [           main] h.Application                            : Test Http GET request with Json response...
2019-03-28 13:16:27.154 DEBUG BIL-L-AWONG2 --- [           main] h.Application                            : Test Websocket...
2019-03-28 13:16:31.220 DEBUG BIL-L-AWONG2 --- [           main] h.Application                            : Test JSON deserialize....
2019-03-28 13:16:31.417 DEBUG BIL-L-AWONG2 --- [           main] h.Application                            : Test Http JSON deserialize....
2019-03-28 13:22:53.117 DEBUG BIL-L-AWONG2 --- [           main] h.Application                            : Application Started...
2019-03-28 13:22:53.981  INFO BIL-L-AWONG2 --- [           main] h.Application                            : Starting Application on BIL-L-AWONG2 with PID 12524 (started by awong in C:\Users\awong\Desktop\Alex Wong\github\Simple_Spring_Boot_AngularJS_Project\server\complete)
2019-03-28 13:22:53.988 DEBUG BIL-L-AWONG2 --- [           main] h.Application                            : Running with Spring Boot v2.0.5.RELEASE, Spring v5.0.9.RELEASE
2019-03-28 13:22:53.994  INFO BIL-L-AWONG2 --- [           main] h.Application                            : No active profile set, falling back to default profiles: default
2019-03-28 13:22:58.762  INFO BIL-L-AWONG2 --- [           main] h.Application                            : Started Application in 5.439 seconds (JVM running for 17.132)
2019-03-28 13:22:58.768 DEBUG BIL-L-AWONG2 --- [           main] h.Application                            : Test Http GET request with String response...
2019-03-28 13:23:00.556 DEBUG BIL-L-AWONG2 --- [           main] h.Application                            : Test Http GET request with Json response...
2019-03-28 13:23:00.664 DEBUG BIL-L-AWONG2 --- [           main] h.Application                            : Test Websocket...
2019-03-28 13:23:04.728 DEBUG BIL-L-AWONG2 --- [           main] h.Application                            : Test JSON deserialize....
2019-03-28 13:23:05.022 DEBUG BIL-L-AWONG2 --- [           main] h.Application                            : Test Http JSON deserialize....
2019-03-28 13:23:41.562 DEBUG BIL-L-AWONG2 --- [           main] h.Application                            : Application Started...
2019-03-28 13:23:42.871  INFO BIL-L-AWONG2 --- [           main] h.Application                            : Starting Application on BIL-L-AWONG2 with PID 17100 (started by awong in C:\Users\awong\Desktop\Alex Wong\github\Simple_Spring_Boot_AngularJS_Project\server\complete)
2019-03-28 13:23:42.932 DEBUG BIL-L-AWONG2 --- [           main] h.Application                            : Running with Spring Boot v2.0.5.RELEASE, Spring v5.0.9.RELEASE
2019-03-28 13:23:42.943  INFO BIL-L-AWONG2 --- [           main] h.Application                            : No active profile set, falling back to default profiles: default
2019-03-28 13:23:47.010  INFO BIL-L-AWONG2 --- [           main] h.Application                            : Started Application in 5.243 seconds (JVM running for 15.82)
2019-03-28 13:23:47.014 DEBUG BIL-L-AWONG2 --- [           main] h.Application                            : Test Http GET request with String response...
2019-03-28 13:23:48.356 DEBUG BIL-L-AWONG2 --- [           main] h.Application                            : Test Http GET request with Json response...
2019-03-28 13:23:48.463 DEBUG BIL-L-AWONG2 --- [           main] h.Application                            : Test Websocket...
2019-03-28 13:23:52.587 DEBUG BIL-L-AWONG2 --- [           main] h.Application                            : Test JSON deserialize....
2019-03-28 13:23:52.809 DEBUG BIL-L-AWONG2 --- [           main] h.Application                            : Test Http JSON deserialize....
2019-03-28 13:27:47.458 DEBUG BIL-L-AWONG2 --- [           main] h.Application                            : Application Started...
2019-03-28 13:27:48.929  INFO BIL-L-AWONG2 --- [           main] h.Application                            : Starting Application on BIL-L-AWONG2 with PID 21132 (started by awong in C:\Users\awong\Desktop\Alex Wong\github\Simple_Spring_Boot_AngularJS_Project\server\complete)
2019-03-28 13:27:48.943 DEBUG BIL-L-AWONG2 --- [           main] h.Application                            : Running with Spring Boot v2.0.5.RELEASE, Spring v5.0.9.RELEASE
2019-03-28 13:27:48.948  INFO BIL-L-AWONG2 --- [           main] h.Application                            : No active profile set, falling back to default profiles: default
2019-03-28 13:27:52.726  INFO BIL-L-AWONG2 --- [           main] h.Application                            : Started Application in 4.855 seconds (JVM running for 13.07)
2019-03-28 13:27:52.742 DEBUG BIL-L-AWONG2 --- [           main] h.Application                            : Test Http GET request with String response...
2019-03-28 13:27:53.959 DEBUG BIL-L-AWONG2 --- [           main] h.Application                            : Test Http GET request with Json response...
2019-03-28 13:27:54.154 DEBUG BIL-L-AWONG2 --- [           main] h.Application                            : Test Websocket...
2019-03-28 13:27:58.203 DEBUG BIL-L-AWONG2 --- [           main] h.Application                            : Test JSON deserialize....
2019-03-28 13:27:58.527 DEBUG BIL-L-AWONG2 --- [           main] h.Application                            : Test Http JSON deserialize....
2019-03-28 13:28:56.201 DEBUG BIL-L-AWONG2 --- [           main] h.Application                            : Application Started...
2019-03-28 13:28:57.384  INFO BIL-L-AWONG2 --- [           main] h.Application                            : Starting Application on BIL-L-AWONG2 with PID 20332 (started by awong in C:\Users\awong\Desktop\Alex Wong\github\Simple_Spring_Boot_AngularJS_Project\server\complete)
2019-03-28 13:28:57.401 DEBUG BIL-L-AWONG2 --- [           main] h.Application                            : Running with Spring Boot v2.0.5.RELEASE, Spring v5.0.9.RELEASE
2019-03-28 13:28:57.403  INFO BIL-L-AWONG2 --- [           main] h.Application                            : No active profile set, falling back to default profiles: default
2019-03-28 13:29:01.406  INFO BIL-L-AWONG2 --- [           main] h.Application                            : Started Application in 5.036 seconds (JVM running for 13.371)
2019-03-28 13:29:01.422 DEBUG BIL-L-AWONG2 --- [           main] h.Application                            : Test Http GET request with String response...
2019-03-28 13:29:02.909 DEBUG BIL-L-AWONG2 --- [           main] h.Application                            : Test Http GET request with Json response...
2019-03-28 13:29:03.005 DEBUG BIL-L-AWONG2 --- [           main] h.Application                            : Test Websocket...
2019-03-28 13:29:07.119 DEBUG BIL-L-AWONG2 --- [           main] h.Application                            : Test JSON deserialize....
2019-03-28 13:29:07.466 DEBUG BIL-L-AWONG2 --- [           main] h.Application                            : Test Http JSON deserialize....
2019-03-28 13:29:50.751 DEBUG BIL-L-AWONG2 --- [           main] h.Application                            : Application Started...
2019-03-28 13:29:51.950  INFO BIL-L-AWONG2 --- [           main] h.Application                            : Starting Application on BIL-L-AWONG2 with PID 18264 (started by awong in C:\Users\awong\Desktop\Alex Wong\github\Simple_Spring_Boot_AngularJS_Project\server\complete)
2019-03-28 13:29:52.016 DEBUG BIL-L-AWONG2 --- [           main] h.Application                            : Running with Spring Boot v2.0.5.RELEASE, Spring v5.0.9.RELEASE
2019-03-28 13:29:52.023  INFO BIL-L-AWONG2 --- [           main] h.Application                            : No active profile set, falling back to default profiles: default
2019-03-28 13:29:58.444  INFO BIL-L-AWONG2 --- [           main] h.Application                            : Started Application in 7.471 seconds (JVM running for 37.458)
2019-03-28 13:29:58.470 DEBUG BIL-L-AWONG2 --- [           main] h.Application                            : Test Http GET request with String response...
2019-03-28 13:30:00.982 DEBUG BIL-L-AWONG2 --- [           main] h.Application                            : Test Http GET request with Json response...
2019-03-28 13:30:01.116 DEBUG BIL-L-AWONG2 --- [           main] h.Application                            : Test Websocket...
2019-03-28 13:30:05.196 DEBUG BIL-L-AWONG2 --- [           main] h.Application                            : Test JSON deserialize....
2019-03-28 13:30:05.533 DEBUG BIL-L-AWONG2 --- [           main] h.Application                            : Test Http JSON deserialize....
2019-03-28 13:30:32.892 DEBUG BIL-L-AWONG2 --- [           main] h.Application                            : Application Started...
2019-03-28 13:30:33.818  INFO BIL-L-AWONG2 --- [           main] h.Application                            : Starting Application on BIL-L-AWONG2 with PID 19120 (started by awong in C:\Users\awong\Desktop\Alex Wong\github\Simple_Spring_Boot_AngularJS_Project\server\complete)
2019-03-28 13:30:33.833 DEBUG BIL-L-AWONG2 --- [           main] h.Application                            : Running with Spring Boot v2.0.5.RELEASE, Spring v5.0.9.RELEASE
2019-03-28 13:30:33.833  INFO BIL-L-AWONG2 --- [           main] h.Application                            : No active profile set, falling back to default profiles: default
2019-03-28 13:30:37.629  INFO BIL-L-AWONG2 --- [           main] h.Application                            : Started Application in 4.585 seconds (JVM running for 14.162)
2019-03-28 13:30:37.645 DEBUG BIL-L-AWONG2 --- [           main] h.Application                            : Test Http GET request with String response...
2019-03-28 13:30:39.016 DEBUG BIL-L-AWONG2 --- [           main] h.Application                            : Test Http GET request with Json response...
2019-03-28 13:30:39.108 DEBUG BIL-L-AWONG2 --- [           main] h.Application                            : Test Websocket...
2019-03-28 13:30:43.156 DEBUG BIL-L-AWONG2 --- [           main] h.Application                            : Test JSON deserialize....
2019-03-28 13:30:43.361 DEBUG BIL-L-AWONG2 --- [           main] h.Application                            : Test Http JSON deserialize....
2019-03-28 13:31:21.309 DEBUG BIL-L-AWONG2 --- [           main] h.Application                            : Application Started...
2019-03-28 13:31:22.489  INFO BIL-L-AWONG2 --- [           main] h.Application                            : Starting Application on BIL-L-AWONG2 with PID 17276 (started by awong in C:\Users\awong\Desktop\Alex Wong\github\Simple_Spring_Boot_AngularJS_Project\server\complete)
2019-03-28 13:31:22.510 DEBUG BIL-L-AWONG2 --- [           main] h.Application                            : Running with Spring Boot v2.0.5.RELEASE, Spring v5.0.9.RELEASE
2019-03-28 13:31:22.525  INFO BIL-L-AWONG2 --- [           main] h.Application                            : No active profile set, falling back to default profiles: default
2019-03-28 13:31:29.504  INFO BIL-L-AWONG2 --- [           main] h.Application                            : Started Application in 7.973 seconds (JVM running for 18.319)
2019-03-28 13:31:29.511 DEBUG BIL-L-AWONG2 --- [           main] h.Application                            : Test Http GET request with String response...
2019-03-28 13:31:31.384 DEBUG BIL-L-AWONG2 --- [           main] h.Application                            : Test Http GET request with Json response...
2019-03-28 13:31:31.490 DEBUG BIL-L-AWONG2 --- [           main] h.Application                            : Test Websocket...
2019-03-28 13:31:35.552 DEBUG BIL-L-AWONG2 --- [           main] h.Application                            : Test JSON deserialize....
2019-03-28 13:31:36.063 DEBUG BIL-L-AWONG2 --- [           main] h.Application                            : Test Http JSON deserialize....
2019-03-28 13:32:27.476 DEBUG BIL-L-AWONG2 --- [           main] h.Application                            : Application Started...
2019-03-28 13:32:28.408  INFO BIL-L-AWONG2 --- [           main] h.Application                            : Starting Application on BIL-L-AWONG2 with PID 20308 (started by awong in C:\Users\awong\Desktop\Alex Wong\github\Simple_Spring_Boot_AngularJS_Project\server\complete)
2019-03-28 13:32:28.420 DEBUG BIL-L-AWONG2 --- [           main] h.Application                            : Running with Spring Boot v2.0.5.RELEASE, Spring v5.0.9.RELEASE
2019-03-28 13:32:28.423  INFO BIL-L-AWONG2 --- [           main] h.Application                            : No active profile set, falling back to default profiles: default
2019-03-28 13:32:35.186  INFO BIL-L-AWONG2 --- [           main] h.Application                            : Started Application in 7.52 seconds (JVM running for 21.423)
2019-03-28 13:32:35.238 DEBUG BIL-L-AWONG2 --- [           main] h.Application                            : Test Http GET request with String response...
2019-03-28 13:32:36.995 DEBUG BIL-L-AWONG2 --- [           main] h.Application                            : Test Http GET request with Json response...
2019-03-28 13:32:37.082 DEBUG BIL-L-AWONG2 --- [           main] h.Application                            : Test Websocket...
2019-03-28 13:32:41.141 DEBUG BIL-L-AWONG2 --- [           main] h.Application                            : Test JSON deserialize....
2019-03-28 13:32:41.520 DEBUG BIL-L-AWONG2 --- [           main] h.Application                            : Test Http JSON deserialize....
2019-03-28 13:33:44.097 DEBUG BIL-L-AWONG2 --- [           main] h.Application                            : Application Started...
2019-03-28 13:33:45.331  INFO BIL-L-AWONG2 --- [           main] h.Application                            : Starting Application on BIL-L-AWONG2 with PID 9196 (started by awong in C:\Users\awong\Desktop\Alex Wong\github\Simple_Spring_Boot_AngularJS_Project\server\complete)
2019-03-28 13:33:45.344 DEBUG BIL-L-AWONG2 --- [           main] h.Application                            : Running with Spring Boot v2.0.5.RELEASE, Spring v5.0.9.RELEASE
2019-03-28 13:33:45.347  INFO BIL-L-AWONG2 --- [           main] h.Application                            : No active profile set, falling back to default profiles: default
2019-03-28 13:33:49.340  INFO BIL-L-AWONG2 --- [           main] h.Application                            : Started Application in 5.048 seconds (JVM running for 18.714)
2019-03-28 13:33:49.359 DEBUG BIL-L-AWONG2 --- [           main] h.Application                            : Test Http GET request with String response...
2019-03-28 13:33:50.727 DEBUG BIL-L-AWONG2 --- [           main] h.Application                            : Test Http GET request with Json response...
2019-03-28 13:33:50.820 DEBUG BIL-L-AWONG2 --- [           main] h.Application                            : Test Websocket...
2019-03-28 13:33:54.867 DEBUG BIL-L-AWONG2 --- [           main] h.Application                            : Test JSON deserialize....
2019-03-28 13:33:55.114 DEBUG BIL-L-AWONG2 --- [           main] h.Application                            : Test Http JSON deserialize....
2019-03-28 13:35:02.076 DEBUG BIL-L-AWONG2 --- [           main] h.Application                            : Application Started...
2019-03-28 13:35:02.807  INFO BIL-L-AWONG2 --- [           main] h.Application                            : Starting Application on BIL-L-AWONG2 with PID 20864 (started by awong in C:\Users\awong\Desktop\Alex Wong\github\Simple_Spring_Boot_AngularJS_Project\server\complete)
2019-03-28 13:35:02.821 DEBUG BIL-L-AWONG2 --- [           main] h.Application                            : Running with Spring Boot v2.0.5.RELEASE, Spring v5.0.9.RELEASE
2019-03-28 13:35:02.831  INFO BIL-L-AWONG2 --- [           main] h.Application                            : No active profile set, falling back to default profiles: default
2019-03-28 13:35:06.945  INFO BIL-L-AWONG2 --- [           main] h.Application                            : Started Application in 4.733 seconds (JVM running for 14.048)
2019-03-28 13:35:06.952 DEBUG BIL-L-AWONG2 --- [           main] h.Application                            : Test Http GET request with String response...
2019-03-28 13:35:08.272 DEBUG BIL-L-AWONG2 --- [           main] h.Application                            : Test Http GET request with Json response...
2019-03-28 13:35:08.382 DEBUG BIL-L-AWONG2 --- [           main] h.Application                            : Test Websocket...
2019-03-28 13:35:12.426 DEBUG BIL-L-AWONG2 --- [           main] h.Application                            : Test JSON deserialize....
2019-03-28 13:35:12.674 DEBUG BIL-L-AWONG2 --- [           main] h.Application                            : Test Http JSON deserialize....
2019-03-28 13:44:08.082 DEBUG BIL-L-AWONG2 --- [           main] h.Application                            : Application Started...
2019-03-28 13:44:09.226  INFO BIL-L-AWONG2 --- [           main] h.Application                            : Starting Application on BIL-L-AWONG2 with PID 15612 (started by awong in C:\Users\awong\Desktop\Alex Wong\github\Simple_Spring_Boot_AngularJS_Project\server\complete)
2019-03-28 13:44:09.241 DEBUG BIL-L-AWONG2 --- [           main] h.Application                            : Running with Spring Boot v2.0.5.RELEASE, Spring v5.0.9.RELEASE
2019-03-28 13:44:09.264  INFO BIL-L-AWONG2 --- [           main] h.Application                            : No active profile set, falling back to default profiles: default
2019-03-28 13:44:13.535  INFO BIL-L-AWONG2 --- [           main] h.Application                            : Started Application in 5.267 seconds (JVM running for 16.507)
2019-03-28 13:44:13.549 DEBUG BIL-L-AWONG2 --- [           main] h.Application                            : Test Http GET request with String response...
2019-03-28 13:44:14.839 DEBUG BIL-L-AWONG2 --- [           main] h.Application                            : Test Http GET request with Json response...
2019-03-28 13:44:14.955 DEBUG BIL-L-AWONG2 --- [           main] h.Application                            : Test Websocket...
2019-03-28 13:44:19.015 DEBUG BIL-L-AWONG2 --- [           main] h.Application                            : Test JSON deserialize....
2019-03-28 13:44:19.246 DEBUG BIL-L-AWONG2 --- [           main] h.Application                            : Test Http JSON deserialize....
2019-03-28 13:44:19.313 DEBUG BIL-L-AWONG2 --- [           main] h.Application                            : Test Http POST JSON ....
2019-03-28 13:45:15.859 DEBUG BIL-L-AWONG2 --- [           main] h.Application                            : Application Started...
2019-03-28 13:45:17.050  INFO BIL-L-AWONG2 --- [           main] h.Application                            : Starting Application on BIL-L-AWONG2 with PID 2704 (started by awong in C:\Users\awong\Desktop\Alex Wong\github\Simple_Spring_Boot_AngularJS_Project\server\complete)
2019-03-28 13:45:17.082 DEBUG BIL-L-AWONG2 --- [           main] h.Application                            : Running with Spring Boot v2.0.5.RELEASE, Spring v5.0.9.RELEASE
2019-03-28 13:45:17.088  INFO BIL-L-AWONG2 --- [           main] h.Application                            : No active profile set, falling back to default profiles: default
2019-03-28 13:45:22.638  INFO BIL-L-AWONG2 --- [           main] h.Application                            : Started Application in 6.615 seconds (JVM running for 19.308)
2019-03-28 13:45:22.654 DEBUG BIL-L-AWONG2 --- [           main] h.Application                            : Test Http GET request with String response...
2019-03-28 13:45:24.020 DEBUG BIL-L-AWONG2 --- [           main] h.Application                            : Test Http GET request with Json response...
2019-03-28 13:45:24.114 DEBUG BIL-L-AWONG2 --- [           main] h.Application                            : Test Websocket...
2019-03-28 13:45:28.163 DEBUG BIL-L-AWONG2 --- [           main] h.Application                            : Test JSON deserialize....
2019-03-28 13:45:28.521 DEBUG BIL-L-AWONG2 --- [           main] h.Application                            : Test Http JSON deserialize....
2019-03-28 13:45:28.614 DEBUG BIL-L-AWONG2 --- [           main] h.Application                            : Test Http POST JSON ....
2019-03-28 13:48:22.317 DEBUG BIL-L-AWONG2 --- [           main] h.Application                            : Application Started...
2019-03-28 13:48:23.488  INFO BIL-L-AWONG2 --- [           main] h.Application                            : Starting Application on BIL-L-AWONG2 with PID 628 (started by awong in C:\Users\awong\Desktop\Alex Wong\github\Simple_Spring_Boot_AngularJS_Project\server\complete)
2019-03-28 13:48:23.500 DEBUG BIL-L-AWONG2 --- [           main] h.Application                            : Running with Spring Boot v2.0.5.RELEASE, Spring v5.0.9.RELEASE
2019-03-28 13:48:23.510  INFO BIL-L-AWONG2 --- [           main] h.Application                            : No active profile set, falling back to default profiles: default
2019-03-28 13:48:27.651  INFO BIL-L-AWONG2 --- [           main] h.Application                            : Started Application in 5.096 seconds (JVM running for 14.319)
2019-03-28 13:48:27.657 DEBUG BIL-L-AWONG2 --- [           main] h.Application                            : Test Http GET request with String response...
2019-03-28 13:48:29.089 DEBUG BIL-L-AWONG2 --- [           main] h.Application                            : Test Http GET request with Json response...
2019-03-28 13:48:29.173 DEBUG BIL-L-AWONG2 --- [           main] h.Application                            : Test Websocket...
2019-03-28 13:48:33.233 DEBUG BIL-L-AWONG2 --- [           main] h.Application                            : Test JSON deserialize....
2019-03-28 13:48:33.454 DEBUG BIL-L-AWONG2 --- [           main] h.Application                            : Test Http JSON deserialize....
2019-03-28 13:48:33.519 DEBUG BIL-L-AWONG2 --- [           main] h.Application                            : Test Http POST JSON ....
2019-03-28 13:50:37.134 DEBUG BIL-L-AWONG2 --- [           main] h.Application                            : Application Started...
2019-03-28 13:50:38.463  INFO BIL-L-AWONG2 --- [           main] h.Application                            : Starting Application on BIL-L-AWONG2 with PID 15336 (started by awong in C:\Users\awong\Desktop\Alex Wong\github\Simple_Spring_Boot_AngularJS_Project\server\complete)
2019-03-28 13:50:38.491 DEBUG BIL-L-AWONG2 --- [           main] h.Application                            : Running with Spring Boot v2.0.5.RELEASE, Spring v5.0.9.RELEASE
2019-03-28 13:50:38.503  INFO BIL-L-AWONG2 --- [           main] h.Application                            : No active profile set, falling back to default profiles: default
2019-03-28 13:50:42.989  INFO BIL-L-AWONG2 --- [           main] h.Application                            : Started Application in 5.674 seconds (JVM running for 15.463)
2019-03-28 13:50:43.003 DEBUG BIL-L-AWONG2 --- [           main] h.Application                            : Test Http GET request with String response...
2019-03-28 13:50:44.578 DEBUG BIL-L-AWONG2 --- [           main] h.Application                            : Test Http GET request with Json response...
2019-03-28 13:50:44.742 DEBUG BIL-L-AWONG2 --- [           main] h.Application                            : Test Websocket...
2019-03-28 13:50:48.800 DEBUG BIL-L-AWONG2 --- [           main] h.Application                            : Test JSON deserialize....
2019-03-28 13:50:49.019 DEBUG BIL-L-AWONG2 --- [           main] h.Application                            : Test Http JSON deserialize....
2019-03-28 13:50:49.117 DEBUG BIL-L-AWONG2 --- [           main] h.Application                            : Test Http POST JSON ....
