2019-04-15 10:49:46.662  INFO BIL-L-AWONG2 --- [           main] ConfigServletWebServerApplicationContext : Refreshing org.springframework.boot.web.servlet.context.AnnotationConfigServletWebServerApplicationContext@53cb3fce: startup date [Mon Apr 15 10:49:46 EDT 2019]; root of context hierarchy
2019-04-15 10:49:50.294  INFO BIL-L-AWONG2 --- [           main] o.s.b.w.e.t.TomcatWebServer              : Tomcat initialized with port(s): 8080 (http)
2019-04-15 10:49:50.361  INFO BIL-L-AWONG2 --- [           main] o.a.c.h.Http11NioProtocol                : Initializing ProtocolHandler ["http-nio-8080"]
2019-04-15 10:49:50.384  INFO BIL-L-AWONG2 --- [           main] o.a.c.c.StandardService                  : Starting service [Tomcat]
2019-04-15 10:49:50.387  INFO BIL-L-AWONG2 --- [           main] o.a.c.c.StandardEngine                   : Starting Servlet Engine: Apache Tomcat/8.5.34
2019-04-15 10:49:50.426  INFO BIL-L-AWONG2 --- [ost-startStop-1] o.a.c.c.AprLifecycleListener             : The APR based Apache Tomcat Native library which allows optimal performance in production environments was not found on the java.library.path: [C:\Program Files\Java\jdk1.8.0_201\bin;C:\Windows\Sun\Java\bin;C:\Windows\system32;C:\Windows;C:\Program Files (x86)\Common Files\Oracle\Java\javapath;C:\Program Files (x86)\RSA SecurID Token Common;C:\Program Files\RSA SecurID Token Common;C:\Windows\system32;C:\Windows;C:\Windows\System32\Wbem;C:\Windows\System32\WindowsPowerShell\v1.0\;C:\Windows\System32\OpenSSH\;C:\Program Files (x86)\CheckPoint\Endpoint Security\Endpoint Common\bin;C:\Program Files\nodejs\;C:\Program Files\Perforce\;C:\Program Files\Java\jdk1.8.0_201\bin;C:\Program Files\Git\cmd;C:\Program Files\Intel\WiFi\bin\;C:\Program Files\Common Files\Intel\WirelessCommon\;C:\Users\awong\AppData\Local\Microsoft\WindowsApps;C:\Users\awong\AppData\Local\Programs\Microsoft VS Code\bin;C:\Users\awong\AppData\Roaming\npm;C:\Program Files\apache-maven-3.6.0-bin\apache-maven-3.6.0\bin;;C:\Users\awong\AppData\Local\Programs\Fiddler;C:\Program Files\Intel\WiFi\bin\;C:\Program Files\Common Files\Intel\WirelessCommon\;.]
2019-04-15 10:49:50.671  INFO BIL-L-AWONG2 --- [ost-startStop-1] o.a.c.c.C.[.[.[/]                        : Initializing Spring embedded WebApplicationContext
2019-04-15 10:49:50.680  INFO BIL-L-AWONG2 --- [ost-startStop-1] o.s.w.c.ContextLoader                    : Root WebApplicationContext: initialization completed in 4027 ms
2019-04-15 10:49:50.908  INFO BIL-L-AWONG2 --- [ost-startStop-1] o.s.b.w.s.ServletRegistrationBean        : Servlet dispatcherServlet mapped to [/]
2019-04-15 10:49:50.920  INFO BIL-L-AWONG2 --- [ost-startStop-1] o.s.b.w.s.FilterRegistrationBean         : Mapping filter: 'characterEncodingFilter' to: [/*]
2019-04-15 10:49:50.922  INFO BIL-L-AWONG2 --- [ost-startStop-1] o.s.b.w.s.FilterRegistrationBean         : Mapping filter: 'hiddenHttpMethodFilter' to: [/*]
2019-04-15 10:49:50.923  INFO BIL-L-AWONG2 --- [ost-startStop-1] o.s.b.w.s.FilterRegistrationBean         : Mapping filter: 'httpPutFormContentFilter' to: [/*]
2019-04-15 10:49:50.923  INFO BIL-L-AWONG2 --- [ost-startStop-1] o.s.b.w.s.FilterRegistrationBean         : Mapping filter: 'requestContextFilter' to: [/*]
2019-04-15 10:49:51.151  INFO BIL-L-AWONG2 --- [           main] o.s.w.s.s.s.WebSocketHandlerMapping      : Mapped URL path [/sockets] onto handler of type [class org.springframework.web.socket.server.support.WebSocketHttpRequestHandler]
2019-04-15 10:49:51.436  INFO BIL-L-AWONG2 --- [           main] o.s.w.s.h.SimpleUrlHandlerMapping        : Mapped URL path [/**/favicon.ico] onto handler of type [class org.springframework.web.servlet.resource.ResourceHttpRequestHandler]
2019-04-15 10:49:51.919  INFO BIL-L-AWONG2 --- [           main] s.w.s.m.m.a.RequestMappingHandlerAdapter : Looking for @ControllerAdvice: org.springframework.boot.web.servlet.context.AnnotationConfigServletWebServerApplicationContext@53cb3fce: startup date [Mon Apr 15 10:49:46 EDT 2019]; root of context hierarchy
2019-04-15 10:49:52.156  INFO BIL-L-AWONG2 --- [           main] s.w.s.m.m.a.RequestMappingHandlerMapping : Mapped "{[/agent/start],methods=[POST]}" onto public hello.HttpResponse.HttpResult hello.Agent.AgentController.startAgent(java.lang.String)
2019-04-15 10:49:52.186  INFO BIL-L-AWONG2 --- [           main] s.w.s.m.m.a.RequestMappingHandlerMapping : Mapped "{[/agent/{idx}/info],methods=[GET]}" onto public hello.HttpResponse.HttpResult hello.Agent.AgentController.GetAgentInfo(java.lang.String)
2019-04-15 10:49:52.216  INFO BIL-L-AWONG2 --- [           main] s.w.s.m.m.a.RequestMappingHandlerMapping : Mapped "{[/sockets/send],methods=[GET]}" onto public hello.HttpResponse.HttpResult hello.Agent.AgentController.SendSocketMsg(java.lang.String)
2019-04-15 10:49:52.233  INFO BIL-L-AWONG2 --- [           main] s.w.s.m.m.a.RequestMappingHandlerMapping : Mapped "{[/sockets/sample-agent],methods=[GET]}" onto public hello.HttpResponse.HttpResult hello.Agent.AgentController.SendSampleAgent(java.lang.String)
2019-04-15 10:49:52.236  INFO BIL-L-AWONG2 --- [           main] s.w.s.m.m.a.RequestMappingHandlerMapping : Mapped "{[/sockets/sample-agents],methods=[GET]}" onto public hello.HttpResponse.HttpResult hello.Agent.AgentController.SendSampleAgents()
2019-04-15 10:49:52.238  INFO BIL-L-AWONG2 --- [           main] s.w.s.m.m.a.RequestMappingHandlerMapping : Mapped "{[/agents/start],methods=[POST]}" onto public hello.HttpResponse.HttpResult hello.Agent.AgentController.startAgents(java.lang.String)
2019-04-15 10:49:52.240  INFO BIL-L-AWONG2 --- [           main] s.w.s.m.m.a.RequestMappingHandlerMapping : Mapped "{[/agent/stop],methods=[POST]}" onto public hello.HttpResponse.HttpResult hello.Agent.AgentController.stopAgent(java.lang.String)
2019-04-15 10:49:52.243  INFO BIL-L-AWONG2 --- [           main] s.w.s.m.m.a.RequestMappingHandlerMapping : Mapped "{[/agents/stop],methods=[POST]}" onto public hello.HttpResponse.HttpResult hello.Agent.AgentController.stopAgents(java.lang.String)
2019-04-15 10:49:52.246  INFO BIL-L-AWONG2 --- [           main] s.w.s.m.m.a.RequestMappingHandlerMapping : Mapped "{[/shutdown],methods=[POST]}" onto public hello.HttpResponse.HttpResult hello.Agent.AgentController.ShutDown()
2019-04-15 10:49:52.247  INFO BIL-L-AWONG2 --- [           main] s.w.s.m.m.a.RequestMappingHandlerMapping : Mapped "{[/agents/info],methods=[GET]}" onto public hello.HttpResponse.HttpResult hello.Agent.AgentController.GetAgentsInfo()
2019-04-15 10:49:52.248  INFO BIL-L-AWONG2 --- [           main] s.w.s.m.m.a.RequestMappingHandlerMapping : Mapped "{[/agent/add],methods=[POST]}" onto public hello.HttpResponse.HttpResult hello.Agent.AgentController.AddAgent(java.lang.String,java.lang.String,java.lang.String)
2019-04-15 10:49:52.250  INFO BIL-L-AWONG2 --- [           main] s.w.s.m.m.a.RequestMappingHandlerMapping : Mapped "{[/agents/active/info],methods=[GET]}" onto public hello.HttpResponse.HttpResult hello.Agent.AgentController.GetActiveAgentsInfo()
2019-04-15 10:49:52.251  INFO BIL-L-AWONG2 --- [           main] s.w.s.m.m.a.RequestMappingHandlerMapping : Mapped "{[/sockets/sample-socket-start-agent],methods=[GET]}" onto public hello.HttpResponse.HttpResult hello.Agent.AgentController.SendSampleStartAgent(java.lang.String)
2019-04-15 10:49:52.256  INFO BIL-L-AWONG2 --- [           main] s.w.s.m.m.a.RequestMappingHandlerMapping : Mapped "{[/sockets/sample-socket-stop-agent],methods=[GET]}" onto public hello.HttpResponse.HttpResult hello.Agent.AgentController.SendSampleStopAgent(java.lang.String)
2019-04-15 10:49:52.280  INFO BIL-L-AWONG2 --- [           main] s.w.s.m.m.a.RequestMappingHandlerMapping : Mapped "{[/sockets/sample-socket-update-all-agents],methods=[GET]}" onto public hello.HttpResponse.HttpResult hello.Agent.AgentController.SendSampleAllAgents()
2019-04-15 10:49:52.294  INFO BIL-L-AWONG2 --- [           main] s.w.s.m.m.a.RequestMappingHandlerMapping : Mapped "{[/error]}" onto public org.springframework.http.ResponseEntity<java.util.Map<java.lang.String, java.lang.Object>> org.springframework.boot.autoconfigure.web.servlet.error.BasicErrorController.error(javax.servlet.http.HttpServletRequest)
2019-04-15 10:49:52.295  INFO BIL-L-AWONG2 --- [           main] s.w.s.m.m.a.RequestMappingHandlerMapping : Mapped "{[/error],produces=[text/html]}" onto public org.springframework.web.servlet.ModelAndView org.springframework.boot.autoconfigure.web.servlet.error.BasicErrorController.errorHtml(javax.servlet.http.HttpServletRequest,javax.servlet.http.HttpServletResponse)
2019-04-15 10:49:52.384  INFO BIL-L-AWONG2 --- [           main] o.s.w.s.h.SimpleUrlHandlerMapping        : Mapped URL path [/webjars/**] onto handler of type [class org.springframework.web.servlet.resource.ResourceHttpRequestHandler]
2019-04-15 10:49:52.384  INFO BIL-L-AWONG2 --- [           main] o.s.w.s.h.SimpleUrlHandlerMapping        : Mapped URL path [/**] onto handler of type [class org.springframework.web.servlet.resource.ResourceHttpRequestHandler]
2019-04-15 10:49:52.734  INFO BIL-L-AWONG2 --- [           main] o.s.j.e.a.AnnotationMBeanExporter        : Registering beans for JMX exposure on startup
2019-04-15 10:49:52.750  INFO BIL-L-AWONG2 --- [           main] o.s.c.s.DefaultLifecycleProcessor        : Starting beans in phase 2147483647
2019-04-15 10:49:52.775  INFO BIL-L-AWONG2 --- [           main] o.a.c.h.Http11NioProtocol                : Starting ProtocolHandler ["http-nio-8080"]
2019-04-15 10:49:52.893  INFO BIL-L-AWONG2 --- [           main] o.a.t.u.n.NioSelectorPool                : Using a shared selector for servlet write/read
2019-04-15 10:49:52.959  INFO BIL-L-AWONG2 --- [           main] o.s.b.w.e.t.TomcatWebServer              : Tomcat started on port(s): 8080 (http) with context path ''
2019-04-15 10:53:21.081  INFO BIL-L-AWONG2 --- [nio-8080-exec-1] o.a.c.c.C.[.[.[/]                        : Initializing Spring FrameworkServlet 'dispatcherServlet'
2019-04-15 10:53:21.082  INFO BIL-L-AWONG2 --- [nio-8080-exec-1] o.s.w.s.DispatcherServlet                : FrameworkServlet 'dispatcherServlet': initialization started
2019-04-15 10:53:21.680  INFO BIL-L-AWONG2 --- [nio-8080-exec-1] o.s.w.s.DispatcherServlet                : FrameworkServlet 'dispatcherServlet': initialization completed in 581 ms
2019-04-15 10:56:11.125  INFO BIL-L-AWONG2 --- [       Thread-4] ConfigServletWebServerApplicationContext : Closing org.springframework.boot.web.servlet.context.AnnotationConfigServletWebServerApplicationContext@53cb3fce: startup date [Mon Apr 15 10:49:46 EDT 2019]; root of context hierarchy
2019-04-15 10:56:11.129  INFO BIL-L-AWONG2 --- [       Thread-4] o.s.c.s.DefaultLifecycleProcessor        : Stopping beans in phase 2147483647
2019-04-15 10:56:11.131  INFO BIL-L-AWONG2 --- [       Thread-4] o.s.j.e.a.AnnotationMBeanExporter        : Unregistering JMX-exposed beans on shutdown
2019-04-15 10:57:22.165  INFO BIL-L-AWONG2 --- [           main] ConfigServletWebServerApplicationContext : Refreshing org.springframework.boot.web.servlet.context.AnnotationConfigServletWebServerApplicationContext@44835ca3: startup date [Mon Apr 15 10:57:22 EDT 2019]; root of context hierarchy
2019-04-15 10:57:25.110  INFO BIL-L-AWONG2 --- [           main] o.s.b.w.e.t.TomcatWebServer              : Tomcat initialized with port(s): 8080 (http)
2019-04-15 10:57:25.157  INFO BIL-L-AWONG2 --- [           main] o.a.c.h.Http11NioProtocol                : Initializing ProtocolHandler ["http-nio-8080"]
2019-04-15 10:57:25.211  INFO BIL-L-AWONG2 --- [           main] o.a.c.c.StandardService                  : Starting service [Tomcat]
2019-04-15 10:57:25.223  INFO BIL-L-AWONG2 --- [           main] o.a.c.c.StandardEngine                   : Starting Servlet Engine: Apache Tomcat/8.5.34
2019-04-15 10:57:25.305  INFO BIL-L-AWONG2 --- [ost-startStop-1] o.a.c.c.AprLifecycleListener             : The APR based Apache Tomcat Native library which allows optimal performance in production environments was not found on the java.library.path: [C:\Program Files\Java\jdk1.8.0_201\bin;C:\Windows\Sun\Java\bin;C:\Windows\system32;C:\Windows;C:\Program Files (x86)\Common Files\Oracle\Java\javapath;C:\Program Files (x86)\RSA SecurID Token Common;C:\Program Files\RSA SecurID Token Common;C:\Windows\system32;C:\Windows;C:\Windows\System32\Wbem;C:\Windows\System32\WindowsPowerShell\v1.0\;C:\Windows\System32\OpenSSH\;C:\Program Files (x86)\CheckPoint\Endpoint Security\Endpoint Common\bin;C:\Program Files\nodejs\;C:\Program Files\Perforce\;C:\Program Files\Java\jdk1.8.0_201\bin;C:\Program Files\Git\cmd;C:\Program Files\Intel\WiFi\bin\;C:\Program Files\Common Files\Intel\WirelessCommon\;C:\Users\awong\AppData\Local\Microsoft\WindowsApps;C:\Users\awong\AppData\Local\Programs\Microsoft VS Code\bin;C:\Users\awong\AppData\Roaming\npm;C:\Program Files\apache-maven-3.6.0-bin\apache-maven-3.6.0\bin;;C:\Users\awong\AppData\Local\Programs\Fiddler;C:\Program Files\Intel\WiFi\bin\;C:\Program Files\Common Files\Intel\WirelessCommon\;.]
2019-04-15 10:57:25.561  INFO BIL-L-AWONG2 --- [ost-startStop-1] o.a.c.c.C.[.[.[/]                        : Initializing Spring embedded WebApplicationContext
2019-04-15 10:57:25.562  INFO BIL-L-AWONG2 --- [ost-startStop-1] o.s.w.c.ContextLoader                    : Root WebApplicationContext: initialization completed in 3405 ms
2019-04-15 10:57:25.767  INFO BIL-L-AWONG2 --- [ost-startStop-1] o.s.b.w.s.ServletRegistrationBean        : Servlet dispatcherServlet mapped to [/]
2019-04-15 10:57:25.779  INFO BIL-L-AWONG2 --- [ost-startStop-1] o.s.b.w.s.FilterRegistrationBean         : Mapping filter: 'characterEncodingFilter' to: [/*]
2019-04-15 10:57:25.780  INFO BIL-L-AWONG2 --- [ost-startStop-1] o.s.b.w.s.FilterRegistrationBean         : Mapping filter: 'hiddenHttpMethodFilter' to: [/*]
2019-04-15 10:57:25.780  INFO BIL-L-AWONG2 --- [ost-startStop-1] o.s.b.w.s.FilterRegistrationBean         : Mapping filter: 'httpPutFormContentFilter' to: [/*]
2019-04-15 10:57:25.781  INFO BIL-L-AWONG2 --- [ost-startStop-1] o.s.b.w.s.FilterRegistrationBean         : Mapping filter: 'requestContextFilter' to: [/*]
2019-04-15 10:57:26.005  INFO BIL-L-AWONG2 --- [           main] o.s.w.s.s.s.WebSocketHandlerMapping      : Mapped URL path [/sockets] onto handler of type [class org.springframework.web.socket.server.support.WebSocketHttpRequestHandler]
2019-04-15 10:57:26.214  INFO BIL-L-AWONG2 --- [           main] o.s.w.s.h.SimpleUrlHandlerMapping        : Mapped URL path [/**/favicon.ico] onto handler of type [class org.springframework.web.servlet.resource.ResourceHttpRequestHandler]
2019-04-15 10:57:26.625  INFO BIL-L-AWONG2 --- [           main] s.w.s.m.m.a.RequestMappingHandlerAdapter : Looking for @ControllerAdvice: org.springframework.boot.web.servlet.context.AnnotationConfigServletWebServerApplicationContext@44835ca3: startup date [Mon Apr 15 10:57:22 EDT 2019]; root of context hierarchy
2019-04-15 10:57:26.866  INFO BIL-L-AWONG2 --- [           main] s.w.s.m.m.a.RequestMappingHandlerMapping : Mapped "{[/agent/start],methods=[POST]}" onto public hello.HttpResponse.HttpResult hello.Agent.AgentController.startAgent(java.lang.String)
2019-04-15 10:57:26.872  INFO BIL-L-AWONG2 --- [           main] s.w.s.m.m.a.RequestMappingHandlerMapping : Mapped "{[/agents/info],methods=[GET]}" onto public hello.HttpResponse.HttpResult hello.Agent.AgentController.GetAgentsInfo()
2019-04-15 10:57:26.875  INFO BIL-L-AWONG2 --- [           main] s.w.s.m.m.a.RequestMappingHandlerMapping : Mapped "{[/shutdown],methods=[POST]}" onto public hello.HttpResponse.HttpResult hello.Agent.AgentController.ShutDown()
2019-04-15 10:57:26.880  INFO BIL-L-AWONG2 --- [           main] s.w.s.m.m.a.RequestMappingHandlerMapping : Mapped "{[/agent/stop],methods=[POST]}" onto public hello.HttpResponse.HttpResult hello.Agent.AgentController.stopAgent(java.lang.String)
2019-04-15 10:57:26.895  INFO BIL-L-AWONG2 --- [           main] s.w.s.m.m.a.RequestMappingHandlerMapping : Mapped "{[/sockets/sample-agent],methods=[GET]}" onto public hello.HttpResponse.HttpResult hello.Agent.AgentController.SendSampleAgent(java.lang.String)
2019-04-15 10:57:26.915  INFO BIL-L-AWONG2 --- [           main] s.w.s.m.m.a.RequestMappingHandlerMapping : Mapped "{[/agents/start],methods=[POST]}" onto public hello.HttpResponse.HttpResult hello.Agent.AgentController.startAgents(java.lang.String)
2019-04-15 10:57:26.945  INFO BIL-L-AWONG2 --- [           main] s.w.s.m.m.a.RequestMappingHandlerMapping : Mapped "{[/agent/add],methods=[POST]}" onto public hello.HttpResponse.HttpResult hello.Agent.AgentController.AddAgent(java.lang.String,java.lang.String,java.lang.String)
2019-04-15 10:57:26.968  INFO BIL-L-AWONG2 --- [           main] s.w.s.m.m.a.RequestMappingHandlerMapping : Mapped "{[/sockets/send],methods=[GET]}" onto public hello.HttpResponse.HttpResult hello.Agent.AgentController.SendSocketMsg(java.lang.String)
2019-04-15 10:57:26.972  INFO BIL-L-AWONG2 --- [           main] s.w.s.m.m.a.RequestMappingHandlerMapping : Mapped "{[/sockets/sample-agents],methods=[GET]}" onto public hello.HttpResponse.HttpResult hello.Agent.AgentController.SendSampleAgents()
2019-04-15 10:57:26.975  INFO BIL-L-AWONG2 --- [           main] s.w.s.m.m.a.RequestMappingHandlerMapping : Mapped "{[/agent/{idx}/info],methods=[GET]}" onto public hello.HttpResponse.HttpResult hello.Agent.AgentController.GetAgentInfo(java.lang.String)
2019-04-15 10:57:26.979  INFO BIL-L-AWONG2 --- [           main] s.w.s.m.m.a.RequestMappingHandlerMapping : Mapped "{[/agents/stop],methods=[POST]}" onto public hello.HttpResponse.HttpResult hello.Agent.AgentController.stopAgents(java.lang.String)
2019-04-15 10:57:26.980  INFO BIL-L-AWONG2 --- [           main] s.w.s.m.m.a.RequestMappingHandlerMapping : Mapped "{[/sockets/sample-socket-update-all-agents],methods=[GET]}" onto public hello.HttpResponse.HttpResult hello.Agent.AgentController.SendSampleAllAgents()
2019-04-15 10:57:26.999  INFO BIL-L-AWONG2 --- [           main] s.w.s.m.m.a.RequestMappingHandlerMapping : Mapped "{[/sockets/sample-socket-start-agent],methods=[GET]}" onto public hello.HttpResponse.HttpResult hello.Agent.AgentController.SendSampleStartAgent(java.lang.String)
2019-04-15 10:57:27.000  INFO BIL-L-AWONG2 --- [           main] s.w.s.m.m.a.RequestMappingHandlerMapping : Mapped "{[/agents/active/info],methods=[GET]}" onto public hello.HttpResponse.HttpResult hello.Agent.AgentController.GetActiveAgentsInfo()
2019-04-15 10:57:27.001  INFO BIL-L-AWONG2 --- [           main] s.w.s.m.m.a.RequestMappingHandlerMapping : Mapped "{[/sockets/sample-socket-stop-agent],methods=[GET]}" onto public hello.HttpResponse.HttpResult hello.Agent.AgentController.SendSampleStopAgent(java.lang.String)
2019-04-15 10:57:27.011  INFO BIL-L-AWONG2 --- [           main] s.w.s.m.m.a.RequestMappingHandlerMapping : Mapped "{[/error]}" onto public org.springframework.http.ResponseEntity<java.util.Map<java.lang.String, java.lang.Object>> org.springframework.boot.autoconfigure.web.servlet.error.BasicErrorController.error(javax.servlet.http.HttpServletRequest)
2019-04-15 10:57:27.013  INFO BIL-L-AWONG2 --- [           main] s.w.s.m.m.a.RequestMappingHandlerMapping : Mapped "{[/error],produces=[text/html]}" onto public org.springframework.web.servlet.ModelAndView org.springframework.boot.autoconfigure.web.servlet.error.BasicErrorController.errorHtml(javax.servlet.http.HttpServletRequest,javax.servlet.http.HttpServletResponse)
2019-04-15 10:57:27.065  INFO BIL-L-AWONG2 --- [           main] o.s.w.s.h.SimpleUrlHandlerMapping        : Mapped URL path [/webjars/**] onto handler of type [class org.springframework.web.servlet.resource.ResourceHttpRequestHandler]
2019-04-15 10:57:27.066  INFO BIL-L-AWONG2 --- [           main] o.s.w.s.h.SimpleUrlHandlerMapping        : Mapped URL path [/**] onto handler of type [class org.springframework.web.servlet.resource.ResourceHttpRequestHandler]
2019-04-15 10:57:27.409  INFO BIL-L-AWONG2 --- [           main] o.s.j.e.a.AnnotationMBeanExporter        : Registering beans for JMX exposure on startup
2019-04-15 10:57:27.433  INFO BIL-L-AWONG2 --- [           main] o.s.c.s.DefaultLifecycleProcessor        : Starting beans in phase 2147483647
2019-04-15 10:57:27.461  INFO BIL-L-AWONG2 --- [           main] o.a.c.h.Http11NioProtocol                : Starting ProtocolHandler ["http-nio-8080"]
2019-04-15 10:57:27.494  INFO BIL-L-AWONG2 --- [           main] o.a.t.u.n.NioSelectorPool                : Using a shared selector for servlet write/read
2019-04-15 10:57:27.546  INFO BIL-L-AWONG2 --- [           main] o.s.b.w.e.t.TomcatWebServer              : Tomcat started on port(s): 8080 (http) with context path ''
2019-04-15 10:57:29.146  INFO BIL-L-AWONG2 --- [nio-8080-exec-1] o.a.c.c.C.[.[.[/]                        : Initializing Spring FrameworkServlet 'dispatcherServlet'
2019-04-15 10:57:29.146  INFO BIL-L-AWONG2 --- [nio-8080-exec-1] o.s.w.s.DispatcherServlet                : FrameworkServlet 'dispatcherServlet': initialization started
2019-04-15 10:57:29.180  INFO BIL-L-AWONG2 --- [nio-8080-exec-1] o.s.w.s.DispatcherServlet                : FrameworkServlet 'dispatcherServlet': initialization completed in 33 ms
2019-04-15 10:58:22.080  INFO BIL-L-AWONG2 --- [       Thread-4] ConfigServletWebServerApplicationContext : Closing org.springframework.boot.web.servlet.context.AnnotationConfigServletWebServerApplicationContext@44835ca3: startup date [Mon Apr 15 10:57:22 EDT 2019]; root of context hierarchy
2019-04-15 10:58:22.083  INFO BIL-L-AWONG2 --- [       Thread-4] o.s.c.s.DefaultLifecycleProcessor        : Stopping beans in phase 2147483647
2019-04-15 10:58:22.084  INFO BIL-L-AWONG2 --- [       Thread-4] o.s.j.e.a.AnnotationMBeanExporter        : Unregistering JMX-exposed beans on shutdown
2019-04-15 10:58:42.184  INFO BIL-L-AWONG2 --- [kground-preinit] o.h.v.i.u.Version                        : HV000001: Hibernate Validator 6.0.12.Final
2019-04-15 10:58:42.833  INFO BIL-L-AWONG2 --- [           main] ConfigServletWebServerApplicationContext : Refreshing org.springframework.boot.web.servlet.context.AnnotationConfigServletWebServerApplicationContext@703bfbf7: startup date [Mon Apr 15 10:58:42 EDT 2019]; root of context hierarchy
2019-04-15 10:58:46.145  INFO BIL-L-AWONG2 --- [           main] o.s.b.w.e.t.TomcatWebServer              : Tomcat initialized with port(s): 8080 (http)
2019-04-15 10:58:46.209  INFO BIL-L-AWONG2 --- [           main] o.a.c.h.Http11NioProtocol                : Initializing ProtocolHandler ["http-nio-8080"]
2019-04-15 10:58:46.240  INFO BIL-L-AWONG2 --- [           main] o.a.c.c.StandardService                  : Starting service [Tomcat]
2019-04-15 10:58:46.241  INFO BIL-L-AWONG2 --- [           main] o.a.c.c.StandardEngine                   : Starting Servlet Engine: Apache Tomcat/8.5.34
2019-04-15 10:58:46.267  INFO BIL-L-AWONG2 --- [ost-startStop-1] o.a.c.c.AprLifecycleListener             : The APR based Apache Tomcat Native library which allows optimal performance in production environments was not found on the java.library.path: [C:\Program Files\Java\jdk1.8.0_201\bin;C:\Windows\Sun\Java\bin;C:\Windows\system32;C:\Windows;C:\Program Files (x86)\Common Files\Oracle\Java\javapath;C:\Program Files (x86)\RSA SecurID Token Common;C:\Program Files\RSA SecurID Token Common;C:\Windows\system32;C:\Windows;C:\Windows\System32\Wbem;C:\Windows\System32\WindowsPowerShell\v1.0\;C:\Windows\System32\OpenSSH\;C:\Program Files (x86)\CheckPoint\Endpoint Security\Endpoint Common\bin;C:\Program Files\nodejs\;C:\Program Files\Perforce\;C:\Program Files\Java\jdk1.8.0_201\bin;C:\Program Files\Git\cmd;C:\Program Files\Intel\WiFi\bin\;C:\Program Files\Common Files\Intel\WirelessCommon\;C:\Users\awong\AppData\Local\Microsoft\WindowsApps;C:\Users\awong\AppData\Local\Programs\Microsoft VS Code\bin;C:\Users\awong\AppData\Roaming\npm;C:\Program Files\apache-maven-3.6.0-bin\apache-maven-3.6.0\bin;;C:\Users\awong\AppData\Local\Programs\Fiddler;C:\Program Files\Intel\WiFi\bin\;C:\Program Files\Common Files\Intel\WirelessCommon\;.]
2019-04-15 10:58:46.470  INFO BIL-L-AWONG2 --- [ost-startStop-1] o.a.c.c.C.[.[.[/]                        : Initializing Spring embedded WebApplicationContext
2019-04-15 10:58:46.471  INFO BIL-L-AWONG2 --- [ost-startStop-1] o.s.w.c.ContextLoader                    : Root WebApplicationContext: initialization completed in 3643 ms
2019-04-15 10:58:46.602  INFO BIL-L-AWONG2 --- [ost-startStop-1] o.s.b.w.s.ServletRegistrationBean        : Servlet dispatcherServlet mapped to [/]
2019-04-15 10:58:46.607  INFO BIL-L-AWONG2 --- [ost-startStop-1] o.s.b.w.s.FilterRegistrationBean         : Mapping filter: 'characterEncodingFilter' to: [/*]
2019-04-15 10:58:46.608  INFO BIL-L-AWONG2 --- [ost-startStop-1] o.s.b.w.s.FilterRegistrationBean         : Mapping filter: 'hiddenHttpMethodFilter' to: [/*]
2019-04-15 10:58:46.609  INFO BIL-L-AWONG2 --- [ost-startStop-1] o.s.b.w.s.FilterRegistrationBean         : Mapping filter: 'httpPutFormContentFilter' to: [/*]
2019-04-15 10:58:46.609  INFO BIL-L-AWONG2 --- [ost-startStop-1] o.s.b.w.s.FilterRegistrationBean         : Mapping filter: 'requestContextFilter' to: [/*]
2019-04-15 10:58:46.915  INFO BIL-L-AWONG2 --- [           main] o.s.w.s.s.s.WebSocketHandlerMapping      : Mapped URL path [/sockets] onto handler of type [class org.springframework.web.socket.server.support.WebSocketHttpRequestHandler]
2019-04-15 10:58:47.086  INFO BIL-L-AWONG2 --- [           main] o.s.w.s.h.SimpleUrlHandlerMapping        : Mapped URL path [/**/favicon.ico] onto handler of type [class org.springframework.web.servlet.resource.ResourceHttpRequestHandler]
2019-04-15 10:58:47.479  INFO BIL-L-AWONG2 --- [           main] s.w.s.m.m.a.RequestMappingHandlerAdapter : Looking for @ControllerAdvice: org.springframework.boot.web.servlet.context.AnnotationConfigServletWebServerApplicationContext@703bfbf7: startup date [Mon Apr 15 10:58:42 EDT 2019]; root of context hierarchy
2019-04-15 10:58:47.665  INFO BIL-L-AWONG2 --- [           main] s.w.s.m.m.a.RequestMappingHandlerMapping : Mapped "{[/agent/start],methods=[POST]}" onto public hello.HttpResponse.HttpResult hello.Agent.AgentController.startAgent(java.lang.String)
2019-04-15 10:58:47.672  INFO BIL-L-AWONG2 --- [           main] s.w.s.m.m.a.RequestMappingHandlerMapping : Mapped "{[/sockets/sample-socket-update-all-agents],methods=[GET]}" onto public hello.HttpResponse.HttpResult hello.Agent.AgentController.SendSampleAllAgents()
2019-04-15 10:58:47.675  INFO BIL-L-AWONG2 --- [           main] s.w.s.m.m.a.RequestMappingHandlerMapping : Mapped "{[/sockets/sample-socket-start-agent],methods=[GET]}" onto public hello.HttpResponse.HttpResult hello.Agent.AgentController.SendSampleStartAgent(java.lang.String)
2019-04-15 10:58:47.678  INFO BIL-L-AWONG2 --- [           main] s.w.s.m.m.a.RequestMappingHandlerMapping : Mapped "{[/sockets/sample-socket-stop-agent],methods=[GET]}" onto public hello.HttpResponse.HttpResult hello.Agent.AgentController.SendSampleStopAgent(java.lang.String)
2019-04-15 10:58:47.700  INFO BIL-L-AWONG2 --- [           main] s.w.s.m.m.a.RequestMappingHandlerMapping : Mapped "{[/agents/active/info],methods=[GET]}" onto public hello.HttpResponse.HttpResult hello.Agent.AgentController.GetActiveAgentsInfo()
2019-04-15 10:58:47.704  INFO BIL-L-AWONG2 --- [           main] s.w.s.m.m.a.RequestMappingHandlerMapping : Mapped "{[/agent/add],methods=[POST]}" onto public hello.HttpResponse.HttpResult hello.Agent.AgentController.AddAgent(java.lang.String,java.lang.String,java.lang.String)
2019-04-15 10:58:47.712  INFO BIL-L-AWONG2 --- [           main] s.w.s.m.m.a.RequestMappingHandlerMapping : Mapped "{[/agents/stop],methods=[POST]}" onto public hello.HttpResponse.HttpResult hello.Agent.AgentController.stopAgents(java.lang.String)
2019-04-15 10:58:47.712  INFO BIL-L-AWONG2 --- [           main] s.w.s.m.m.a.RequestMappingHandlerMapping : Mapped "{[/sockets/send],methods=[GET]}" onto public hello.HttpResponse.HttpResult hello.Agent.AgentController.SendSocketMsg(java.lang.String)
2019-04-15 10:58:47.713  INFO BIL-L-AWONG2 --- [           main] s.w.s.m.m.a.RequestMappingHandlerMapping : Mapped "{[/agent/{idx}/info],methods=[GET]}" onto public hello.HttpResponse.HttpResult hello.Agent.AgentController.GetAgentInfo(java.lang.String)
2019-04-15 10:58:47.714  INFO BIL-L-AWONG2 --- [           main] s.w.s.m.m.a.RequestMappingHandlerMapping : Mapped "{[/agent/stop],methods=[POST]}" onto public hello.HttpResponse.HttpResult hello.Agent.AgentController.stopAgent(java.lang.String)
2019-04-15 10:58:47.717  INFO BIL-L-AWONG2 --- [           main] s.w.s.m.m.a.RequestMappingHandlerMapping : Mapped "{[/sockets/sample-agents],methods=[GET]}" onto public hello.HttpResponse.HttpResult hello.Agent.AgentController.SendSampleAgents()
2019-04-15 10:58:47.725  INFO BIL-L-AWONG2 --- [           main] s.w.s.m.m.a.RequestMappingHandlerMapping : Mapped "{[/shutdown],methods=[POST]}" onto public hello.HttpResponse.HttpResult hello.Agent.AgentController.ShutDown()
2019-04-15 10:58:47.726  INFO BIL-L-AWONG2 --- [           main] s.w.s.m.m.a.RequestMappingHandlerMapping : Mapped "{[/sockets/sample-agent],methods=[GET]}" onto public hello.HttpResponse.HttpResult hello.Agent.AgentController.SendSampleAgent(java.lang.String)
2019-04-15 10:58:47.727  INFO BIL-L-AWONG2 --- [           main] s.w.s.m.m.a.RequestMappingHandlerMapping : Mapped "{[/agents/info],methods=[GET]}" onto public hello.HttpResponse.HttpResult hello.Agent.AgentController.GetAgentsInfo()
2019-04-15 10:58:47.727  INFO BIL-L-AWONG2 --- [           main] s.w.s.m.m.a.RequestMappingHandlerMapping : Mapped "{[/agents/start],methods=[POST]}" onto public hello.HttpResponse.HttpResult hello.Agent.AgentController.startAgents(java.lang.String)
2019-04-15 10:58:47.734  INFO BIL-L-AWONG2 --- [           main] s.w.s.m.m.a.RequestMappingHandlerMapping : Mapped "{[/error]}" onto public org.springframework.http.ResponseEntity<java.util.Map<java.lang.String, java.lang.Object>> org.springframework.boot.autoconfigure.web.servlet.error.BasicErrorController.error(javax.servlet.http.HttpServletRequest)
2019-04-15 10:58:47.738  INFO BIL-L-AWONG2 --- [           main] s.w.s.m.m.a.RequestMappingHandlerMapping : Mapped "{[/error],produces=[text/html]}" onto public org.springframework.web.servlet.ModelAndView org.springframework.boot.autoconfigure.web.servlet.error.BasicErrorController.errorHtml(javax.servlet.http.HttpServletRequest,javax.servlet.http.HttpServletResponse)
2019-04-15 10:58:47.818  INFO BIL-L-AWONG2 --- [           main] o.s.w.s.h.SimpleUrlHandlerMapping        : Mapped URL path [/webjars/**] onto handler of type [class org.springframework.web.servlet.resource.ResourceHttpRequestHandler]
2019-04-15 10:58:47.825  INFO BIL-L-AWONG2 --- [           main] o.s.w.s.h.SimpleUrlHandlerMapping        : Mapped URL path [/**] onto handler of type [class org.springframework.web.servlet.resource.ResourceHttpRequestHandler]
2019-04-15 10:58:48.184  INFO BIL-L-AWONG2 --- [           main] o.s.j.e.a.AnnotationMBeanExporter        : Registering beans for JMX exposure on startup
2019-04-15 10:58:48.217  INFO BIL-L-AWONG2 --- [           main] o.s.c.s.DefaultLifecycleProcessor        : Starting beans in phase 2147483647
2019-04-15 10:58:48.233  INFO BIL-L-AWONG2 --- [           main] o.a.c.h.Http11NioProtocol                : Starting ProtocolHandler ["http-nio-8080"]
2019-04-15 10:58:48.274  INFO BIL-L-AWONG2 --- [           main] o.a.t.u.n.NioSelectorPool                : Using a shared selector for servlet write/read
2019-04-15 10:58:48.344  INFO BIL-L-AWONG2 --- [           main] o.s.b.w.e.t.TomcatWebServer              : Tomcat started on port(s): 8080 (http) with context path ''
2019-04-15 10:58:53.663  INFO BIL-L-AWONG2 --- [io-8080-exec-10] o.a.c.c.C.[.[.[/]                        : Initializing Spring FrameworkServlet 'dispatcherServlet'
2019-04-15 10:58:53.664  INFO BIL-L-AWONG2 --- [io-8080-exec-10] o.s.w.s.DispatcherServlet                : FrameworkServlet 'dispatcherServlet': initialization started
2019-04-15 10:58:53.699  INFO BIL-L-AWONG2 --- [io-8080-exec-10] o.s.w.s.DispatcherServlet                : FrameworkServlet 'dispatcherServlet': initialization completed in 35 ms
2019-04-15 10:59:37.833  INFO BIL-L-AWONG2 --- [       Thread-4] ConfigServletWebServerApplicationContext : Closing org.springframework.boot.web.servlet.context.AnnotationConfigServletWebServerApplicationContext@703bfbf7: startup date [Mon Apr 15 10:58:42 EDT 2019]; root of context hierarchy
2019-04-15 10:59:37.841  INFO BIL-L-AWONG2 --- [       Thread-4] o.s.c.s.DefaultLifecycleProcessor        : Stopping beans in phase 2147483647
2019-04-15 10:59:37.843  INFO BIL-L-AWONG2 --- [       Thread-4] o.s.j.e.a.AnnotationMBeanExporter        : Unregistering JMX-exposed beans on shutdown
2019-04-15 10:59:59.286  INFO BIL-L-AWONG2 --- [           main] ConfigServletWebServerApplicationContext : Refreshing org.springframework.boot.web.servlet.context.AnnotationConfigServletWebServerApplicationContext@296ae826: startup date [Mon Apr 15 10:59:59 EDT 2019]; root of context hierarchy
2019-04-15 11:00:03.424  INFO BIL-L-AWONG2 --- [           main] o.s.b.w.e.t.TomcatWebServer              : Tomcat initialized with port(s): 8080 (http)
2019-04-15 11:00:03.476  INFO BIL-L-AWONG2 --- [           main] o.a.c.h.Http11NioProtocol                : Initializing ProtocolHandler ["http-nio-8080"]
2019-04-15 11:00:03.496  INFO BIL-L-AWONG2 --- [           main] o.a.c.c.StandardService                  : Starting service [Tomcat]
2019-04-15 11:00:03.498  INFO BIL-L-AWONG2 --- [           main] o.a.c.c.StandardEngine                   : Starting Servlet Engine: Apache Tomcat/8.5.34
2019-04-15 11:00:03.534  INFO BIL-L-AWONG2 --- [ost-startStop-1] o.a.c.c.AprLifecycleListener             : The APR based Apache Tomcat Native library which allows optimal performance in production environments was not found on the java.library.path: [C:\Program Files\Java\jdk1.8.0_201\bin;C:\Windows\Sun\Java\bin;C:\Windows\system32;C:\Windows;C:\Program Files (x86)\Common Files\Oracle\Java\javapath;C:\Program Files (x86)\RSA SecurID Token Common;C:\Program Files\RSA SecurID Token Common;C:\Windows\system32;C:\Windows;C:\Windows\System32\Wbem;C:\Windows\System32\WindowsPowerShell\v1.0\;C:\Windows\System32\OpenSSH\;C:\Program Files (x86)\CheckPoint\Endpoint Security\Endpoint Common\bin;C:\Program Files\nodejs\;C:\Program Files\Perforce\;C:\Program Files\Java\jdk1.8.0_201\bin;C:\Program Files\Git\cmd;C:\Program Files\Intel\WiFi\bin\;C:\Program Files\Common Files\Intel\WirelessCommon\;C:\Users\awong\AppData\Local\Microsoft\WindowsApps;C:\Users\awong\AppData\Local\Programs\Microsoft VS Code\bin;C:\Users\awong\AppData\Roaming\npm;C:\Program Files\apache-maven-3.6.0-bin\apache-maven-3.6.0\bin;;C:\Users\awong\AppData\Local\Programs\Fiddler;C:\Program Files\Intel\WiFi\bin\;C:\Program Files\Common Files\Intel\WirelessCommon\;.]
2019-04-15 11:00:03.812  INFO BIL-L-AWONG2 --- [ost-startStop-1] o.a.c.c.C.[.[.[/]                        : Initializing Spring embedded WebApplicationContext
2019-04-15 11:00:03.813  INFO BIL-L-AWONG2 --- [ost-startStop-1] o.s.w.c.ContextLoader                    : Root WebApplicationContext: initialization completed in 4534 ms
2019-04-15 11:00:04.019  INFO BIL-L-AWONG2 --- [ost-startStop-1] o.s.b.w.s.ServletRegistrationBean        : Servlet dispatcherServlet mapped to [/]
2019-04-15 11:00:04.029  INFO BIL-L-AWONG2 --- [ost-startStop-1] o.s.b.w.s.FilterRegistrationBean         : Mapping filter: 'characterEncodingFilter' to: [/*]
2019-04-15 11:00:04.030  INFO BIL-L-AWONG2 --- [ost-startStop-1] o.s.b.w.s.FilterRegistrationBean         : Mapping filter: 'hiddenHttpMethodFilter' to: [/*]
2019-04-15 11:00:04.032  INFO BIL-L-AWONG2 --- [ost-startStop-1] o.s.b.w.s.FilterRegistrationBean         : Mapping filter: 'httpPutFormContentFilter' to: [/*]
2019-04-15 11:00:04.034  INFO BIL-L-AWONG2 --- [ost-startStop-1] o.s.b.w.s.FilterRegistrationBean         : Mapping filter: 'requestContextFilter' to: [/*]
2019-04-15 11:00:04.231  INFO BIL-L-AWONG2 --- [           main] o.s.w.s.s.s.WebSocketHandlerMapping      : Mapped URL path [/sockets] onto handler of type [class org.springframework.web.socket.server.support.WebSocketHttpRequestHandler]
2019-04-15 11:00:04.392  INFO BIL-L-AWONG2 --- [           main] o.s.w.s.h.SimpleUrlHandlerMapping        : Mapped URL path [/**/favicon.ico] onto handler of type [class org.springframework.web.servlet.resource.ResourceHttpRequestHandler]
2019-04-15 11:00:04.775  INFO BIL-L-AWONG2 --- [           main] s.w.s.m.m.a.RequestMappingHandlerAdapter : Looking for @ControllerAdvice: org.springframework.boot.web.servlet.context.AnnotationConfigServletWebServerApplicationContext@296ae826: startup date [Mon Apr 15 10:59:59 EDT 2019]; root of context hierarchy
2019-04-15 11:00:05.041  INFO BIL-L-AWONG2 --- [           main] s.w.s.m.m.a.RequestMappingHandlerMapping : Mapped "{[/agent/start],methods=[POST]}" onto public hello.HttpResponse.HttpResult hello.Agent.AgentController.startAgent(java.lang.String)
2019-04-15 11:00:05.044  INFO BIL-L-AWONG2 --- [           main] s.w.s.m.m.a.RequestMappingHandlerMapping : Mapped "{[/sockets/sample-socket-start-agent],methods=[GET]}" onto public hello.HttpResponse.HttpResult hello.Agent.AgentController.SendSampleStartAgent(java.lang.String)
2019-04-15 11:00:05.046  INFO BIL-L-AWONG2 --- [           main] s.w.s.m.m.a.RequestMappingHandlerMapping : Mapped "{[/agents/active/info],methods=[GET]}" onto public hello.HttpResponse.HttpResult hello.Agent.AgentController.GetActiveAgentsInfo()
2019-04-15 11:00:05.065  INFO BIL-L-AWONG2 --- [           main] s.w.s.m.m.a.RequestMappingHandlerMapping : Mapped "{[/sockets/sample-socket-stop-agent],methods=[GET]}" onto public hello.HttpResponse.HttpResult hello.Agent.AgentController.SendSampleStopAgent(java.lang.String)
2019-04-15 11:00:05.066  INFO BIL-L-AWONG2 --- [           main] s.w.s.m.m.a.RequestMappingHandlerMapping : Mapped "{[/sockets/sample-socket-update-all-agents],methods=[GET]}" onto public hello.HttpResponse.HttpResult hello.Agent.AgentController.SendSampleAllAgents()
2019-04-15 11:00:05.067  INFO BIL-L-AWONG2 --- [           main] s.w.s.m.m.a.RequestMappingHandlerMapping : Mapped "{[/agents/info],methods=[GET]}" onto public hello.HttpResponse.HttpResult hello.Agent.AgentController.GetAgentsInfo()
2019-04-15 11:00:05.068  INFO BIL-L-AWONG2 --- [           main] s.w.s.m.m.a.RequestMappingHandlerMapping : Mapped "{[/agents/start],methods=[POST]}" onto public hello.HttpResponse.HttpResult hello.Agent.AgentController.startAgents(java.lang.String)
2019-04-15 11:00:05.074  INFO BIL-L-AWONG2 --- [           main] s.w.s.m.m.a.RequestMappingHandlerMapping : Mapped "{[/agent/{idx}/info],methods=[GET]}" onto public hello.HttpResponse.HttpResult hello.Agent.AgentController.GetAgentInfo(java.lang.String)
2019-04-15 11:00:05.076  INFO BIL-L-AWONG2 --- [           main] s.w.s.m.m.a.RequestMappingHandlerMapping : Mapped "{[/agent/stop],methods=[POST]}" onto public hello.HttpResponse.HttpResult hello.Agent.AgentController.stopAgent(java.lang.String)
2019-04-15 11:00:05.080  INFO BIL-L-AWONG2 --- [           main] s.w.s.m.m.a.RequestMappingHandlerMapping : Mapped "{[/agent/add],methods=[POST]}" onto public hello.HttpResponse.HttpResult hello.Agent.AgentController.AddAgent(java.lang.String,java.lang.String,java.lang.String)
2019-04-15 11:00:05.083  INFO BIL-L-AWONG2 --- [           main] s.w.s.m.m.a.RequestMappingHandlerMapping : Mapped "{[/shutdown],methods=[POST]}" onto public hello.HttpResponse.HttpResult hello.Agent.AgentController.ShutDown()
2019-04-15 11:00:05.093  INFO BIL-L-AWONG2 --- [           main] s.w.s.m.m.a.RequestMappingHandlerMapping : Mapped "{[/sockets/send],methods=[GET]}" onto public hello.HttpResponse.HttpResult hello.Agent.AgentController.SendSocketMsg(java.lang.String)
2019-04-15 11:00:05.095  INFO BIL-L-AWONG2 --- [           main] s.w.s.m.m.a.RequestMappingHandlerMapping : Mapped "{[/sockets/sample-agent],methods=[GET]}" onto public hello.HttpResponse.HttpResult hello.Agent.AgentController.SendSampleAgent(java.lang.String)
2019-04-15 11:00:05.096  INFO BIL-L-AWONG2 --- [           main] s.w.s.m.m.a.RequestMappingHandlerMapping : Mapped "{[/agents/stop],methods=[POST]}" onto public hello.HttpResponse.HttpResult hello.Agent.AgentController.stopAgents(java.lang.String)
2019-04-15 11:00:05.097  INFO BIL-L-AWONG2 --- [           main] s.w.s.m.m.a.RequestMappingHandlerMapping : Mapped "{[/sockets/sample-agents],methods=[GET]}" onto public hello.HttpResponse.HttpResult hello.Agent.AgentController.SendSampleAgents()
2019-04-15 11:00:05.112  INFO BIL-L-AWONG2 --- [           main] s.w.s.m.m.a.RequestMappingHandlerMapping : Mapped "{[/error]}" onto public org.springframework.http.ResponseEntity<java.util.Map<java.lang.String, java.lang.Object>> org.springframework.boot.autoconfigure.web.servlet.error.BasicErrorController.error(javax.servlet.http.HttpServletRequest)
2019-04-15 11:00:05.114  INFO BIL-L-AWONG2 --- [           main] s.w.s.m.m.a.RequestMappingHandlerMapping : Mapped "{[/error],produces=[text/html]}" onto public org.springframework.web.servlet.ModelAndView org.springframework.boot.autoconfigure.web.servlet.error.BasicErrorController.errorHtml(javax.servlet.http.HttpServletRequest,javax.servlet.http.HttpServletResponse)
2019-04-15 11:00:05.177  INFO BIL-L-AWONG2 --- [           main] o.s.w.s.h.SimpleUrlHandlerMapping        : Mapped URL path [/webjars/**] onto handler of type [class org.springframework.web.servlet.resource.ResourceHttpRequestHandler]
2019-04-15 11:00:05.177  INFO BIL-L-AWONG2 --- [           main] o.s.w.s.h.SimpleUrlHandlerMapping        : Mapped URL path [/**] onto handler of type [class org.springframework.web.servlet.resource.ResourceHttpRequestHandler]
2019-04-15 11:00:05.533  INFO BIL-L-AWONG2 --- [           main] o.s.j.e.a.AnnotationMBeanExporter        : Registering beans for JMX exposure on startup
2019-04-15 11:00:05.550  INFO BIL-L-AWONG2 --- [           main] o.s.c.s.DefaultLifecycleProcessor        : Starting beans in phase 2147483647
2019-04-15 11:00:05.563  INFO BIL-L-AWONG2 --- [           main] o.a.c.h.Http11NioProtocol                : Starting ProtocolHandler ["http-nio-8080"]
2019-04-15 11:00:05.593  INFO BIL-L-AWONG2 --- [           main] o.a.t.u.n.NioSelectorPool                : Using a shared selector for servlet write/read
2019-04-15 11:00:05.641  INFO BIL-L-AWONG2 --- [           main] o.s.b.w.e.t.TomcatWebServer              : Tomcat started on port(s): 8080 (http) with context path ''
2019-04-15 11:00:05.736  INFO BIL-L-AWONG2 --- [nio-8080-exec-1] o.a.c.c.C.[.[.[/]                        : Initializing Spring FrameworkServlet 'dispatcherServlet'
2019-04-15 11:00:05.739  INFO BIL-L-AWONG2 --- [nio-8080-exec-1] o.s.w.s.DispatcherServlet                : FrameworkServlet 'dispatcherServlet': initialization started
2019-04-15 11:00:05.784  INFO BIL-L-AWONG2 --- [nio-8080-exec-1] o.s.w.s.DispatcherServlet                : FrameworkServlet 'dispatcherServlet': initialization completed in 45 ms
2019-04-15 11:01:14.816  INFO BIL-L-AWONG2 --- [       Thread-4] ConfigServletWebServerApplicationContext : Closing org.springframework.boot.web.servlet.context.AnnotationConfigServletWebServerApplicationContext@296ae826: startup date [Mon Apr 15 10:59:59 EDT 2019]; root of context hierarchy
2019-04-15 11:01:14.821  INFO BIL-L-AWONG2 --- [       Thread-4] o.s.c.s.DefaultLifecycleProcessor        : Stopping beans in phase 2147483647
2019-04-15 11:01:14.823  INFO BIL-L-AWONG2 --- [       Thread-4] o.s.j.e.a.AnnotationMBeanExporter        : Unregistering JMX-exposed beans on shutdown
2019-04-15 11:01:40.520  INFO BIL-L-AWONG2 --- [           main] ConfigServletWebServerApplicationContext : Refreshing org.springframework.boot.web.servlet.context.AnnotationConfigServletWebServerApplicationContext@32c34212: startup date [Mon Apr 15 11:01:40 EDT 2019]; root of context hierarchy
2019-04-15 11:01:43.892  INFO BIL-L-AWONG2 --- [           main] o.s.b.w.e.t.TomcatWebServer              : Tomcat initialized with port(s): 8080 (http)
2019-04-15 11:01:43.978  INFO BIL-L-AWONG2 --- [           main] o.a.c.h.Http11NioProtocol                : Initializing ProtocolHandler ["http-nio-8080"]
2019-04-15 11:01:44.005  INFO BIL-L-AWONG2 --- [           main] o.a.c.c.StandardService                  : Starting service [Tomcat]
2019-04-15 11:01:44.033  INFO BIL-L-AWONG2 --- [           main] o.a.c.c.StandardEngine                   : Starting Servlet Engine: Apache Tomcat/8.5.34
2019-04-15 11:01:44.071  INFO BIL-L-AWONG2 --- [ost-startStop-1] o.a.c.c.AprLifecycleListener             : The APR based Apache Tomcat Native library which allows optimal performance in production environments was not found on the java.library.path: [C:\Program Files\Java\jdk1.8.0_201\bin;C:\Windows\Sun\Java\bin;C:\Windows\system32;C:\Windows;C:\Program Files (x86)\Common Files\Oracle\Java\javapath;C:\Program Files (x86)\RSA SecurID Token Common;C:\Program Files\RSA SecurID Token Common;C:\Windows\system32;C:\Windows;C:\Windows\System32\Wbem;C:\Windows\System32\WindowsPowerShell\v1.0\;C:\Windows\System32\OpenSSH\;C:\Program Files (x86)\CheckPoint\Endpoint Security\Endpoint Common\bin;C:\Program Files\nodejs\;C:\Program Files\Perforce\;C:\Program Files\Java\jdk1.8.0_201\bin;C:\Program Files\Git\cmd;C:\Program Files\Intel\WiFi\bin\;C:\Program Files\Common Files\Intel\WirelessCommon\;C:\Users\awong\AppData\Local\Microsoft\WindowsApps;C:\Users\awong\AppData\Local\Programs\Microsoft VS Code\bin;C:\Users\awong\AppData\Roaming\npm;C:\Program Files\apache-maven-3.6.0-bin\apache-maven-3.6.0\bin;;C:\Users\awong\AppData\Local\Programs\Fiddler;C:\Program Files\Intel\WiFi\bin\;C:\Program Files\Common Files\Intel\WirelessCommon\;.]
2019-04-15 11:01:44.423  INFO BIL-L-AWONG2 --- [ost-startStop-1] o.a.c.c.C.[.[.[/]                        : Initializing Spring embedded WebApplicationContext
2019-04-15 11:01:44.430  INFO BIL-L-AWONG2 --- [ost-startStop-1] o.s.w.c.ContextLoader                    : Root WebApplicationContext: initialization completed in 3915 ms
2019-04-15 11:01:44.643  INFO BIL-L-AWONG2 --- [ost-startStop-1] o.s.b.w.s.ServletRegistrationBean        : Servlet dispatcherServlet mapped to [/]
2019-04-15 11:01:44.652  INFO BIL-L-AWONG2 --- [ost-startStop-1] o.s.b.w.s.FilterRegistrationBean         : Mapping filter: 'characterEncodingFilter' to: [/*]
2019-04-15 11:01:44.653  INFO BIL-L-AWONG2 --- [ost-startStop-1] o.s.b.w.s.FilterRegistrationBean         : Mapping filter: 'hiddenHttpMethodFilter' to: [/*]
2019-04-15 11:01:44.654  INFO BIL-L-AWONG2 --- [ost-startStop-1] o.s.b.w.s.FilterRegistrationBean         : Mapping filter: 'httpPutFormContentFilter' to: [/*]
2019-04-15 11:01:44.654  INFO BIL-L-AWONG2 --- [ost-startStop-1] o.s.b.w.s.FilterRegistrationBean         : Mapping filter: 'requestContextFilter' to: [/*]
2019-04-15 11:01:44.906  INFO BIL-L-AWONG2 --- [           main] o.s.w.s.s.s.WebSocketHandlerMapping      : Mapped URL path [/sockets] onto handler of type [class org.springframework.web.socket.server.support.WebSocketHttpRequestHandler]
2019-04-15 11:01:45.152  INFO BIL-L-AWONG2 --- [           main] o.s.w.s.h.SimpleUrlHandlerMapping        : Mapped URL path [/**/favicon.ico] onto handler of type [class org.springframework.web.servlet.resource.ResourceHttpRequestHandler]
2019-04-15 11:01:45.631  INFO BIL-L-AWONG2 --- [           main] s.w.s.m.m.a.RequestMappingHandlerAdapter : Looking for @ControllerAdvice: org.springframework.boot.web.servlet.context.AnnotationConfigServletWebServerApplicationContext@32c34212: startup date [Mon Apr 15 11:01:40 EDT 2019]; root of context hierarchy
2019-04-15 11:01:45.973  INFO BIL-L-AWONG2 --- [           main] s.w.s.m.m.a.RequestMappingHandlerMapping : Mapped "{[/agent/start],methods=[POST]}" onto public hello.HttpResponse.HttpResult hello.Agent.AgentController.startAgent(java.lang.String)
2019-04-15 11:01:45.988  INFO BIL-L-AWONG2 --- [           main] s.w.s.m.m.a.RequestMappingHandlerMapping : Mapped "{[/agents/active/info],methods=[GET]}" onto public hello.HttpResponse.HttpResult hello.Agent.AgentController.GetActiveAgentsInfo()
2019-04-15 11:01:45.990  INFO BIL-L-AWONG2 --- [           main] s.w.s.m.m.a.RequestMappingHandlerMapping : Mapped "{[/sockets/sample-socket-update-all-agents],methods=[GET]}" onto public hello.HttpResponse.HttpResult hello.Agent.AgentController.SendSampleAllAgents()
2019-04-15 11:01:45.992  INFO BIL-L-AWONG2 --- [           main] s.w.s.m.m.a.RequestMappingHandlerMapping : Mapped "{[/sockets/sample-socket-start-agent],methods=[GET]}" onto public hello.HttpResponse.HttpResult hello.Agent.AgentController.SendSampleStartAgent(java.lang.String)
2019-04-15 11:01:46.016  INFO BIL-L-AWONG2 --- [           main] s.w.s.m.m.a.RequestMappingHandlerMapping : Mapped "{[/sockets/sample-socket-stop-agent],methods=[GET]}" onto public hello.HttpResponse.HttpResult hello.Agent.AgentController.SendSampleStopAgent(java.lang.String)
2019-04-15 11:01:46.022  INFO BIL-L-AWONG2 --- [           main] s.w.s.m.m.a.RequestMappingHandlerMapping : Mapped "{[/agent/{idx}/info],methods=[GET]}" onto public hello.HttpResponse.HttpResult hello.Agent.AgentController.GetAgentInfo(java.lang.String)
2019-04-15 11:01:46.023  INFO BIL-L-AWONG2 --- [           main] s.w.s.m.m.a.RequestMappingHandlerMapping : Mapped "{[/agents/info],methods=[GET]}" onto public hello.HttpResponse.HttpResult hello.Agent.AgentController.GetAgentsInfo()
2019-04-15 11:01:46.024  INFO BIL-L-AWONG2 --- [           main] s.w.s.m.m.a.RequestMappingHandlerMapping : Mapped "{[/agents/start],methods=[POST]}" onto public hello.HttpResponse.HttpResult hello.Agent.AgentController.startAgents(java.lang.String)
2019-04-15 11:01:46.084  INFO BIL-L-AWONG2 --- [           main] s.w.s.m.m.a.RequestMappingHandlerMapping : Mapped "{[/agent/stop],methods=[POST]}" onto public hello.HttpResponse.HttpResult hello.Agent.AgentController.stopAgent(java.lang.String)
2019-04-15 11:01:46.141  INFO BIL-L-AWONG2 --- [           main] s.w.s.m.m.a.RequestMappingHandlerMapping : Mapped "{[/sockets/sample-agent],methods=[GET]}" onto public hello.HttpResponse.HttpResult hello.Agent.AgentController.SendSampleAgent(java.lang.String)
2019-04-15 11:01:46.160  INFO BIL-L-AWONG2 --- [           main] s.w.s.m.m.a.RequestMappingHandlerMapping : Mapped "{[/agents/stop],methods=[POST]}" onto public hello.HttpResponse.HttpResult hello.Agent.AgentController.stopAgents(java.lang.String)
2019-04-15 11:01:46.207  INFO BIL-L-AWONG2 --- [           main] s.w.s.m.m.a.RequestMappingHandlerMapping : Mapped "{[/agent/add],methods=[POST]}" onto public hello.HttpResponse.HttpResult hello.Agent.AgentController.AddAgent(java.lang.String,java.lang.String,java.lang.String)
2019-04-15 11:01:46.291  INFO BIL-L-AWONG2 --- [           main] s.w.s.m.m.a.RequestMappingHandlerMapping : Mapped "{[/shutdown],methods=[POST]}" onto public hello.HttpResponse.HttpResult hello.Agent.AgentController.ShutDown()
2019-04-15 11:01:46.300  INFO BIL-L-AWONG2 --- [           main] s.w.s.m.m.a.RequestMappingHandlerMapping : Mapped "{[/sockets/sample-agents],methods=[GET]}" onto public hello.HttpResponse.HttpResult hello.Agent.AgentController.SendSampleAgents()
2019-04-15 11:01:46.312  INFO BIL-L-AWONG2 --- [           main] s.w.s.m.m.a.RequestMappingHandlerMapping : Mapped "{[/sockets/send],methods=[GET]}" onto public hello.HttpResponse.HttpResult hello.Agent.AgentController.SendSocketMsg(java.lang.String)
2019-04-15 11:01:46.394  INFO BIL-L-AWONG2 --- [           main] s.w.s.m.m.a.RequestMappingHandlerMapping : Mapped "{[/error]}" onto public org.springframework.http.ResponseEntity<java.util.Map<java.lang.String, java.lang.Object>> org.springframework.boot.autoconfigure.web.servlet.error.BasicErrorController.error(javax.servlet.http.HttpServletRequest)
2019-04-15 11:01:46.396  INFO BIL-L-AWONG2 --- [           main] s.w.s.m.m.a.RequestMappingHandlerMapping : Mapped "{[/error],produces=[text/html]}" onto public org.springframework.web.servlet.ModelAndView org.springframework.boot.autoconfigure.web.servlet.error.BasicErrorController.errorHtml(javax.servlet.http.HttpServletRequest,javax.servlet.http.HttpServletResponse)
2019-04-15 11:01:46.482  INFO BIL-L-AWONG2 --- [           main] o.s.w.s.h.SimpleUrlHandlerMapping        : Mapped URL path [/webjars/**] onto handler of type [class org.springframework.web.servlet.resource.ResourceHttpRequestHandler]
2019-04-15 11:01:46.491  INFO BIL-L-AWONG2 --- [           main] o.s.w.s.h.SimpleUrlHandlerMapping        : Mapped URL path [/**] onto handler of type [class org.springframework.web.servlet.resource.ResourceHttpRequestHandler]
2019-04-15 11:01:47.023  INFO BIL-L-AWONG2 --- [           main] o.s.j.e.a.AnnotationMBeanExporter        : Registering beans for JMX exposure on startup
2019-04-15 11:01:47.049  INFO BIL-L-AWONG2 --- [           main] o.s.c.s.DefaultLifecycleProcessor        : Starting beans in phase 2147483647
2019-04-15 11:01:47.060  INFO BIL-L-AWONG2 --- [           main] o.a.c.h.Http11NioProtocol                : Starting ProtocolHandler ["http-nio-8080"]
2019-04-15 11:01:47.126  INFO BIL-L-AWONG2 --- [           main] o.a.t.u.n.NioSelectorPool                : Using a shared selector for servlet write/read
2019-04-15 11:01:47.170  INFO BIL-L-AWONG2 --- [           main] o.s.b.w.e.t.TomcatWebServer              : Tomcat started on port(s): 8080 (http) with context path ''
2019-04-15 11:01:47.395  INFO BIL-L-AWONG2 --- [nio-8080-exec-1] o.a.c.c.C.[.[.[/]                        : Initializing Spring FrameworkServlet 'dispatcherServlet'
2019-04-15 11:01:47.409  INFO BIL-L-AWONG2 --- [nio-8080-exec-1] o.s.w.s.DispatcherServlet                : FrameworkServlet 'dispatcherServlet': initialization started
2019-04-15 11:01:47.452  INFO BIL-L-AWONG2 --- [nio-8080-exec-1] o.s.w.s.DispatcherServlet                : FrameworkServlet 'dispatcherServlet': initialization completed in 37 ms
2019-04-15 11:03:03.336  INFO BIL-L-AWONG2 --- [       Thread-4] ConfigServletWebServerApplicationContext : Closing org.springframework.boot.web.servlet.context.AnnotationConfigServletWebServerApplicationContext@32c34212: startup date [Mon Apr 15 11:01:40 EDT 2019]; root of context hierarchy
2019-04-15 11:03:03.339  INFO BIL-L-AWONG2 --- [       Thread-4] o.s.c.s.DefaultLifecycleProcessor        : Stopping beans in phase 2147483647
2019-04-15 11:03:03.341  INFO BIL-L-AWONG2 --- [       Thread-4] o.s.j.e.a.AnnotationMBeanExporter        : Unregistering JMX-exposed beans on shutdown
2019-04-15 11:03:32.071  INFO BIL-L-AWONG2 --- [           main] ConfigServletWebServerApplicationContext : Refreshing org.springframework.boot.web.servlet.context.AnnotationConfigServletWebServerApplicationContext@10a3d2a: startup date [Mon Apr 15 11:03:32 EDT 2019]; root of context hierarchy
2019-04-15 11:03:35.641  INFO BIL-L-AWONG2 --- [           main] o.s.b.w.e.t.TomcatWebServer              : Tomcat initialized with port(s): 8080 (http)
2019-04-15 11:03:35.689  INFO BIL-L-AWONG2 --- [           main] o.a.c.h.Http11NioProtocol                : Initializing ProtocolHandler ["http-nio-8080"]
2019-04-15 11:03:35.776  INFO BIL-L-AWONG2 --- [           main] o.a.c.c.StandardService                  : Starting service [Tomcat]
2019-04-15 11:03:35.865  INFO BIL-L-AWONG2 --- [           main] o.a.c.c.StandardEngine                   : Starting Servlet Engine: Apache Tomcat/8.5.34
2019-04-15 11:03:35.927  INFO BIL-L-AWONG2 --- [ost-startStop-1] o.a.c.c.AprLifecycleListener             : The APR based Apache Tomcat Native library which allows optimal performance in production environments was not found on the java.library.path: [C:\Program Files\Java\jdk1.8.0_201\bin;C:\Windows\Sun\Java\bin;C:\Windows\system32;C:\Windows;C:\Program Files (x86)\Common Files\Oracle\Java\javapath;C:\Program Files (x86)\RSA SecurID Token Common;C:\Program Files\RSA SecurID Token Common;C:\Windows\system32;C:\Windows;C:\Windows\System32\Wbem;C:\Windows\System32\WindowsPowerShell\v1.0\;C:\Windows\System32\OpenSSH\;C:\Program Files (x86)\CheckPoint\Endpoint Security\Endpoint Common\bin;C:\Program Files\nodejs\;C:\Program Files\Perforce\;C:\Program Files\Java\jdk1.8.0_201\bin;C:\Program Files\Git\cmd;C:\Program Files\Intel\WiFi\bin\;C:\Program Files\Common Files\Intel\WirelessCommon\;C:\Users\awong\AppData\Local\Microsoft\WindowsApps;C:\Users\awong\AppData\Local\Programs\Microsoft VS Code\bin;C:\Users\awong\AppData\Roaming\npm;C:\Program Files\apache-maven-3.6.0-bin\apache-maven-3.6.0\bin;;C:\Users\awong\AppData\Local\Programs\Fiddler;C:\Program Files\Intel\WiFi\bin\;C:\Program Files\Common Files\Intel\WirelessCommon\;.]
2019-04-15 11:03:36.335  INFO BIL-L-AWONG2 --- [ost-startStop-1] o.a.c.c.C.[.[.[/]                        : Initializing Spring embedded WebApplicationContext
2019-04-15 11:03:36.392  INFO BIL-L-AWONG2 --- [ost-startStop-1] o.s.w.c.ContextLoader                    : Root WebApplicationContext: initialization completed in 4329 ms
2019-04-15 11:03:36.750  INFO BIL-L-AWONG2 --- [ost-startStop-1] o.s.b.w.s.ServletRegistrationBean        : Servlet dispatcherServlet mapped to [/]
2019-04-15 11:03:36.764  INFO BIL-L-AWONG2 --- [ost-startStop-1] o.s.b.w.s.FilterRegistrationBean         : Mapping filter: 'characterEncodingFilter' to: [/*]
2019-04-15 11:03:36.767  INFO BIL-L-AWONG2 --- [ost-startStop-1] o.s.b.w.s.FilterRegistrationBean         : Mapping filter: 'hiddenHttpMethodFilter' to: [/*]
2019-04-15 11:03:36.784  INFO BIL-L-AWONG2 --- [ost-startStop-1] o.s.b.w.s.FilterRegistrationBean         : Mapping filter: 'httpPutFormContentFilter' to: [/*]
2019-04-15 11:03:36.786  INFO BIL-L-AWONG2 --- [ost-startStop-1] o.s.b.w.s.FilterRegistrationBean         : Mapping filter: 'requestContextFilter' to: [/*]
2019-04-15 11:03:37.007  INFO BIL-L-AWONG2 --- [           main] o.s.w.s.s.s.WebSocketHandlerMapping      : Mapped URL path [/sockets] onto handler of type [class org.springframework.web.socket.server.support.WebSocketHttpRequestHandler]
2019-04-15 11:03:37.269  INFO BIL-L-AWONG2 --- [           main] o.s.w.s.h.SimpleUrlHandlerMapping        : Mapped URL path [/**/favicon.ico] onto handler of type [class org.springframework.web.servlet.resource.ResourceHttpRequestHandler]
2019-04-15 11:03:37.896  INFO BIL-L-AWONG2 --- [           main] s.w.s.m.m.a.RequestMappingHandlerAdapter : Looking for @ControllerAdvice: org.springframework.boot.web.servlet.context.AnnotationConfigServletWebServerApplicationContext@10a3d2a: startup date [Mon Apr 15 11:03:32 EDT 2019]; root of context hierarchy
2019-04-15 11:03:38.210  INFO BIL-L-AWONG2 --- [           main] s.w.s.m.m.a.RequestMappingHandlerMapping : Mapped "{[/agent/start],methods=[POST]}" onto public hello.HttpResponse.HttpResult hello.Agent.AgentController.startAgent(java.lang.String)
2019-04-15 11:03:38.212  INFO BIL-L-AWONG2 --- [           main] s.w.s.m.m.a.RequestMappingHandlerMapping : Mapped "{[/sockets/sample-socket-start-agent],methods=[GET]}" onto public hello.HttpResponse.HttpResult hello.Agent.AgentController.SendSampleStartAgent(java.lang.String)
2019-04-15 11:03:38.215  INFO BIL-L-AWONG2 --- [           main] s.w.s.m.m.a.RequestMappingHandlerMapping : Mapped "{[/sockets/sample-socket-update-all-agents],methods=[GET]}" onto public hello.HttpResponse.HttpResult hello.Agent.AgentController.SendSampleAllAgents()
2019-04-15 11:03:38.216  INFO BIL-L-AWONG2 --- [           main] s.w.s.m.m.a.RequestMappingHandlerMapping : Mapped "{[/agents/active/info],methods=[GET]}" onto public hello.HttpResponse.HttpResult hello.Agent.AgentController.GetActiveAgentsInfo()
2019-04-15 11:03:38.217  INFO BIL-L-AWONG2 --- [           main] s.w.s.m.m.a.RequestMappingHandlerMapping : Mapped "{[/sockets/sample-socket-stop-agent],methods=[GET]}" onto public hello.HttpResponse.HttpResult hello.Agent.AgentController.SendSampleStopAgent(java.lang.String)
2019-04-15 11:03:38.218  INFO BIL-L-AWONG2 --- [           main] s.w.s.m.m.a.RequestMappingHandlerMapping : Mapped "{[/agents/start],methods=[POST]}" onto public hello.HttpResponse.HttpResult hello.Agent.AgentController.startAgents(java.lang.String)
2019-04-15 11:03:38.219  INFO BIL-L-AWONG2 --- [           main] s.w.s.m.m.a.RequestMappingHandlerMapping : Mapped "{[/agents/stop],methods=[POST]}" onto public hello.HttpResponse.HttpResult hello.Agent.AgentController.stopAgents(java.lang.String)
2019-04-15 11:03:38.220  INFO BIL-L-AWONG2 --- [           main] s.w.s.m.m.a.RequestMappingHandlerMapping : Mapped "{[/sockets/send],methods=[GET]}" onto public hello.HttpResponse.HttpResult hello.Agent.AgentController.SendSocketMsg(java.lang.String)
2019-04-15 11:03:38.221  INFO BIL-L-AWONG2 --- [           main] s.w.s.m.m.a.RequestMappingHandlerMapping : Mapped "{[/sockets/sample-agent],methods=[GET]}" onto public hello.HttpResponse.HttpResult hello.Agent.AgentController.SendSampleAgent(java.lang.String)
2019-04-15 11:03:38.222  INFO BIL-L-AWONG2 --- [           main] s.w.s.m.m.a.RequestMappingHandlerMapping : Mapped "{[/sockets/sample-agents],methods=[GET]}" onto public hello.HttpResponse.HttpResult hello.Agent.AgentController.SendSampleAgents()
2019-04-15 11:03:38.228  INFO BIL-L-AWONG2 --- [           main] s.w.s.m.m.a.RequestMappingHandlerMapping : Mapped "{[/agent/add],methods=[POST]}" onto public hello.HttpResponse.HttpResult hello.Agent.AgentController.AddAgent(java.lang.String,java.lang.String,java.lang.String)
2019-04-15 11:03:38.230  INFO BIL-L-AWONG2 --- [           main] s.w.s.m.m.a.RequestMappingHandlerMapping : Mapped "{[/agent/stop],methods=[POST]}" onto public hello.HttpResponse.HttpResult hello.Agent.AgentController.stopAgent(java.lang.String)
2019-04-15 11:03:38.242  INFO BIL-L-AWONG2 --- [           main] s.w.s.m.m.a.RequestMappingHandlerMapping : Mapped "{[/agent/{idx}/info],methods=[GET]}" onto public hello.HttpResponse.HttpResult hello.Agent.AgentController.GetAgentInfo(java.lang.String)
2019-04-15 11:03:38.269  INFO BIL-L-AWONG2 --- [           main] s.w.s.m.m.a.RequestMappingHandlerMapping : Mapped "{[/shutdown],methods=[POST]}" onto public hello.HttpResponse.HttpResult hello.Agent.AgentController.ShutDown()
2019-04-15 11:03:38.286  INFO BIL-L-AWONG2 --- [           main] s.w.s.m.m.a.RequestMappingHandlerMapping : Mapped "{[/agents/info],methods=[GET]}" onto public hello.HttpResponse.HttpResult hello.Agent.AgentController.GetAgentsInfo()
2019-04-15 11:03:38.313  INFO BIL-L-AWONG2 --- [           main] s.w.s.m.m.a.RequestMappingHandlerMapping : Mapped "{[/error]}" onto public org.springframework.http.ResponseEntity<java.util.Map<java.lang.String, java.lang.Object>> org.springframework.boot.autoconfigure.web.servlet.error.BasicErrorController.error(javax.servlet.http.HttpServletRequest)
2019-04-15 11:03:38.324  INFO BIL-L-AWONG2 --- [           main] s.w.s.m.m.a.RequestMappingHandlerMapping : Mapped "{[/error],produces=[text/html]}" onto public org.springframework.web.servlet.ModelAndView org.springframework.boot.autoconfigure.web.servlet.error.BasicErrorController.errorHtml(javax.servlet.http.HttpServletRequest,javax.servlet.http.HttpServletResponse)
2019-04-15 11:03:38.503  INFO BIL-L-AWONG2 --- [           main] o.s.w.s.h.SimpleUrlHandlerMapping        : Mapped URL path [/webjars/**] onto handler of type [class org.springframework.web.servlet.resource.ResourceHttpRequestHandler]
2019-04-15 11:03:38.581  INFO BIL-L-AWONG2 --- [           main] o.s.w.s.h.SimpleUrlHandlerMapping        : Mapped URL path [/**] onto handler of type [class org.springframework.web.servlet.resource.ResourceHttpRequestHandler]
2019-04-15 11:03:39.178  INFO BIL-L-AWONG2 --- [           main] o.s.j.e.a.AnnotationMBeanExporter        : Registering beans for JMX exposure on startup
2019-04-15 11:03:39.211  INFO BIL-L-AWONG2 --- [           main] o.s.c.s.DefaultLifecycleProcessor        : Starting beans in phase 2147483647
2019-04-15 11:03:39.255  INFO BIL-L-AWONG2 --- [           main] o.a.c.h.Http11NioProtocol                : Starting ProtocolHandler ["http-nio-8080"]
2019-04-15 11:03:39.312  INFO BIL-L-AWONG2 --- [           main] o.a.t.u.n.NioSelectorPool                : Using a shared selector for servlet write/read
2019-04-15 11:03:39.439  INFO BIL-L-AWONG2 --- [           main] o.s.b.w.e.t.TomcatWebServer              : Tomcat started on port(s): 8080 (http) with context path ''
2019-04-15 11:03:42.000  INFO BIL-L-AWONG2 --- [io-8080-exec-10] o.a.c.c.C.[.[.[/]                        : Initializing Spring FrameworkServlet 'dispatcherServlet'
2019-04-15 11:03:42.002  INFO BIL-L-AWONG2 --- [io-8080-exec-10] o.s.w.s.DispatcherServlet                : FrameworkServlet 'dispatcherServlet': initialization started
2019-04-15 11:03:42.069  INFO BIL-L-AWONG2 --- [io-8080-exec-10] o.s.w.s.DispatcherServlet                : FrameworkServlet 'dispatcherServlet': initialization completed in 66 ms
2019-04-15 11:04:54.646  INFO BIL-L-AWONG2 --- [       Thread-4] ConfigServletWebServerApplicationContext : Closing org.springframework.boot.web.servlet.context.AnnotationConfigServletWebServerApplicationContext@10a3d2a: startup date [Mon Apr 15 11:03:32 EDT 2019]; root of context hierarchy
2019-04-15 11:04:54.657  INFO BIL-L-AWONG2 --- [       Thread-4] o.s.c.s.DefaultLifecycleProcessor        : Stopping beans in phase 2147483647
2019-04-15 11:04:54.659  INFO BIL-L-AWONG2 --- [       Thread-4] o.s.j.e.a.AnnotationMBeanExporter        : Unregistering JMX-exposed beans on shutdown
2019-04-15 11:05:22.442  INFO BIL-L-AWONG2 --- [           main] ConfigServletWebServerApplicationContext : Refreshing org.springframework.boot.web.servlet.context.AnnotationConfigServletWebServerApplicationContext@47092b32: startup date [Mon Apr 15 11:05:22 EDT 2019]; root of context hierarchy
2019-04-15 11:05:26.028  INFO BIL-L-AWONG2 --- [           main] o.s.b.w.e.t.TomcatWebServer              : Tomcat initialized with port(s): 8080 (http)
2019-04-15 11:05:26.103  INFO BIL-L-AWONG2 --- [           main] o.a.c.h.Http11NioProtocol                : Initializing ProtocolHandler ["http-nio-8080"]
2019-04-15 11:05:26.125  INFO BIL-L-AWONG2 --- [           main] o.a.c.c.StandardService                  : Starting service [Tomcat]
2019-04-15 11:05:26.171  INFO BIL-L-AWONG2 --- [           main] o.a.c.c.StandardEngine                   : Starting Servlet Engine: Apache Tomcat/8.5.34
2019-04-15 11:05:26.206  INFO BIL-L-AWONG2 --- [ost-startStop-1] o.a.c.c.AprLifecycleListener             : The APR based Apache Tomcat Native library which allows optimal performance in production environments was not found on the java.library.path: [C:\Program Files\Java\jdk1.8.0_201\bin;C:\Windows\Sun\Java\bin;C:\Windows\system32;C:\Windows;C:\Program Files (x86)\Common Files\Oracle\Java\javapath;C:\Program Files (x86)\RSA SecurID Token Common;C:\Program Files\RSA SecurID Token Common;C:\Windows\system32;C:\Windows;C:\Windows\System32\Wbem;C:\Windows\System32\WindowsPowerShell\v1.0\;C:\Windows\System32\OpenSSH\;C:\Program Files (x86)\CheckPoint\Endpoint Security\Endpoint Common\bin;C:\Program Files\nodejs\;C:\Program Files\Perforce\;C:\Program Files\Java\jdk1.8.0_201\bin;C:\Program Files\Git\cmd;C:\Program Files\Intel\WiFi\bin\;C:\Program Files\Common Files\Intel\WirelessCommon\;C:\Users\awong\AppData\Local\Microsoft\WindowsApps;C:\Users\awong\AppData\Local\Programs\Microsoft VS Code\bin;C:\Users\awong\AppData\Roaming\npm;C:\Program Files\apache-maven-3.6.0-bin\apache-maven-3.6.0\bin;;C:\Users\awong\AppData\Local\Programs\Fiddler;C:\Program Files\Intel\WiFi\bin\;C:\Program Files\Common Files\Intel\WirelessCommon\;.]
2019-04-15 11:05:26.489  INFO BIL-L-AWONG2 --- [ost-startStop-1] o.a.c.c.C.[.[.[/]                        : Initializing Spring embedded WebApplicationContext
2019-04-15 11:05:26.491  INFO BIL-L-AWONG2 --- [ost-startStop-1] o.s.w.c.ContextLoader                    : Root WebApplicationContext: initialization completed in 4058 ms
2019-04-15 11:05:26.717  INFO BIL-L-AWONG2 --- [ost-startStop-1] o.s.b.w.s.ServletRegistrationBean        : Servlet dispatcherServlet mapped to [/]
2019-04-15 11:05:26.734  INFO BIL-L-AWONG2 --- [ost-startStop-1] o.s.b.w.s.FilterRegistrationBean         : Mapping filter: 'characterEncodingFilter' to: [/*]
2019-04-15 11:05:26.735  INFO BIL-L-AWONG2 --- [ost-startStop-1] o.s.b.w.s.FilterRegistrationBean         : Mapping filter: 'hiddenHttpMethodFilter' to: [/*]
2019-04-15 11:05:26.735  INFO BIL-L-AWONG2 --- [ost-startStop-1] o.s.b.w.s.FilterRegistrationBean         : Mapping filter: 'httpPutFormContentFilter' to: [/*]
2019-04-15 11:05:26.737  INFO BIL-L-AWONG2 --- [ost-startStop-1] o.s.b.w.s.FilterRegistrationBean         : Mapping filter: 'requestContextFilter' to: [/*]
2019-04-15 11:05:26.963  INFO BIL-L-AWONG2 --- [           main] o.s.w.s.s.s.WebSocketHandlerMapping      : Mapped URL path [/sockets] onto handler of type [class org.springframework.web.socket.server.support.WebSocketHttpRequestHandler]
2019-04-15 11:05:27.271  INFO BIL-L-AWONG2 --- [           main] o.s.w.s.h.SimpleUrlHandlerMapping        : Mapped URL path [/**/favicon.ico] onto handler of type [class org.springframework.web.servlet.resource.ResourceHttpRequestHandler]
2019-04-15 11:05:27.783  INFO BIL-L-AWONG2 --- [           main] s.w.s.m.m.a.RequestMappingHandlerAdapter : Looking for @ControllerAdvice: org.springframework.boot.web.servlet.context.AnnotationConfigServletWebServerApplicationContext@47092b32: startup date [Mon Apr 15 11:05:22 EDT 2019]; root of context hierarchy
2019-04-15 11:05:28.045  INFO BIL-L-AWONG2 --- [           main] s.w.s.m.m.a.RequestMappingHandlerMapping : Mapped "{[/agent/start],methods=[POST]}" onto public hello.HttpResponse.HttpResult hello.Agent.AgentController.startAgent(java.lang.String)
2019-04-15 11:05:28.107  INFO BIL-L-AWONG2 --- [           main] s.w.s.m.m.a.RequestMappingHandlerMapping : Mapped "{[/agent/{idx}/info],methods=[GET]}" onto public hello.HttpResponse.HttpResult hello.Agent.AgentController.GetAgentInfo(java.lang.String)
2019-04-15 11:05:28.115  INFO BIL-L-AWONG2 --- [           main] s.w.s.m.m.a.RequestMappingHandlerMapping : Mapped "{[/sockets/send],methods=[GET]}" onto public hello.HttpResponse.HttpResult hello.Agent.AgentController.SendSocketMsg(java.lang.String)
2019-04-15 11:05:28.117  INFO BIL-L-AWONG2 --- [           main] s.w.s.m.m.a.RequestMappingHandlerMapping : Mapped "{[/sockets/sample-agents],methods=[GET]}" onto public hello.HttpResponse.HttpResult hello.Agent.AgentController.SendSampleAgents()
2019-04-15 11:05:28.118  INFO BIL-L-AWONG2 --- [           main] s.w.s.m.m.a.RequestMappingHandlerMapping : Mapped "{[/sockets/sample-agent],methods=[GET]}" onto public hello.HttpResponse.HttpResult hello.Agent.AgentController.SendSampleAgent(java.lang.String)
2019-04-15 11:05:28.132  INFO BIL-L-AWONG2 --- [           main] s.w.s.m.m.a.RequestMappingHandlerMapping : Mapped "{[/agents/start],methods=[POST]}" onto public hello.HttpResponse.HttpResult hello.Agent.AgentController.startAgents(java.lang.String)
2019-04-15 11:05:28.133  INFO BIL-L-AWONG2 --- [           main] s.w.s.m.m.a.RequestMappingHandlerMapping : Mapped "{[/agent/stop],methods=[POST]}" onto public hello.HttpResponse.HttpResult hello.Agent.AgentController.stopAgent(java.lang.String)
2019-04-15 11:05:28.134  INFO BIL-L-AWONG2 --- [           main] s.w.s.m.m.a.RequestMappingHandlerMapping : Mapped "{[/agents/stop],methods=[POST]}" onto public hello.HttpResponse.HttpResult hello.Agent.AgentController.stopAgents(java.lang.String)
2019-04-15 11:05:28.173  INFO BIL-L-AWONG2 --- [           main] s.w.s.m.m.a.RequestMappingHandlerMapping : Mapped "{[/agents/info],methods=[GET]}" onto public hello.HttpResponse.HttpResult hello.Agent.AgentController.GetAgentsInfo()
2019-04-15 11:05:28.177  INFO BIL-L-AWONG2 --- [           main] s.w.s.m.m.a.RequestMappingHandlerMapping : Mapped "{[/shutdown],methods=[POST]}" onto public hello.HttpResponse.HttpResult hello.Agent.AgentController.ShutDown()
2019-04-15 11:05:28.199  INFO BIL-L-AWONG2 --- [           main] s.w.s.m.m.a.RequestMappingHandlerMapping : Mapped "{[/agent/add],methods=[POST]}" onto public hello.HttpResponse.HttpResult hello.Agent.AgentController.AddAgent(java.lang.String,java.lang.String,java.lang.String)
2019-04-15 11:05:28.205  INFO BIL-L-AWONG2 --- [           main] s.w.s.m.m.a.RequestMappingHandlerMapping : Mapped "{[/sockets/sample-socket-update-all-agents],methods=[GET]}" onto public hello.HttpResponse.HttpResult hello.Agent.AgentController.SendSampleAllAgents()
2019-04-15 11:05:28.206  INFO BIL-L-AWONG2 --- [           main] s.w.s.m.m.a.RequestMappingHandlerMapping : Mapped "{[/agents/active/info],methods=[GET]}" onto public hello.HttpResponse.HttpResult hello.Agent.AgentController.GetActiveAgentsInfo()
2019-04-15 11:05:28.207  INFO BIL-L-AWONG2 --- [           main] s.w.s.m.m.a.RequestMappingHandlerMapping : Mapped "{[/sockets/sample-socket-start-agent],methods=[GET]}" onto public hello.HttpResponse.HttpResult hello.Agent.AgentController.SendSampleStartAgent(java.lang.String)
2019-04-15 11:05:28.207  INFO BIL-L-AWONG2 --- [           main] s.w.s.m.m.a.RequestMappingHandlerMapping : Mapped "{[/sockets/sample-socket-stop-agent],methods=[GET]}" onto public hello.HttpResponse.HttpResult hello.Agent.AgentController.SendSampleStopAgent(java.lang.String)
2019-04-15 11:05:28.213  INFO BIL-L-AWONG2 --- [           main] s.w.s.m.m.a.RequestMappingHandlerMapping : Mapped "{[/error]}" onto public org.springframework.http.ResponseEntity<java.util.Map<java.lang.String, java.lang.Object>> org.springframework.boot.autoconfigure.web.servlet.error.BasicErrorController.error(javax.servlet.http.HttpServletRequest)
2019-04-15 11:05:28.214  INFO BIL-L-AWONG2 --- [           main] s.w.s.m.m.a.RequestMappingHandlerMapping : Mapped "{[/error],produces=[text/html]}" onto public org.springframework.web.servlet.ModelAndView org.springframework.boot.autoconfigure.web.servlet.error.BasicErrorController.errorHtml(javax.servlet.http.HttpServletRequest,javax.servlet.http.HttpServletResponse)
2019-04-15 11:05:28.308  INFO BIL-L-AWONG2 --- [           main] o.s.w.s.h.SimpleUrlHandlerMapping        : Mapped URL path [/webjars/**] onto handler of type [class org.springframework.web.servlet.resource.ResourceHttpRequestHandler]
2019-04-15 11:05:28.328  INFO BIL-L-AWONG2 --- [           main] o.s.w.s.h.SimpleUrlHandlerMapping        : Mapped URL path [/**] onto handler of type [class org.springframework.web.servlet.resource.ResourceHttpRequestHandler]
2019-04-15 11:05:28.800  INFO BIL-L-AWONG2 --- [           main] o.s.j.e.a.AnnotationMBeanExporter        : Registering beans for JMX exposure on startup
2019-04-15 11:05:28.839  INFO BIL-L-AWONG2 --- [           main] o.s.c.s.DefaultLifecycleProcessor        : Starting beans in phase 2147483647
2019-04-15 11:05:28.855  INFO BIL-L-AWONG2 --- [           main] o.a.c.h.Http11NioProtocol                : Starting ProtocolHandler ["http-nio-8080"]
2019-04-15 11:05:28.902  INFO BIL-L-AWONG2 --- [           main] o.a.t.u.n.NioSelectorPool                : Using a shared selector for servlet write/read
2019-04-15 11:05:29.016  INFO BIL-L-AWONG2 --- [           main] o.s.b.w.e.t.TomcatWebServer              : Tomcat started on port(s): 8080 (http) with context path ''
2019-04-15 11:05:31.258  INFO BIL-L-AWONG2 --- [nio-8080-exec-9] o.a.c.c.C.[.[.[/]                        : Initializing Spring FrameworkServlet 'dispatcherServlet'
2019-04-15 11:05:31.258  INFO BIL-L-AWONG2 --- [nio-8080-exec-9] o.s.w.s.DispatcherServlet                : FrameworkServlet 'dispatcherServlet': initialization started
2019-04-15 11:05:31.309  INFO BIL-L-AWONG2 --- [nio-8080-exec-9] o.s.w.s.DispatcherServlet                : FrameworkServlet 'dispatcherServlet': initialization completed in 50 ms
2019-04-15 11:12:24.938  INFO BIL-L-AWONG2 --- [       Thread-4] ConfigServletWebServerApplicationContext : Closing org.springframework.boot.web.servlet.context.AnnotationConfigServletWebServerApplicationContext@47092b32: startup date [Mon Apr 15 11:05:22 EDT 2019]; root of context hierarchy
2019-04-15 11:12:24.941  INFO BIL-L-AWONG2 --- [       Thread-4] o.s.c.s.DefaultLifecycleProcessor        : Stopping beans in phase 2147483647
2019-04-15 11:12:24.942  INFO BIL-L-AWONG2 --- [       Thread-4] o.s.j.e.a.AnnotationMBeanExporter        : Unregistering JMX-exposed beans on shutdown
2019-04-15 11:13:00.509  INFO BIL-L-AWONG2 --- [           main] ConfigServletWebServerApplicationContext : Refreshing org.springframework.boot.web.servlet.context.AnnotationConfigServletWebServerApplicationContext@6558c12c: startup date [Mon Apr 15 11:13:00 EDT 2019]; root of context hierarchy
2019-04-15 11:13:06.218  INFO BIL-L-AWONG2 --- [           main] o.s.b.w.e.t.TomcatWebServer              : Tomcat initialized with port(s): 8080 (http)
2019-04-15 11:13:06.305  INFO BIL-L-AWONG2 --- [           main] o.a.c.h.Http11NioProtocol                : Initializing ProtocolHandler ["http-nio-8080"]
2019-04-15 11:13:06.355  INFO BIL-L-AWONG2 --- [           main] o.a.c.c.StandardService                  : Starting service [Tomcat]
2019-04-15 11:13:06.360  INFO BIL-L-AWONG2 --- [           main] o.a.c.c.StandardEngine                   : Starting Servlet Engine: Apache Tomcat/8.5.34
2019-04-15 11:13:06.440  INFO BIL-L-AWONG2 --- [ost-startStop-1] o.a.c.c.AprLifecycleListener             : The APR based Apache Tomcat Native library which allows optimal performance in production environments was not found on the java.library.path: [C:\Program Files\Java\jdk1.8.0_201\bin;C:\Windows\Sun\Java\bin;C:\Windows\system32;C:\Windows;C:\Program Files (x86)\Common Files\Oracle\Java\javapath;C:\Program Files (x86)\RSA SecurID Token Common;C:\Program Files\RSA SecurID Token Common;C:\Windows\system32;C:\Windows;C:\Windows\System32\Wbem;C:\Windows\System32\WindowsPowerShell\v1.0\;C:\Windows\System32\OpenSSH\;C:\Program Files (x86)\CheckPoint\Endpoint Security\Endpoint Common\bin;C:\Program Files\nodejs\;C:\Program Files\Perforce\;C:\Program Files\Java\jdk1.8.0_201\bin;C:\Program Files\Git\cmd;C:\Program Files\Intel\WiFi\bin\;C:\Program Files\Common Files\Intel\WirelessCommon\;C:\Users\awong\AppData\Local\Microsoft\WindowsApps;C:\Users\awong\AppData\Local\Programs\Microsoft VS Code\bin;C:\Users\awong\AppData\Roaming\npm;C:\Program Files\apache-maven-3.6.0-bin\apache-maven-3.6.0\bin;;C:\Users\awong\AppData\Local\Programs\Fiddler;C:\Program Files\Intel\WiFi\bin\;C:\Program Files\Common Files\Intel\WirelessCommon\;.]
2019-04-15 11:13:06.844  INFO BIL-L-AWONG2 --- [ost-startStop-1] o.a.c.c.C.[.[.[/]                        : Initializing Spring embedded WebApplicationContext
2019-04-15 11:13:06.898  INFO BIL-L-AWONG2 --- [ost-startStop-1] o.s.w.c.ContextLoader                    : Root WebApplicationContext: initialization completed in 6398 ms
2019-04-15 11:13:07.228  INFO BIL-L-AWONG2 --- [ost-startStop-1] o.s.b.w.s.ServletRegistrationBean        : Servlet dispatcherServlet mapped to [/]
2019-04-15 11:13:07.239  INFO BIL-L-AWONG2 --- [ost-startStop-1] o.s.b.w.s.FilterRegistrationBean         : Mapping filter: 'characterEncodingFilter' to: [/*]
2019-04-15 11:13:07.240  INFO BIL-L-AWONG2 --- [ost-startStop-1] o.s.b.w.s.FilterRegistrationBean         : Mapping filter: 'hiddenHttpMethodFilter' to: [/*]
2019-04-15 11:13:07.241  INFO BIL-L-AWONG2 --- [ost-startStop-1] o.s.b.w.s.FilterRegistrationBean         : Mapping filter: 'httpPutFormContentFilter' to: [/*]
2019-04-15 11:13:07.244  INFO BIL-L-AWONG2 --- [ost-startStop-1] o.s.b.w.s.FilterRegistrationBean         : Mapping filter: 'requestContextFilter' to: [/*]
2019-04-15 11:13:07.663  INFO BIL-L-AWONG2 --- [           main] o.s.w.s.s.s.WebSocketHandlerMapping      : Mapped URL path [/sockets] onto handler of type [class org.springframework.web.socket.server.support.WebSocketHttpRequestHandler]
2019-04-15 11:13:08.001  INFO BIL-L-AWONG2 --- [           main] o.s.w.s.h.SimpleUrlHandlerMapping        : Mapped URL path [/**/favicon.ico] onto handler of type [class org.springframework.web.servlet.resource.ResourceHttpRequestHandler]
2019-04-15 11:13:09.039  INFO BIL-L-AWONG2 --- [           main] s.w.s.m.m.a.RequestMappingHandlerAdapter : Looking for @ControllerAdvice: org.springframework.boot.web.servlet.context.AnnotationConfigServletWebServerApplicationContext@6558c12c: startup date [Mon Apr 15 11:13:00 EDT 2019]; root of context hierarchy
2019-04-15 11:13:09.477  INFO BIL-L-AWONG2 --- [           main] s.w.s.m.m.a.RequestMappingHandlerMapping : Mapped "{[/agent/start],methods=[POST]}" onto public hello.HttpResponse.HttpResult hello.Agent.AgentController.startAgent(java.lang.String)
2019-04-15 11:13:09.581  INFO BIL-L-AWONG2 --- [           main] s.w.s.m.m.a.RequestMappingHandlerMapping : Mapped "{[/agents/info],methods=[GET]}" onto public hello.HttpResponse.HttpResult hello.Agent.AgentController.GetAgentsInfo()
2019-04-15 11:13:09.585  INFO BIL-L-AWONG2 --- [           main] s.w.s.m.m.a.RequestMappingHandlerMapping : Mapped "{[/agent/{idx}/info],methods=[GET]}" onto public hello.HttpResponse.HttpResult hello.Agent.AgentController.GetAgentInfo(java.lang.String)
2019-04-15 11:13:09.588  INFO BIL-L-AWONG2 --- [           main] s.w.s.m.m.a.RequestMappingHandlerMapping : Mapped "{[/agent/stop],methods=[POST]}" onto public hello.HttpResponse.HttpResult hello.Agent.AgentController.stopAgent(java.lang.String)
2019-04-15 11:13:09.589  INFO BIL-L-AWONG2 --- [           main] s.w.s.m.m.a.RequestMappingHandlerMapping : Mapped "{[/agents/start],methods=[POST]}" onto public hello.HttpResponse.HttpResult hello.Agent.AgentController.startAgents(java.lang.String)
2019-04-15 11:13:09.590  INFO BIL-L-AWONG2 --- [           main] s.w.s.m.m.a.RequestMappingHandlerMapping : Mapped "{[/sockets/send],methods=[GET]}" onto public hello.HttpResponse.HttpResult hello.Agent.AgentController.SendSocketMsg(java.lang.String)
2019-04-15 11:13:09.591  INFO BIL-L-AWONG2 --- [           main] s.w.s.m.m.a.RequestMappingHandlerMapping : Mapped "{[/agent/add],methods=[POST]}" onto public hello.HttpResponse.HttpResult hello.Agent.AgentController.AddAgent(java.lang.String,java.lang.String,java.lang.String)
2019-04-15 11:13:09.592  INFO BIL-L-AWONG2 --- [           main] s.w.s.m.m.a.RequestMappingHandlerMapping : Mapped "{[/sockets/sample-agent],methods=[GET]}" onto public hello.HttpResponse.HttpResult hello.Agent.AgentController.SendSampleAgent(java.lang.String)
2019-04-15 11:13:09.595  INFO BIL-L-AWONG2 --- [           main] s.w.s.m.m.a.RequestMappingHandlerMapping : Mapped "{[/agents/stop],methods=[POST]}" onto public hello.HttpResponse.HttpResult hello.Agent.AgentController.stopAgents(java.lang.String)
2019-04-15 11:13:09.612  INFO BIL-L-AWONG2 --- [           main] s.w.s.m.m.a.RequestMappingHandlerMapping : Mapped "{[/shutdown],methods=[POST]}" onto public hello.HttpResponse.HttpResult hello.Agent.AgentController.ShutDown()
2019-04-15 11:13:09.649  INFO BIL-L-AWONG2 --- [           main] s.w.s.m.m.a.RequestMappingHandlerMapping : Mapped "{[/sockets/sample-agents],methods=[GET]}" onto public hello.HttpResponse.HttpResult hello.Agent.AgentController.SendSampleAgents()
2019-04-15 11:13:09.660  INFO BIL-L-AWONG2 --- [           main] s.w.s.m.m.a.RequestMappingHandlerMapping : Mapped "{[/sockets/sample-socket-start-agent],methods=[GET]}" onto public hello.HttpResponse.HttpResult hello.Agent.AgentController.SendSampleStartAgent(java.lang.String)
2019-04-15 11:13:09.678  INFO BIL-L-AWONG2 --- [           main] s.w.s.m.m.a.RequestMappingHandlerMapping : Mapped "{[/sockets/sample-socket-update-all-agents],methods=[GET]}" onto public hello.HttpResponse.HttpResult hello.Agent.AgentController.SendSampleAllAgents()
2019-04-15 11:13:09.711  INFO BIL-L-AWONG2 --- [           main] s.w.s.m.m.a.RequestMappingHandlerMapping : Mapped "{[/sockets/sample-socket-stop-agent],methods=[GET]}" onto public hello.HttpResponse.HttpResult hello.Agent.AgentController.SendSampleStopAgent(java.lang.String)
2019-04-15 11:13:09.815  INFO BIL-L-AWONG2 --- [           main] s.w.s.m.m.a.RequestMappingHandlerMapping : Mapped "{[/agents/active/info],methods=[GET]}" onto public hello.HttpResponse.HttpResult hello.Agent.AgentController.GetActiveAgentsInfo()
2019-04-15 11:13:09.839  INFO BIL-L-AWONG2 --- [           main] s.w.s.m.m.a.RequestMappingHandlerMapping : Mapped "{[/error]}" onto public org.springframework.http.ResponseEntity<java.util.Map<java.lang.String, java.lang.Object>> org.springframework.boot.autoconfigure.web.servlet.error.BasicErrorController.error(javax.servlet.http.HttpServletRequest)
2019-04-15 11:13:09.842  INFO BIL-L-AWONG2 --- [           main] s.w.s.m.m.a.RequestMappingHandlerMapping : Mapped "{[/error],produces=[text/html]}" onto public org.springframework.web.servlet.ModelAndView org.springframework.boot.autoconfigure.web.servlet.error.BasicErrorController.errorHtml(javax.servlet.http.HttpServletRequest,javax.servlet.http.HttpServletResponse)
2019-04-15 11:13:10.002  INFO BIL-L-AWONG2 --- [           main] o.s.w.s.h.SimpleUrlHandlerMapping        : Mapped URL path [/webjars/**] onto handler of type [class org.springframework.web.servlet.resource.ResourceHttpRequestHandler]
2019-04-15 11:13:10.025  INFO BIL-L-AWONG2 --- [           main] o.s.w.s.h.SimpleUrlHandlerMapping        : Mapped URL path [/**] onto handler of type [class org.springframework.web.servlet.resource.ResourceHttpRequestHandler]
2019-04-15 11:13:10.789  INFO BIL-L-AWONG2 --- [           main] o.s.j.e.a.AnnotationMBeanExporter        : Registering beans for JMX exposure on startup
2019-04-15 11:13:10.803  INFO BIL-L-AWONG2 --- [           main] o.s.c.s.DefaultLifecycleProcessor        : Starting beans in phase 2147483647
2019-04-15 11:13:10.871  INFO BIL-L-AWONG2 --- [           main] o.a.c.h.Http11NioProtocol                : Starting ProtocolHandler ["http-nio-8080"]
2019-04-15 11:13:10.921  INFO BIL-L-AWONG2 --- [           main] o.a.t.u.n.NioSelectorPool                : Using a shared selector for servlet write/read
2019-04-15 11:13:11.075  INFO BIL-L-AWONG2 --- [           main] o.s.b.w.e.t.TomcatWebServer              : Tomcat started on port(s): 8080 (http) with context path ''
2019-04-15 11:13:11.193  INFO BIL-L-AWONG2 --- [nio-8080-exec-9] o.a.c.c.C.[.[.[/]                        : Initializing Spring FrameworkServlet 'dispatcherServlet'
2019-04-15 11:13:11.201  INFO BIL-L-AWONG2 --- [nio-8080-exec-9] o.s.w.s.DispatcherServlet                : FrameworkServlet 'dispatcherServlet': initialization started
2019-04-15 11:13:11.288  INFO BIL-L-AWONG2 --- [nio-8080-exec-9] o.s.w.s.DispatcherServlet                : FrameworkServlet 'dispatcherServlet': initialization completed in 87 ms
