2019-04-02 12:02:18.695  INFO BIL-L-AWONG2 --- [           main] ConfigServletWebServerApplicationContext : Refreshing org.springframework.boot.web.servlet.context.AnnotationConfigServletWebServerApplicationContext@6bfa4748: startup date [Tue Apr 02 12:02:18 EDT 2019]; root of context hierarchy
2019-04-02 12:02:21.861  INFO BIL-L-AWONG2 --- [           main] o.s.b.w.e.t.TomcatWebServer              : Tomcat initialized with port(s): 8080 (http)
2019-04-02 12:02:21.921  INFO BIL-L-AWONG2 --- [           main] o.a.c.h.Http11NioProtocol                : Initializing ProtocolHandler ["http-nio-8080"]
2019-04-02 12:02:21.954  INFO BIL-L-AWONG2 --- [           main] o.a.c.c.StandardService                  : Starting service [Tomcat]
2019-04-02 12:02:21.969  INFO BIL-L-AWONG2 --- [           main] o.a.c.c.StandardEngine                   : Starting Servlet Engine: Apache Tomcat/8.5.34
2019-04-02 12:02:22.002  INFO BIL-L-AWONG2 --- [ost-startStop-1] o.a.c.c.AprLifecycleListener             : The APR based Apache Tomcat Native library which allows optimal performance in production environments was not found on the java.library.path: [C:\Program Files\Java\jdk1.8.0_201\bin;C:\Windows\Sun\Java\bin;C:\Windows\system32;C:\Windows;C:\Program Files (x86)\Common Files\Oracle\Java\javapath;C:\Program Files (x86)\RSA SecurID Token Common;C:\Program Files\RSA SecurID Token Common;C:\Windows\system32;C:\Windows;C:\Windows\System32\Wbem;C:\Windows\System32\WindowsPowerShell\v1.0\;C:\Windows\System32\OpenSSH\;C:\Program Files (x86)\CheckPoint\Endpoint Security\Endpoint Common\bin;C:\Program Files\nodejs\;C:\Program Files\Perforce\;C:\Program Files\Java\jdk1.8.0_201\bin;C:\Program Files\Git\cmd;C:\Program Files\Intel\WiFi\bin\;C:\Program Files\Common Files\Intel\WirelessCommon\;C:\Users\awong\AppData\Local\Microsoft\WindowsApps;C:\Users\awong\AppData\Local\Programs\Microsoft VS Code\bin;C:\Users\awong\AppData\Roaming\npm;C:\Program Files\apache-maven-3.6.0-bin\apache-maven-3.6.0\bin;;C:\Users\awong\AppData\Local\Programs\Fiddler;C:\Program Files\Intel\WiFi\bin\;C:\Program Files\Common Files\Intel\WirelessCommon\;.]
2019-04-02 12:02:22.268  INFO BIL-L-AWONG2 --- [ost-startStop-1] o.a.c.c.C.[.[.[/]                        : Initializing Spring embedded WebApplicationContext
2019-04-02 12:02:22.275  INFO BIL-L-AWONG2 --- [ost-startStop-1] o.s.w.c.ContextLoader                    : Root WebApplicationContext: initialization completed in 3591 ms
2019-04-02 12:02:22.417  INFO BIL-L-AWONG2 --- [ost-startStop-1] o.s.b.w.s.ServletRegistrationBean        : Servlet dispatcherServlet mapped to [/]
2019-04-02 12:02:22.428  INFO BIL-L-AWONG2 --- [ost-startStop-1] o.s.b.w.s.FilterRegistrationBean         : Mapping filter: 'characterEncodingFilter' to: [/*]
2019-04-02 12:02:22.428  INFO BIL-L-AWONG2 --- [ost-startStop-1] o.s.b.w.s.FilterRegistrationBean         : Mapping filter: 'hiddenHttpMethodFilter' to: [/*]
2019-04-02 12:02:22.430  INFO BIL-L-AWONG2 --- [ost-startStop-1] o.s.b.w.s.FilterRegistrationBean         : Mapping filter: 'httpPutFormContentFilter' to: [/*]
2019-04-02 12:02:22.430  INFO BIL-L-AWONG2 --- [ost-startStop-1] o.s.b.w.s.FilterRegistrationBean         : Mapping filter: 'requestContextFilter' to: [/*]
2019-04-02 12:02:22.701  INFO BIL-L-AWONG2 --- [           main] o.s.w.s.h.SimpleUrlHandlerMapping        : Mapped URL path [/**/favicon.ico] onto handler of type [class org.springframework.web.servlet.resource.ResourceHttpRequestHandler]
2019-04-02 12:02:23.036  INFO BIL-L-AWONG2 --- [           main] s.w.s.m.m.a.RequestMappingHandlerAdapter : Looking for @ControllerAdvice: org.springframework.boot.web.servlet.context.AnnotationConfigServletWebServerApplicationContext@6bfa4748: startup date [Tue Apr 02 12:02:18 EDT 2019]; root of context hierarchy
2019-04-02 12:02:23.216  INFO BIL-L-AWONG2 --- [           main] s.w.s.m.m.a.RequestMappingHandlerMapping : Mapped "{[/greeting],methods=[GET]}" onto public hello.Greeting hello.GreetingController.greeting(java.lang.String)
2019-04-02 12:02:23.235  INFO BIL-L-AWONG2 --- [           main] s.w.s.m.m.a.RequestMappingHandlerMapping : Mapped "{[/runTest]}" onto public hello.HttpResponse.HttpResult hello.WaveController.vadMain(java.lang.String)
2019-04-02 12:02:23.237  INFO BIL-L-AWONG2 --- [           main] s.w.s.m.m.a.RequestMappingHandlerMapping : Mapped "{[/error]}" onto public org.springframework.http.ResponseEntity<java.util.Map<java.lang.String, java.lang.Object>> org.springframework.boot.autoconfigure.web.servlet.error.BasicErrorController.error(javax.servlet.http.HttpServletRequest)
2019-04-02 12:02:23.251  INFO BIL-L-AWONG2 --- [           main] s.w.s.m.m.a.RequestMappingHandlerMapping : Mapped "{[/error],produces=[text/html]}" onto public org.springframework.web.servlet.ModelAndView org.springframework.boot.autoconfigure.web.servlet.error.BasicErrorController.errorHtml(javax.servlet.http.HttpServletRequest,javax.servlet.http.HttpServletResponse)
2019-04-02 12:02:23.316  INFO BIL-L-AWONG2 --- [           main] o.s.w.s.h.SimpleUrlHandlerMapping        : Mapped URL path [/webjars/**] onto handler of type [class org.springframework.web.servlet.resource.ResourceHttpRequestHandler]
2019-04-02 12:02:23.320  INFO BIL-L-AWONG2 --- [           main] o.s.w.s.h.SimpleUrlHandlerMapping        : Mapped URL path [/**] onto handler of type [class org.springframework.web.servlet.resource.ResourceHttpRequestHandler]
2019-04-02 12:02:23.659  INFO BIL-L-AWONG2 --- [           main] o.s.j.e.a.AnnotationMBeanExporter        : Registering beans for JMX exposure on startup
2019-04-02 12:02:23.701  INFO BIL-L-AWONG2 --- [           main] o.a.c.h.Http11NioProtocol                : Starting ProtocolHandler ["http-nio-8080"]
2019-04-02 12:02:23.742  INFO BIL-L-AWONG2 --- [           main] o.a.t.u.n.NioSelectorPool                : Using a shared selector for servlet write/read
2019-04-02 12:02:23.783  INFO BIL-L-AWONG2 --- [           main] o.s.b.w.e.t.TomcatWebServer              : Tomcat started on port(s): 8080 (http) with context path ''
2019-04-02 12:02:58.880  INFO BIL-L-AWONG2 --- [nio-8080-exec-1] o.a.c.c.C.[.[.[/]                        : Initializing Spring FrameworkServlet 'dispatcherServlet'
2019-04-02 12:02:58.882  INFO BIL-L-AWONG2 --- [nio-8080-exec-1] o.s.w.s.DispatcherServlet                : FrameworkServlet 'dispatcherServlet': initialization started
2019-04-02 12:02:58.927  INFO BIL-L-AWONG2 --- [nio-8080-exec-1] o.s.w.s.DispatcherServlet                : FrameworkServlet 'dispatcherServlet': initialization completed in 45 ms
2019-04-02 12:05:08.796  INFO BIL-L-AWONG2 --- [       Thread-4] ConfigServletWebServerApplicationContext : Closing org.springframework.boot.web.servlet.context.AnnotationConfigServletWebServerApplicationContext@6bfa4748: startup date [Tue Apr 02 12:02:18 EDT 2019]; root of context hierarchy
2019-04-02 12:05:08.804  INFO BIL-L-AWONG2 --- [       Thread-4] o.s.j.e.a.AnnotationMBeanExporter        : Unregistering JMX-exposed beans on shutdown
2019-04-02 12:05:19.936  INFO BIL-L-AWONG2 --- [           main] ConfigServletWebServerApplicationContext : Refreshing org.springframework.boot.web.servlet.context.AnnotationConfigServletWebServerApplicationContext@254ee207: startup date [Tue Apr 02 12:05:19 EDT 2019]; root of context hierarchy
2019-04-02 12:05:21.546  INFO BIL-L-AWONG2 --- [           main] o.s.b.w.e.t.TomcatWebServer              : Tomcat initialized with port(s): 8080 (http)
2019-04-02 12:05:21.591  INFO BIL-L-AWONG2 --- [           main] o.a.c.h.Http11NioProtocol                : Initializing ProtocolHandler ["http-nio-8080"]
2019-04-02 12:05:21.607  INFO BIL-L-AWONG2 --- [           main] o.a.c.c.StandardService                  : Starting service [Tomcat]
2019-04-02 12:05:21.607  INFO BIL-L-AWONG2 --- [           main] o.a.c.c.StandardEngine                   : Starting Servlet Engine: Apache Tomcat/8.5.34
2019-04-02 12:05:21.633  INFO BIL-L-AWONG2 --- [ost-startStop-1] o.a.c.c.AprLifecycleListener             : The APR based Apache Tomcat Native library which allows optimal performance in production environments was not found on the java.library.path: [C:\Program Files\Java\jdk1.8.0_201\bin;C:\Windows\Sun\Java\bin;C:\Windows\system32;C:\Windows;C:\Program Files (x86)\Common Files\Oracle\Java\javapath;C:\Program Files (x86)\RSA SecurID Token Common;C:\Program Files\RSA SecurID Token Common;C:\Windows\system32;C:\Windows;C:\Windows\System32\Wbem;C:\Windows\System32\WindowsPowerShell\v1.0\;C:\Windows\System32\OpenSSH\;C:\Program Files (x86)\CheckPoint\Endpoint Security\Endpoint Common\bin;C:\Program Files\nodejs\;C:\Program Files\Perforce\;C:\Program Files\Java\jdk1.8.0_201\bin;C:\Program Files\Git\cmd;C:\Program Files\Intel\WiFi\bin\;C:\Program Files\Common Files\Intel\WirelessCommon\;C:\Users\awong\AppData\Local\Microsoft\WindowsApps;C:\Users\awong\AppData\Local\Programs\Microsoft VS Code\bin;C:\Users\awong\AppData\Roaming\npm;C:\Program Files\apache-maven-3.6.0-bin\apache-maven-3.6.0\bin;;C:\Users\awong\AppData\Local\Programs\Fiddler;C:\Program Files\Intel\WiFi\bin\;C:\Program Files\Common Files\Intel\WirelessCommon\;.]
2019-04-02 12:05:21.813  INFO BIL-L-AWONG2 --- [ost-startStop-1] o.a.c.c.C.[.[.[/]                        : Initializing Spring embedded WebApplicationContext
2019-04-02 12:05:21.818  INFO BIL-L-AWONG2 --- [ost-startStop-1] o.s.w.c.ContextLoader                    : Root WebApplicationContext: initialization completed in 1886 ms
2019-04-02 12:05:21.946  INFO BIL-L-AWONG2 --- [ost-startStop-1] o.s.b.w.s.ServletRegistrationBean        : Servlet dispatcherServlet mapped to [/]
2019-04-02 12:05:21.955  INFO BIL-L-AWONG2 --- [ost-startStop-1] o.s.b.w.s.FilterRegistrationBean         : Mapping filter: 'characterEncodingFilter' to: [/*]
2019-04-02 12:05:21.958  INFO BIL-L-AWONG2 --- [ost-startStop-1] o.s.b.w.s.FilterRegistrationBean         : Mapping filter: 'hiddenHttpMethodFilter' to: [/*]
2019-04-02 12:05:21.959  INFO BIL-L-AWONG2 --- [ost-startStop-1] o.s.b.w.s.FilterRegistrationBean         : Mapping filter: 'httpPutFormContentFilter' to: [/*]
2019-04-02 12:05:21.959  INFO BIL-L-AWONG2 --- [ost-startStop-1] o.s.b.w.s.FilterRegistrationBean         : Mapping filter: 'requestContextFilter' to: [/*]
2019-04-02 12:05:22.198  INFO BIL-L-AWONG2 --- [           main] o.s.w.s.h.SimpleUrlHandlerMapping        : Mapped URL path [/**/favicon.ico] onto handler of type [class org.springframework.web.servlet.resource.ResourceHttpRequestHandler]
2019-04-02 12:05:22.457  INFO BIL-L-AWONG2 --- [           main] s.w.s.m.m.a.RequestMappingHandlerAdapter : Looking for @ControllerAdvice: org.springframework.boot.web.servlet.context.AnnotationConfigServletWebServerApplicationContext@254ee207: startup date [Tue Apr 02 12:05:19 EDT 2019]; root of context hierarchy
2019-04-02 12:05:22.577  INFO BIL-L-AWONG2 --- [           main] s.w.s.m.m.a.RequestMappingHandlerMapping : Mapped "{[/greeting],methods=[GET]}" onto public hello.Greeting hello.GreetingController.greeting(java.lang.String)
2019-04-02 12:05:22.590  INFO BIL-L-AWONG2 --- [           main] s.w.s.m.m.a.RequestMappingHandlerMapping : Mapped "{[/runTest]}" onto public hello.HttpResponse.HttpResult hello.WaveController.vadMain(java.lang.String)
2019-04-02 12:05:22.591  INFO BIL-L-AWONG2 --- [           main] s.w.s.m.m.a.RequestMappingHandlerMapping : Mapped "{[/error]}" onto public org.springframework.http.ResponseEntity<java.util.Map<java.lang.String, java.lang.Object>> org.springframework.boot.autoconfigure.web.servlet.error.BasicErrorController.error(javax.servlet.http.HttpServletRequest)
2019-04-02 12:05:22.600  INFO BIL-L-AWONG2 --- [           main] s.w.s.m.m.a.RequestMappingHandlerMapping : Mapped "{[/error],produces=[text/html]}" onto public org.springframework.web.servlet.ModelAndView org.springframework.boot.autoconfigure.web.servlet.error.BasicErrorController.errorHtml(javax.servlet.http.HttpServletRequest,javax.servlet.http.HttpServletResponse)
2019-04-02 12:05:22.635  INFO BIL-L-AWONG2 --- [           main] o.s.w.s.h.SimpleUrlHandlerMapping        : Mapped URL path [/webjars/**] onto handler of type [class org.springframework.web.servlet.resource.ResourceHttpRequestHandler]
2019-04-02 12:05:22.642  INFO BIL-L-AWONG2 --- [           main] o.s.w.s.h.SimpleUrlHandlerMapping        : Mapped URL path [/**] onto handler of type [class org.springframework.web.servlet.resource.ResourceHttpRequestHandler]
2019-04-02 12:05:22.840  INFO BIL-L-AWONG2 --- [           main] o.s.j.e.a.AnnotationMBeanExporter        : Registering beans for JMX exposure on startup
2019-04-02 12:05:22.864  INFO BIL-L-AWONG2 --- [           main] o.a.c.h.Http11NioProtocol                : Starting ProtocolHandler ["http-nio-8080"]
2019-04-02 12:05:22.889  INFO BIL-L-AWONG2 --- [           main] o.a.t.u.n.NioSelectorPool                : Using a shared selector for servlet write/read
2019-04-02 12:05:22.922  INFO BIL-L-AWONG2 --- [           main] o.s.b.w.e.t.TomcatWebServer              : Tomcat started on port(s): 8080 (http) with context path ''
2019-04-02 12:05:31.039  INFO BIL-L-AWONG2 --- [nio-8080-exec-1] o.a.c.c.C.[.[.[/]                        : Initializing Spring FrameworkServlet 'dispatcherServlet'
2019-04-02 12:05:31.040  INFO BIL-L-AWONG2 --- [nio-8080-exec-1] o.s.w.s.DispatcherServlet                : FrameworkServlet 'dispatcherServlet': initialization started
2019-04-02 12:05:31.073  INFO BIL-L-AWONG2 --- [nio-8080-exec-1] o.s.w.s.DispatcherServlet                : FrameworkServlet 'dispatcherServlet': initialization completed in 32 ms
2019-04-02 13:11:46.708  INFO BIL-L-AWONG2 --- [       Thread-4] ConfigServletWebServerApplicationContext : Closing org.springframework.boot.web.servlet.context.AnnotationConfigServletWebServerApplicationContext@254ee207: startup date [Tue Apr 02 12:05:19 EDT 2019]; root of context hierarchy
2019-04-02 13:11:46.811  INFO BIL-L-AWONG2 --- [       Thread-4] o.s.j.e.a.AnnotationMBeanExporter        : Unregistering JMX-exposed beans on shutdown
2019-04-03 14:21:46.594  INFO BIL-L-AWONG2 --- [           main] ConfigServletWebServerApplicationContext : Refreshing org.springframework.boot.web.servlet.context.AnnotationConfigServletWebServerApplicationContext@2319e9ed: startup date [Wed Apr 03 14:21:46 EDT 2019]; root of context hierarchy
2019-04-03 14:21:48.784  INFO BIL-L-AWONG2 --- [           main] o.s.b.w.e.t.TomcatWebServer              : Tomcat initialized with port(s): 8080 (http)
2019-04-03 14:21:48.835  INFO BIL-L-AWONG2 --- [           main] o.a.c.h.Http11NioProtocol                : Initializing ProtocolHandler ["http-nio-8080"]
2019-04-03 14:21:48.890  INFO BIL-L-AWONG2 --- [           main] o.a.c.c.StandardService                  : Starting service [Tomcat]
2019-04-03 14:21:48.893  INFO BIL-L-AWONG2 --- [           main] o.a.c.c.StandardEngine                   : Starting Servlet Engine: Apache Tomcat/8.5.34
2019-04-03 14:21:48.968  INFO BIL-L-AWONG2 --- [ost-startStop-1] o.a.c.c.AprLifecycleListener             : The APR based Apache Tomcat Native library which allows optimal performance in production environments was not found on the java.library.path: [C:\Program Files\Java\jdk1.8.0_201\bin;C:\Windows\Sun\Java\bin;C:\Windows\system32;C:\Windows;C:\Program Files (x86)\Common Files\Oracle\Java\javapath;C:\Program Files (x86)\RSA SecurID Token Common;C:\Program Files\RSA SecurID Token Common;C:\Windows\system32;C:\Windows;C:\Windows\System32\Wbem;C:\Windows\System32\WindowsPowerShell\v1.0\;C:\Windows\System32\OpenSSH\;C:\Program Files (x86)\CheckPoint\Endpoint Security\Endpoint Common\bin;C:\Program Files\nodejs\;C:\Program Files\Perforce\;C:\Program Files\Java\jdk1.8.0_201\bin;C:\Program Files\Git\cmd;C:\Program Files\Intel\WiFi\bin\;C:\Program Files\Common Files\Intel\WirelessCommon\;C:\Users\awong\AppData\Local\Microsoft\WindowsApps;C:\Users\awong\AppData\Local\Programs\Microsoft VS Code\bin;C:\Users\awong\AppData\Roaming\npm;C:\Program Files\apache-maven-3.6.0-bin\apache-maven-3.6.0\bin;;C:\Users\awong\AppData\Local\Programs\Fiddler;C:\Program Files\Intel\WiFi\bin\;C:\Program Files\Common Files\Intel\WirelessCommon\;.]
2019-04-03 14:21:49.183  INFO BIL-L-AWONG2 --- [ost-startStop-1] o.a.c.c.C.[.[.[/]                        : Initializing Spring embedded WebApplicationContext
2019-04-03 14:21:49.183  INFO BIL-L-AWONG2 --- [ost-startStop-1] o.s.w.c.ContextLoader                    : Root WebApplicationContext: initialization completed in 2595 ms
2019-04-03 14:21:49.299  INFO BIL-L-AWONG2 --- [ost-startStop-1] o.s.b.w.s.ServletRegistrationBean        : Servlet dispatcherServlet mapped to [/]
2019-04-03 14:21:49.304  INFO BIL-L-AWONG2 --- [ost-startStop-1] o.s.b.w.s.FilterRegistrationBean         : Mapping filter: 'characterEncodingFilter' to: [/*]
2019-04-03 14:21:49.304  INFO BIL-L-AWONG2 --- [ost-startStop-1] o.s.b.w.s.FilterRegistrationBean         : Mapping filter: 'hiddenHttpMethodFilter' to: [/*]
2019-04-03 14:21:49.305  INFO BIL-L-AWONG2 --- [ost-startStop-1] o.s.b.w.s.FilterRegistrationBean         : Mapping filter: 'httpPutFormContentFilter' to: [/*]
2019-04-03 14:21:49.305  INFO BIL-L-AWONG2 --- [ost-startStop-1] o.s.b.w.s.FilterRegistrationBean         : Mapping filter: 'requestContextFilter' to: [/*]
2019-04-03 14:21:49.439  INFO BIL-L-AWONG2 --- [           main] o.s.w.s.s.s.WebSocketHandlerMapping      : Mapped URL path [/socket] onto handler of type [class org.springframework.web.socket.server.support.WebSocketHttpRequestHandler]
2019-04-03 14:21:49.576  INFO BIL-L-AWONG2 --- [           main] o.s.w.s.h.SimpleUrlHandlerMapping        : Mapped URL path [/**/favicon.ico] onto handler of type [class org.springframework.web.servlet.resource.ResourceHttpRequestHandler]
2019-04-03 14:21:49.838  INFO BIL-L-AWONG2 --- [           main] s.w.s.m.m.a.RequestMappingHandlerAdapter : Looking for @ControllerAdvice: org.springframework.boot.web.servlet.context.AnnotationConfigServletWebServerApplicationContext@2319e9ed: startup date [Wed Apr 03 14:21:46 EDT 2019]; root of context hierarchy
2019-04-03 14:21:49.975  INFO BIL-L-AWONG2 --- [           main] s.w.s.m.m.a.RequestMappingHandlerMapping : Mapped "{[/agent/start],methods=[POST]}" onto public hello.HttpResponse.HttpResult hello.Agent.AgentController.startAgent(java.lang.String)
2019-04-03 14:21:49.977  INFO BIL-L-AWONG2 --- [           main] s.w.s.m.m.a.RequestMappingHandlerMapping : Mapped "{[/agents/active/info],methods=[GET]}" onto public hello.HttpResponse.HttpResult hello.Agent.AgentController.GetActiveAgentsInfo()
2019-04-03 14:21:49.978  INFO BIL-L-AWONG2 --- [           main] s.w.s.m.m.a.RequestMappingHandlerMapping : Mapped "{[/agents/start],methods=[POST]}" onto public hello.HttpResponse.HttpResult hello.Agent.AgentController.startAgents(java.lang.String)
2019-04-03 14:21:49.979  INFO BIL-L-AWONG2 --- [           main] s.w.s.m.m.a.RequestMappingHandlerMapping : Mapped "{[/agent/stop],methods=[POST]}" onto public hello.HttpResponse.HttpResult hello.Agent.AgentController.stopAgent(java.lang.String)
2019-04-03 14:21:49.979  INFO BIL-L-AWONG2 --- [           main] s.w.s.m.m.a.RequestMappingHandlerMapping : Mapped "{[/agent/{idx}/info],methods=[GET]}" onto public hello.HttpResponse.HttpResult hello.Agent.AgentController.GetAgentInfo(java.lang.String)
2019-04-03 14:21:49.980  INFO BIL-L-AWONG2 --- [           main] s.w.s.m.m.a.RequestMappingHandlerMapping : Mapped "{[/agents/info],methods=[GET]}" onto public hello.HttpResponse.HttpResult hello.Agent.AgentController.GetAgentsInfo()
2019-04-03 14:21:49.981  INFO BIL-L-AWONG2 --- [           main] s.w.s.m.m.a.RequestMappingHandlerMapping : Mapped "{[/agent/add],methods=[POST]}" onto public hello.HttpResponse.HttpResult hello.Agent.AgentController.AddAgent(java.lang.String,java.lang.String,java.lang.String)
2019-04-03 14:21:49.981  INFO BIL-L-AWONG2 --- [           main] s.w.s.m.m.a.RequestMappingHandlerMapping : Mapped "{[/agents/stop],methods=[POST]}" onto public hello.HttpResponse.HttpResult hello.Agent.AgentController.stopAgents(java.lang.String)
2019-04-03 14:21:49.982  INFO BIL-L-AWONG2 --- [           main] s.w.s.m.m.a.RequestMappingHandlerMapping : Mapped "{[/server/send],methods=[GET]}" onto public hello.HttpResponse.HttpResult hello.Agent.AgentController.SendSocketMsg(java.lang.String)
2019-04-03 14:21:49.986  INFO BIL-L-AWONG2 --- [           main] s.w.s.m.m.a.RequestMappingHandlerMapping : Mapped "{[/error]}" onto public org.springframework.http.ResponseEntity<java.util.Map<java.lang.String, java.lang.Object>> org.springframework.boot.autoconfigure.web.servlet.error.BasicErrorController.error(javax.servlet.http.HttpServletRequest)
2019-04-03 14:21:49.987  INFO BIL-L-AWONG2 --- [           main] s.w.s.m.m.a.RequestMappingHandlerMapping : Mapped "{[/error],produces=[text/html]}" onto public org.springframework.web.servlet.ModelAndView org.springframework.boot.autoconfigure.web.servlet.error.BasicErrorController.errorHtml(javax.servlet.http.HttpServletRequest,javax.servlet.http.HttpServletResponse)
2019-04-03 14:21:50.022  INFO BIL-L-AWONG2 --- [           main] o.s.w.s.h.SimpleUrlHandlerMapping        : Mapped URL path [/webjars/**] onto handler of type [class org.springframework.web.servlet.resource.ResourceHttpRequestHandler]
2019-04-03 14:21:50.024  INFO BIL-L-AWONG2 --- [           main] o.s.w.s.h.SimpleUrlHandlerMapping        : Mapped URL path [/**] onto handler of type [class org.springframework.web.servlet.resource.ResourceHttpRequestHandler]
2019-04-03 14:21:50.258  INFO BIL-L-AWONG2 --- [           main] o.s.j.e.a.AnnotationMBeanExporter        : Registering beans for JMX exposure on startup
2019-04-03 14:21:50.277  INFO BIL-L-AWONG2 --- [           main] o.s.c.s.DefaultLifecycleProcessor        : Starting beans in phase 2147483647
2019-04-03 14:21:50.295  INFO BIL-L-AWONG2 --- [           main] o.a.c.h.Http11NioProtocol                : Starting ProtocolHandler ["http-nio-8080"]
2019-04-03 14:21:50.319  INFO BIL-L-AWONG2 --- [           main] o.a.t.u.n.NioSelectorPool                : Using a shared selector for servlet write/read
2019-04-03 14:21:50.354  INFO BIL-L-AWONG2 --- [           main] o.s.b.w.e.t.TomcatWebServer              : Tomcat started on port(s): 8080 (http) with context path ''
2019-04-03 14:22:08.904  INFO BIL-L-AWONG2 --- [io-8080-exec-10] o.a.c.c.C.[.[.[/]                        : Initializing Spring FrameworkServlet 'dispatcherServlet'
2019-04-03 14:22:08.905  INFO BIL-L-AWONG2 --- [io-8080-exec-10] o.s.w.s.DispatcherServlet                : FrameworkServlet 'dispatcherServlet': initialization started
2019-04-03 14:22:08.941  INFO BIL-L-AWONG2 --- [io-8080-exec-10] o.s.w.s.DispatcherServlet                : FrameworkServlet 'dispatcherServlet': initialization completed in 36 ms
2019-04-03 14:28:08.574  INFO BIL-L-AWONG2 --- [       Thread-4] ConfigServletWebServerApplicationContext : Closing org.springframework.boot.web.servlet.context.AnnotationConfigServletWebServerApplicationContext@2319e9ed: startup date [Wed Apr 03 14:21:46 EDT 2019]; root of context hierarchy
2019-04-03 14:28:08.576  INFO BIL-L-AWONG2 --- [       Thread-4] o.s.c.s.DefaultLifecycleProcessor        : Stopping beans in phase 2147483647
2019-04-03 14:28:08.578  INFO BIL-L-AWONG2 --- [       Thread-4] o.s.j.e.a.AnnotationMBeanExporter        : Unregistering JMX-exposed beans on shutdown
2019-04-03 14:28:23.501  INFO BIL-L-AWONG2 --- [           main] ConfigServletWebServerApplicationContext : Refreshing org.springframework.boot.web.servlet.context.AnnotationConfigServletWebServerApplicationContext@77f0fb18: startup date [Wed Apr 03 14:28:23 EDT 2019]; root of context hierarchy
2019-04-03 14:28:25.808  INFO BIL-L-AWONG2 --- [           main] o.s.b.w.e.t.TomcatWebServer              : Tomcat initialized with port(s): 8080 (http)
2019-04-03 14:28:25.844  INFO BIL-L-AWONG2 --- [           main] o.a.c.h.Http11NioProtocol                : Initializing ProtocolHandler ["http-nio-8080"]
2019-04-03 14:28:25.871  INFO BIL-L-AWONG2 --- [           main] o.a.c.c.StandardService                  : Starting service [Tomcat]
2019-04-03 14:28:25.873  INFO BIL-L-AWONG2 --- [           main] o.a.c.c.StandardEngine                   : Starting Servlet Engine: Apache Tomcat/8.5.34
2019-04-03 14:28:25.903  INFO BIL-L-AWONG2 --- [ost-startStop-1] o.a.c.c.AprLifecycleListener             : The APR based Apache Tomcat Native library which allows optimal performance in production environments was not found on the java.library.path: [C:\Program Files\Java\jdk1.8.0_201\bin;C:\Windows\Sun\Java\bin;C:\Windows\system32;C:\Windows;C:\Program Files (x86)\Common Files\Oracle\Java\javapath;C:\Program Files (x86)\RSA SecurID Token Common;C:\Program Files\RSA SecurID Token Common;C:\Windows\system32;C:\Windows;C:\Windows\System32\Wbem;C:\Windows\System32\WindowsPowerShell\v1.0\;C:\Windows\System32\OpenSSH\;C:\Program Files (x86)\CheckPoint\Endpoint Security\Endpoint Common\bin;C:\Program Files\nodejs\;C:\Program Files\Perforce\;C:\Program Files\Java\jdk1.8.0_201\bin;C:\Program Files\Git\cmd;C:\Program Files\Intel\WiFi\bin\;C:\Program Files\Common Files\Intel\WirelessCommon\;C:\Users\awong\AppData\Local\Microsoft\WindowsApps;C:\Users\awong\AppData\Local\Programs\Microsoft VS Code\bin;C:\Users\awong\AppData\Roaming\npm;C:\Program Files\apache-maven-3.6.0-bin\apache-maven-3.6.0\bin;;C:\Users\awong\AppData\Local\Programs\Fiddler;C:\Program Files\Intel\WiFi\bin\;C:\Program Files\Common Files\Intel\WirelessCommon\;.]
2019-04-03 14:28:26.064  INFO BIL-L-AWONG2 --- [ost-startStop-1] o.a.c.c.C.[.[.[/]                        : Initializing Spring embedded WebApplicationContext
2019-04-03 14:28:26.065  INFO BIL-L-AWONG2 --- [ost-startStop-1] o.s.w.c.ContextLoader                    : Root WebApplicationContext: initialization completed in 2570 ms
2019-04-03 14:28:26.180  INFO BIL-L-AWONG2 --- [ost-startStop-1] o.s.b.w.s.ServletRegistrationBean        : Servlet dispatcherServlet mapped to [/]
2019-04-03 14:28:26.186  INFO BIL-L-AWONG2 --- [ost-startStop-1] o.s.b.w.s.FilterRegistrationBean         : Mapping filter: 'characterEncodingFilter' to: [/*]
2019-04-03 14:28:26.188  INFO BIL-L-AWONG2 --- [ost-startStop-1] o.s.b.w.s.FilterRegistrationBean         : Mapping filter: 'hiddenHttpMethodFilter' to: [/*]
2019-04-03 14:28:26.188  INFO BIL-L-AWONG2 --- [ost-startStop-1] o.s.b.w.s.FilterRegistrationBean         : Mapping filter: 'httpPutFormContentFilter' to: [/*]
2019-04-03 14:28:26.189  INFO BIL-L-AWONG2 --- [ost-startStop-1] o.s.b.w.s.FilterRegistrationBean         : Mapping filter: 'requestContextFilter' to: [/*]
2019-04-03 14:28:26.331  INFO BIL-L-AWONG2 --- [           main] o.s.w.s.s.s.WebSocketHandlerMapping      : Mapped URL path [/socket] onto handler of type [class org.springframework.web.socket.server.support.WebSocketHttpRequestHandler]
2019-04-03 14:28:26.468  INFO BIL-L-AWONG2 --- [           main] o.s.w.s.h.SimpleUrlHandlerMapping        : Mapped URL path [/**/favicon.ico] onto handler of type [class org.springframework.web.servlet.resource.ResourceHttpRequestHandler]
2019-04-03 14:28:26.731  INFO BIL-L-AWONG2 --- [           main] s.w.s.m.m.a.RequestMappingHandlerAdapter : Looking for @ControllerAdvice: org.springframework.boot.web.servlet.context.AnnotationConfigServletWebServerApplicationContext@77f0fb18: startup date [Wed Apr 03 14:28:23 EDT 2019]; root of context hierarchy
2019-04-03 14:28:26.859  INFO BIL-L-AWONG2 --- [           main] s.w.s.m.m.a.RequestMappingHandlerMapping : Mapped "{[/agent/start],methods=[POST]}" onto public hello.HttpResponse.HttpResult hello.Agent.AgentController.startAgent(java.lang.String)
2019-04-03 14:28:26.862  INFO BIL-L-AWONG2 --- [           main] s.w.s.m.m.a.RequestMappingHandlerMapping : Mapped "{[/agents/active/info],methods=[GET]}" onto public hello.HttpResponse.HttpResult hello.Agent.AgentController.GetActiveAgentsInfo()
2019-04-03 14:28:26.863  INFO BIL-L-AWONG2 --- [           main] s.w.s.m.m.a.RequestMappingHandlerMapping : Mapped "{[/agents/info],methods=[GET]}" onto public hello.HttpResponse.HttpResult hello.Agent.AgentController.GetAgentsInfo()
2019-04-03 14:28:26.864  INFO BIL-L-AWONG2 --- [           main] s.w.s.m.m.a.RequestMappingHandlerMapping : Mapped "{[/agent/stop],methods=[POST]}" onto public hello.HttpResponse.HttpResult hello.Agent.AgentController.stopAgent(java.lang.String)
2019-04-03 14:28:26.865  INFO BIL-L-AWONG2 --- [           main] s.w.s.m.m.a.RequestMappingHandlerMapping : Mapped "{[/agent/add],methods=[POST]}" onto public hello.HttpResponse.HttpResult hello.Agent.AgentController.AddAgent(java.lang.String,java.lang.String,java.lang.String)
2019-04-03 14:28:26.878  INFO BIL-L-AWONG2 --- [           main] s.w.s.m.m.a.RequestMappingHandlerMapping : Mapped "{[/agents/stop],methods=[POST]}" onto public hello.HttpResponse.HttpResult hello.Agent.AgentController.stopAgents(java.lang.String)
2019-04-03 14:28:26.879  INFO BIL-L-AWONG2 --- [           main] s.w.s.m.m.a.RequestMappingHandlerMapping : Mapped "{[/agents/start],methods=[POST]}" onto public hello.HttpResponse.HttpResult hello.Agent.AgentController.startAgents(java.lang.String)
2019-04-03 14:28:26.880  INFO BIL-L-AWONG2 --- [           main] s.w.s.m.m.a.RequestMappingHandlerMapping : Mapped "{[/agent/{idx}/info],methods=[GET]}" onto public hello.HttpResponse.HttpResult hello.Agent.AgentController.GetAgentInfo(java.lang.String)
2019-04-03 14:28:26.880  INFO BIL-L-AWONG2 --- [           main] s.w.s.m.m.a.RequestMappingHandlerMapping : Mapped "{[/socket/send],methods=[GET]}" onto public hello.HttpResponse.HttpResult hello.Agent.AgentController.SendSocketMsg(java.lang.String)
2019-04-03 14:28:26.890  INFO BIL-L-AWONG2 --- [           main] s.w.s.m.m.a.RequestMappingHandlerMapping : Mapped "{[/error]}" onto public org.springframework.http.ResponseEntity<java.util.Map<java.lang.String, java.lang.Object>> org.springframework.boot.autoconfigure.web.servlet.error.BasicErrorController.error(javax.servlet.http.HttpServletRequest)
2019-04-03 14:28:26.892  INFO BIL-L-AWONG2 --- [           main] s.w.s.m.m.a.RequestMappingHandlerMapping : Mapped "{[/error],produces=[text/html]}" onto public org.springframework.web.servlet.ModelAndView org.springframework.boot.autoconfigure.web.servlet.error.BasicErrorController.errorHtml(javax.servlet.http.HttpServletRequest,javax.servlet.http.HttpServletResponse)
2019-04-03 14:28:26.929  INFO BIL-L-AWONG2 --- [           main] o.s.w.s.h.SimpleUrlHandlerMapping        : Mapped URL path [/webjars/**] onto handler of type [class org.springframework.web.servlet.resource.ResourceHttpRequestHandler]
2019-04-03 14:28:26.931  INFO BIL-L-AWONG2 --- [           main] o.s.w.s.h.SimpleUrlHandlerMapping        : Mapped URL path [/**] onto handler of type [class org.springframework.web.servlet.resource.ResourceHttpRequestHandler]
2019-04-03 14:28:27.171  INFO BIL-L-AWONG2 --- [           main] o.s.j.e.a.AnnotationMBeanExporter        : Registering beans for JMX exposure on startup
2019-04-03 14:28:27.185  INFO BIL-L-AWONG2 --- [           main] o.s.c.s.DefaultLifecycleProcessor        : Starting beans in phase 2147483647
2019-04-03 14:28:27.198  INFO BIL-L-AWONG2 --- [           main] o.a.c.h.Http11NioProtocol                : Starting ProtocolHandler ["http-nio-8080"]
2019-04-03 14:28:27.220  INFO BIL-L-AWONG2 --- [           main] o.a.t.u.n.NioSelectorPool                : Using a shared selector for servlet write/read
2019-04-03 14:28:27.288  INFO BIL-L-AWONG2 --- [           main] o.s.b.w.e.t.TomcatWebServer              : Tomcat started on port(s): 8080 (http) with context path ''
2019-04-03 14:28:35.428  INFO BIL-L-AWONG2 --- [nio-8080-exec-1] o.a.c.c.C.[.[.[/]                        : Initializing Spring FrameworkServlet 'dispatcherServlet'
2019-04-03 14:28:35.429  INFO BIL-L-AWONG2 --- [nio-8080-exec-1] o.s.w.s.DispatcherServlet                : FrameworkServlet 'dispatcherServlet': initialization started
2019-04-03 14:28:35.453  INFO BIL-L-AWONG2 --- [nio-8080-exec-1] o.s.w.s.DispatcherServlet                : FrameworkServlet 'dispatcherServlet': initialization completed in 24 ms
2019-04-03 14:28:35.910 ERROR BIL-L-AWONG2 --- [nio-8080-exec-1] o.a.c.c.C.[.[.[.[dispatcherServlet]      : Servlet.service() for servlet [dispatcherServlet] in context with path [] threw exception [Request processing failed; nested exception is java.lang.NullPointerException] with root cause
java.lang.NullPointerException
	at hello.Agent.AgentController.SendSocketMsg(AgentController.java:71)
	at sun.reflect.NativeMethodAccessorImpl.invoke0(Native Method)
	at sun.reflect.NativeMethodAccessorImpl.invoke(NativeMethodAccessorImpl.java:62)
	at sun.reflect.DelegatingMethodAccessorImpl.invoke(DelegatingMethodAccessorImpl.java:43)
	at java.lang.reflect.Method.invoke(Method.java:498)
	at org.springframework.web.method.support.InvocableHandlerMethod.doInvoke(InvocableHandlerMethod.java:209)
	at org.springframework.web.method.support.InvocableHandlerMethod.invokeForRequest(InvocableHandlerMethod.java:136)
	at org.springframework.web.servlet.mvc.method.annotation.ServletInvocableHandlerMethod.invokeAndHandle(ServletInvocableHandlerMethod.java:102)
	at org.springframework.web.servlet.mvc.method.annotation.RequestMappingHandlerAdapter.invokeHandlerMethod(RequestMappingHandlerAdapter.java:891)
	at org.springframework.web.servlet.mvc.method.annotation.RequestMappingHandlerAdapter.handleInternal(RequestMappingHandlerAdapter.java:797)
	at org.springframework.web.servlet.mvc.method.AbstractHandlerMethodAdapter.handle(AbstractHandlerMethodAdapter.java:87)
	at org.springframework.web.servlet.DispatcherServlet.doDispatch(DispatcherServlet.java:991)
	at org.springframework.web.servlet.DispatcherServlet.doService(DispatcherServlet.java:925)
	at org.springframework.web.servlet.FrameworkServlet.processRequest(FrameworkServlet.java:974)
	at org.springframework.web.servlet.FrameworkServlet.doGet(FrameworkServlet.java:866)
	at javax.servlet.http.HttpServlet.service(HttpServlet.java:635)
	at org.springframework.web.servlet.FrameworkServlet.service(FrameworkServlet.java:851)
	at javax.servlet.http.HttpServlet.service(HttpServlet.java:742)
	at org.apache.catalina.core.ApplicationFilterChain.internalDoFilter(ApplicationFilterChain.java:231)
	at org.apache.catalina.core.ApplicationFilterChain.doFilter(ApplicationFilterChain.java:166)
	at org.apache.tomcat.websocket.server.WsFilter.doFilter(WsFilter.java:52)
	at org.apache.catalina.core.ApplicationFilterChain.internalDoFilter(ApplicationFilterChain.java:193)
	at org.apache.catalina.core.ApplicationFilterChain.doFilter(ApplicationFilterChain.java:166)
	at org.springframework.web.filter.RequestContextFilter.doFilterInternal(RequestContextFilter.java:99)
	at org.springframework.web.filter.OncePerRequestFilter.doFilter(OncePerRequestFilter.java:107)
	at org.apache.catalina.core.ApplicationFilterChain.internalDoFilter(ApplicationFilterChain.java:193)
	at org.apache.catalina.core.ApplicationFilterChain.doFilter(ApplicationFilterChain.java:166)
	at org.springframework.web.filter.HttpPutFormContentFilter.doFilterInternal(HttpPutFormContentFilter.java:109)
	at org.springframework.web.filter.OncePerRequestFilter.doFilter(OncePerRequestFilter.java:107)
	at org.apache.catalina.core.ApplicationFilterChain.internalDoFilter(ApplicationFilterChain.java:193)
	at org.apache.catalina.core.ApplicationFilterChain.doFilter(ApplicationFilterChain.java:166)
	at org.springframework.web.filter.HiddenHttpMethodFilter.doFilterInternal(HiddenHttpMethodFilter.java:93)
	at org.springframework.web.filter.OncePerRequestFilter.doFilter(OncePerRequestFilter.java:107)
	at org.apache.catalina.core.ApplicationFilterChain.internalDoFilter(ApplicationFilterChain.java:193)
	at org.apache.catalina.core.ApplicationFilterChain.doFilter(ApplicationFilterChain.java:166)
	at org.springframework.web.filter.CharacterEncodingFilter.doFilterInternal(CharacterEncodingFilter.java:200)
	at org.springframework.web.filter.OncePerRequestFilter.doFilter(OncePerRequestFilter.java:107)
	at org.apache.catalina.core.ApplicationFilterChain.internalDoFilter(ApplicationFilterChain.java:193)
	at org.apache.catalina.core.ApplicationFilterChain.doFilter(ApplicationFilterChain.java:166)
	at org.apache.catalina.core.StandardWrapperValve.invoke(StandardWrapperValve.java:198)
	at org.apache.catalina.core.StandardContextValve.invoke(StandardContextValve.java:96)
	at org.apache.catalina.authenticator.AuthenticatorBase.invoke(AuthenticatorBase.java:493)
	at org.apache.catalina.core.StandardHostValve.invoke(StandardHostValve.java:140)
	at org.apache.catalina.valves.ErrorReportValve.invoke(ErrorReportValve.java:81)
	at org.apache.catalina.core.StandardEngineValve.invoke(StandardEngineValve.java:87)
	at org.apache.catalina.connector.CoyoteAdapter.service(CoyoteAdapter.java:342)
	at org.apache.coyote.http11.Http11Processor.service(Http11Processor.java:800)
	at org.apache.coyote.AbstractProcessorLight.process(AbstractProcessorLight.java:66)
	at org.apache.coyote.AbstractProtocol$ConnectionHandler.process(AbstractProtocol.java:806)
	at org.apache.tomcat.util.net.NioEndpoint$SocketProcessor.doRun(NioEndpoint.java:1498)
	at org.apache.tomcat.util.net.SocketProcessorBase.run(SocketProcessorBase.java:49)
	at java.util.concurrent.ThreadPoolExecutor.runWorker(ThreadPoolExecutor.java:1149)
	at java.util.concurrent.ThreadPoolExecutor$Worker.run(ThreadPoolExecutor.java:624)
	at org.apache.tomcat.util.threads.TaskThread$WrappingRunnable.run(TaskThread.java:61)
	at java.lang.Thread.run(Thread.java:748)
2019-04-03 14:28:48.651 ERROR BIL-L-AWONG2 --- [nio-8080-exec-2] o.a.c.c.C.[.[.[.[dispatcherServlet]      : Servlet.service() for servlet [dispatcherServlet] in context with path [] threw exception [Request processing failed; nested exception is java.lang.NullPointerException] with root cause
java.lang.NullPointerException
	at hello.Agent.AgentController.SendSocketMsg(AgentController.java:71)
	at sun.reflect.NativeMethodAccessorImpl.invoke0(Native Method)
	at sun.reflect.NativeMethodAccessorImpl.invoke(NativeMethodAccessorImpl.java:62)
	at sun.reflect.DelegatingMethodAccessorImpl.invoke(DelegatingMethodAccessorImpl.java:43)
	at java.lang.reflect.Method.invoke(Method.java:498)
	at org.springframework.web.method.support.InvocableHandlerMethod.doInvoke(InvocableHandlerMethod.java:209)
	at org.springframework.web.method.support.InvocableHandlerMethod.invokeForRequest(InvocableHandlerMethod.java:136)
	at org.springframework.web.servlet.mvc.method.annotation.ServletInvocableHandlerMethod.invokeAndHandle(ServletInvocableHandlerMethod.java:102)
	at org.springframework.web.servlet.mvc.method.annotation.RequestMappingHandlerAdapter.invokeHandlerMethod(RequestMappingHandlerAdapter.java:891)
	at org.springframework.web.servlet.mvc.method.annotation.RequestMappingHandlerAdapter.handleInternal(RequestMappingHandlerAdapter.java:797)
	at org.springframework.web.servlet.mvc.method.AbstractHandlerMethodAdapter.handle(AbstractHandlerMethodAdapter.java:87)
	at org.springframework.web.servlet.DispatcherServlet.doDispatch(DispatcherServlet.java:991)
	at org.springframework.web.servlet.DispatcherServlet.doService(DispatcherServlet.java:925)
	at org.springframework.web.servlet.FrameworkServlet.processRequest(FrameworkServlet.java:974)
	at org.springframework.web.servlet.FrameworkServlet.doGet(FrameworkServlet.java:866)
	at javax.servlet.http.HttpServlet.service(HttpServlet.java:635)
	at org.springframework.web.servlet.FrameworkServlet.service(FrameworkServlet.java:851)
	at javax.servlet.http.HttpServlet.service(HttpServlet.java:742)
	at org.apache.catalina.core.ApplicationFilterChain.internalDoFilter(ApplicationFilterChain.java:231)
	at org.apache.catalina.core.ApplicationFilterChain.doFilter(ApplicationFilterChain.java:166)
	at org.apache.tomcat.websocket.server.WsFilter.doFilter(WsFilter.java:52)
	at org.apache.catalina.core.ApplicationFilterChain.internalDoFilter(ApplicationFilterChain.java:193)
	at org.apache.catalina.core.ApplicationFilterChain.doFilter(ApplicationFilterChain.java:166)
	at org.springframework.web.filter.RequestContextFilter.doFilterInternal(RequestContextFilter.java:99)
	at org.springframework.web.filter.OncePerRequestFilter.doFilter(OncePerRequestFilter.java:107)
	at org.apache.catalina.core.ApplicationFilterChain.internalDoFilter(ApplicationFilterChain.java:193)
	at org.apache.catalina.core.ApplicationFilterChain.doFilter(ApplicationFilterChain.java:166)
	at org.springframework.web.filter.HttpPutFormContentFilter.doFilterInternal(HttpPutFormContentFilter.java:109)
	at org.springframework.web.filter.OncePerRequestFilter.doFilter(OncePerRequestFilter.java:107)
	at org.apache.catalina.core.ApplicationFilterChain.internalDoFilter(ApplicationFilterChain.java:193)
	at org.apache.catalina.core.ApplicationFilterChain.doFilter(ApplicationFilterChain.java:166)
	at org.springframework.web.filter.HiddenHttpMethodFilter.doFilterInternal(HiddenHttpMethodFilter.java:93)
	at org.springframework.web.filter.OncePerRequestFilter.doFilter(OncePerRequestFilter.java:107)
	at org.apache.catalina.core.ApplicationFilterChain.internalDoFilter(ApplicationFilterChain.java:193)
	at org.apache.catalina.core.ApplicationFilterChain.doFilter(ApplicationFilterChain.java:166)
	at org.springframework.web.filter.CharacterEncodingFilter.doFilterInternal(CharacterEncodingFilter.java:200)
	at org.springframework.web.filter.OncePerRequestFilter.doFilter(OncePerRequestFilter.java:107)
	at org.apache.catalina.core.ApplicationFilterChain.internalDoFilter(ApplicationFilterChain.java:193)
	at org.apache.catalina.core.ApplicationFilterChain.doFilter(ApplicationFilterChain.java:166)
	at org.apache.catalina.core.StandardWrapperValve.invoke(StandardWrapperValve.java:198)
	at org.apache.catalina.core.StandardContextValve.invoke(StandardContextValve.java:96)
	at org.apache.catalina.authenticator.AuthenticatorBase.invoke(AuthenticatorBase.java:493)
	at org.apache.catalina.core.StandardHostValve.invoke(StandardHostValve.java:140)
	at org.apache.catalina.valves.ErrorReportValve.invoke(ErrorReportValve.java:81)
	at org.apache.catalina.core.StandardEngineValve.invoke(StandardEngineValve.java:87)
	at org.apache.catalina.connector.CoyoteAdapter.service(CoyoteAdapter.java:342)
	at org.apache.coyote.http11.Http11Processor.service(Http11Processor.java:800)
	at org.apache.coyote.AbstractProcessorLight.process(AbstractProcessorLight.java:66)
	at org.apache.coyote.AbstractProtocol$ConnectionHandler.process(AbstractProtocol.java:806)
	at org.apache.tomcat.util.net.NioEndpoint$SocketProcessor.doRun(NioEndpoint.java:1498)
	at org.apache.tomcat.util.net.SocketProcessorBase.run(SocketProcessorBase.java:49)
	at java.util.concurrent.ThreadPoolExecutor.runWorker(ThreadPoolExecutor.java:1149)
	at java.util.concurrent.ThreadPoolExecutor$Worker.run(ThreadPoolExecutor.java:624)
	at org.apache.tomcat.util.threads.TaskThread$WrappingRunnable.run(TaskThread.java:61)
	at java.lang.Thread.run(Thread.java:748)
2019-04-03 14:29:39.878  INFO BIL-L-AWONG2 --- [       Thread-4] ConfigServletWebServerApplicationContext : Closing org.springframework.boot.web.servlet.context.AnnotationConfigServletWebServerApplicationContext@77f0fb18: startup date [Wed Apr 03 14:28:23 EDT 2019]; root of context hierarchy
2019-04-03 14:29:39.881  INFO BIL-L-AWONG2 --- [       Thread-4] o.s.c.s.DefaultLifecycleProcessor        : Stopping beans in phase 2147483647
2019-04-03 14:29:39.882  INFO BIL-L-AWONG2 --- [       Thread-4] o.s.j.e.a.AnnotationMBeanExporter        : Unregistering JMX-exposed beans on shutdown
2019-04-03 14:29:55.501  INFO BIL-L-AWONG2 --- [           main] ConfigServletWebServerApplicationContext : Refreshing org.springframework.boot.web.servlet.context.AnnotationConfigServletWebServerApplicationContext@273b71c: startup date [Wed Apr 03 14:29:55 EDT 2019]; root of context hierarchy
2019-04-03 14:29:58.080  INFO BIL-L-AWONG2 --- [           main] o.s.b.w.e.t.TomcatWebServer              : Tomcat initialized with port(s): 8080 (http)
2019-04-03 14:29:58.143  INFO BIL-L-AWONG2 --- [           main] o.a.c.h.Http11NioProtocol                : Initializing ProtocolHandler ["http-nio-8080"]
2019-04-03 14:29:58.161  INFO BIL-L-AWONG2 --- [           main] o.a.c.c.StandardService                  : Starting service [Tomcat]
2019-04-03 14:29:58.162  INFO BIL-L-AWONG2 --- [           main] o.a.c.c.StandardEngine                   : Starting Servlet Engine: Apache Tomcat/8.5.34
2019-04-03 14:29:58.189  INFO BIL-L-AWONG2 --- [ost-startStop-1] o.a.c.c.AprLifecycleListener             : The APR based Apache Tomcat Native library which allows optimal performance in production environments was not found on the java.library.path: [C:\Program Files\Java\jdk1.8.0_201\bin;C:\Windows\Sun\Java\bin;C:\Windows\system32;C:\Windows;C:\Program Files (x86)\Common Files\Oracle\Java\javapath;C:\Program Files (x86)\RSA SecurID Token Common;C:\Program Files\RSA SecurID Token Common;C:\Windows\system32;C:\Windows;C:\Windows\System32\Wbem;C:\Windows\System32\WindowsPowerShell\v1.0\;C:\Windows\System32\OpenSSH\;C:\Program Files (x86)\CheckPoint\Endpoint Security\Endpoint Common\bin;C:\Program Files\nodejs\;C:\Program Files\Perforce\;C:\Program Files\Java\jdk1.8.0_201\bin;C:\Program Files\Git\cmd;C:\Program Files\Intel\WiFi\bin\;C:\Program Files\Common Files\Intel\WirelessCommon\;C:\Users\awong\AppData\Local\Microsoft\WindowsApps;C:\Users\awong\AppData\Local\Programs\Microsoft VS Code\bin;C:\Users\awong\AppData\Roaming\npm;C:\Program Files\apache-maven-3.6.0-bin\apache-maven-3.6.0\bin;;C:\Users\awong\AppData\Local\Programs\Fiddler;C:\Program Files\Intel\WiFi\bin\;C:\Program Files\Common Files\Intel\WirelessCommon\;.]
2019-04-03 14:29:58.355  INFO BIL-L-AWONG2 --- [ost-startStop-1] o.a.c.c.C.[.[.[/]                        : Initializing Spring embedded WebApplicationContext
2019-04-03 14:29:58.355  INFO BIL-L-AWONG2 --- [ost-startStop-1] o.s.w.c.ContextLoader                    : Root WebApplicationContext: initialization completed in 2877 ms
2019-04-03 14:29:58.550  INFO BIL-L-AWONG2 --- [ost-startStop-1] o.s.b.w.s.ServletRegistrationBean        : Servlet dispatcherServlet mapped to [/]
2019-04-03 14:29:58.556  INFO BIL-L-AWONG2 --- [ost-startStop-1] o.s.b.w.s.FilterRegistrationBean         : Mapping filter: 'characterEncodingFilter' to: [/*]
2019-04-03 14:29:58.558  INFO BIL-L-AWONG2 --- [ost-startStop-1] o.s.b.w.s.FilterRegistrationBean         : Mapping filter: 'hiddenHttpMethodFilter' to: [/*]
2019-04-03 14:29:58.570  INFO BIL-L-AWONG2 --- [ost-startStop-1] o.s.b.w.s.FilterRegistrationBean         : Mapping filter: 'httpPutFormContentFilter' to: [/*]
2019-04-03 14:29:58.571  INFO BIL-L-AWONG2 --- [ost-startStop-1] o.s.b.w.s.FilterRegistrationBean         : Mapping filter: 'requestContextFilter' to: [/*]
2019-04-03 14:29:58.764  INFO BIL-L-AWONG2 --- [           main] o.s.w.s.s.s.WebSocketHandlerMapping      : Mapped URL path [/socket] onto handler of type [class org.springframework.web.socket.server.support.WebSocketHttpRequestHandler]
2019-04-03 14:29:58.971  INFO BIL-L-AWONG2 --- [           main] o.s.w.s.h.SimpleUrlHandlerMapping        : Mapped URL path [/**/favicon.ico] onto handler of type [class org.springframework.web.servlet.resource.ResourceHttpRequestHandler]
2019-04-03 14:29:59.499  INFO BIL-L-AWONG2 --- [           main] s.w.s.m.m.a.RequestMappingHandlerAdapter : Looking for @ControllerAdvice: org.springframework.boot.web.servlet.context.AnnotationConfigServletWebServerApplicationContext@273b71c: startup date [Wed Apr 03 14:29:55 EDT 2019]; root of context hierarchy
2019-04-03 14:29:59.776  INFO BIL-L-AWONG2 --- [           main] s.w.s.m.m.a.RequestMappingHandlerMapping : Mapped "{[/agent/start],methods=[POST]}" onto public hello.HttpResponse.HttpResult hello.Agent.AgentController.startAgent(java.lang.String)
2019-04-03 14:29:59.780  INFO BIL-L-AWONG2 --- [           main] s.w.s.m.m.a.RequestMappingHandlerMapping : Mapped "{[/agents/active/info],methods=[GET]}" onto public hello.HttpResponse.HttpResult hello.Agent.AgentController.GetActiveAgentsInfo()
2019-04-03 14:29:59.781  INFO BIL-L-AWONG2 --- [           main] s.w.s.m.m.a.RequestMappingHandlerMapping : Mapped "{[/agent/add],methods=[POST]}" onto public hello.HttpResponse.HttpResult hello.Agent.AgentController.AddAgent(java.lang.String,java.lang.String,java.lang.String)
2019-04-03 14:29:59.796  INFO BIL-L-AWONG2 --- [           main] s.w.s.m.m.a.RequestMappingHandlerMapping : Mapped "{[/socket/send],methods=[GET]}" onto public hello.HttpResponse.HttpResult hello.Agent.AgentController.SendSocketMsg(java.lang.String)
2019-04-03 14:29:59.797  INFO BIL-L-AWONG2 --- [           main] s.w.s.m.m.a.RequestMappingHandlerMapping : Mapped "{[/agents/info],methods=[GET]}" onto public hello.HttpResponse.HttpResult hello.Agent.AgentController.GetAgentsInfo()
2019-04-03 14:29:59.798  INFO BIL-L-AWONG2 --- [           main] s.w.s.m.m.a.RequestMappingHandlerMapping : Mapped "{[/agent/{idx}/info],methods=[GET]}" onto public hello.HttpResponse.HttpResult hello.Agent.AgentController.GetAgentInfo(java.lang.String)
2019-04-03 14:29:59.798  INFO BIL-L-AWONG2 --- [           main] s.w.s.m.m.a.RequestMappingHandlerMapping : Mapped "{[/agents/stop],methods=[POST]}" onto public hello.HttpResponse.HttpResult hello.Agent.AgentController.stopAgents(java.lang.String)
2019-04-03 14:29:59.799  INFO BIL-L-AWONG2 --- [           main] s.w.s.m.m.a.RequestMappingHandlerMapping : Mapped "{[/agents/start],methods=[POST]}" onto public hello.HttpResponse.HttpResult hello.Agent.AgentController.startAgents(java.lang.String)
2019-04-03 14:29:59.799  INFO BIL-L-AWONG2 --- [           main] s.w.s.m.m.a.RequestMappingHandlerMapping : Mapped "{[/agent/stop],methods=[POST]}" onto public hello.HttpResponse.HttpResult hello.Agent.AgentController.stopAgent(java.lang.String)
2019-04-03 14:29:59.803  INFO BIL-L-AWONG2 --- [           main] s.w.s.m.m.a.RequestMappingHandlerMapping : Mapped "{[/error]}" onto public org.springframework.http.ResponseEntity<java.util.Map<java.lang.String, java.lang.Object>> org.springframework.boot.autoconfigure.web.servlet.error.BasicErrorController.error(javax.servlet.http.HttpServletRequest)
2019-04-03 14:29:59.805  INFO BIL-L-AWONG2 --- [           main] s.w.s.m.m.a.RequestMappingHandlerMapping : Mapped "{[/error],produces=[text/html]}" onto public org.springframework.web.servlet.ModelAndView org.springframework.boot.autoconfigure.web.servlet.error.BasicErrorController.errorHtml(javax.servlet.http.HttpServletRequest,javax.servlet.http.HttpServletResponse)
2019-04-03 14:29:59.856  INFO BIL-L-AWONG2 --- [           main] o.s.w.s.h.SimpleUrlHandlerMapping        : Mapped URL path [/webjars/**] onto handler of type [class org.springframework.web.servlet.resource.ResourceHttpRequestHandler]
2019-04-03 14:29:59.858  INFO BIL-L-AWONG2 --- [           main] o.s.w.s.h.SimpleUrlHandlerMapping        : Mapped URL path [/**] onto handler of type [class org.springframework.web.servlet.resource.ResourceHttpRequestHandler]
2019-04-03 14:30:00.221  INFO BIL-L-AWONG2 --- [           main] o.s.j.e.a.AnnotationMBeanExporter        : Registering beans for JMX exposure on startup
2019-04-03 14:30:00.234  INFO BIL-L-AWONG2 --- [           main] o.s.c.s.DefaultLifecycleProcessor        : Starting beans in phase 2147483647
2019-04-03 14:30:00.248  INFO BIL-L-AWONG2 --- [           main] o.a.c.h.Http11NioProtocol                : Starting ProtocolHandler ["http-nio-8080"]
2019-04-03 14:30:00.304  INFO BIL-L-AWONG2 --- [           main] o.a.t.u.n.NioSelectorPool                : Using a shared selector for servlet write/read
2019-04-03 14:30:00.349  INFO BIL-L-AWONG2 --- [           main] o.s.b.w.e.t.TomcatWebServer              : Tomcat started on port(s): 8080 (http) with context path ''
2019-04-03 14:30:02.634  INFO BIL-L-AWONG2 --- [nio-8080-exec-1] o.a.c.c.C.[.[.[/]                        : Initializing Spring FrameworkServlet 'dispatcherServlet'
2019-04-03 14:30:02.635  INFO BIL-L-AWONG2 --- [nio-8080-exec-1] o.s.w.s.DispatcherServlet                : FrameworkServlet 'dispatcherServlet': initialization started
2019-04-03 14:30:02.679  INFO BIL-L-AWONG2 --- [nio-8080-exec-1] o.s.w.s.DispatcherServlet                : FrameworkServlet 'dispatcherServlet': initialization completed in 44 ms
2019-04-03 14:30:03.137 ERROR BIL-L-AWONG2 --- [nio-8080-exec-1] o.a.c.c.C.[.[.[.[dispatcherServlet]      : Servlet.service() for servlet [dispatcherServlet] in context with path [] threw exception [Request processing failed; nested exception is java.lang.NullPointerException] with root cause
java.lang.NullPointerException
	at hello.Agent.AgentController.SendSocketMsg(AgentController.java:72)
	at sun.reflect.NativeMethodAccessorImpl.invoke0(Native Method)
	at sun.reflect.NativeMethodAccessorImpl.invoke(NativeMethodAccessorImpl.java:62)
	at sun.reflect.DelegatingMethodAccessorImpl.invoke(DelegatingMethodAccessorImpl.java:43)
	at java.lang.reflect.Method.invoke(Method.java:498)
	at org.springframework.web.method.support.InvocableHandlerMethod.doInvoke(InvocableHandlerMethod.java:209)
	at org.springframework.web.method.support.InvocableHandlerMethod.invokeForRequest(InvocableHandlerMethod.java:136)
	at org.springframework.web.servlet.mvc.method.annotation.ServletInvocableHandlerMethod.invokeAndHandle(ServletInvocableHandlerMethod.java:102)
	at org.springframework.web.servlet.mvc.method.annotation.RequestMappingHandlerAdapter.invokeHandlerMethod(RequestMappingHandlerAdapter.java:891)
	at org.springframework.web.servlet.mvc.method.annotation.RequestMappingHandlerAdapter.handleInternal(RequestMappingHandlerAdapter.java:797)
	at org.springframework.web.servlet.mvc.method.AbstractHandlerMethodAdapter.handle(AbstractHandlerMethodAdapter.java:87)
	at org.springframework.web.servlet.DispatcherServlet.doDispatch(DispatcherServlet.java:991)
	at org.springframework.web.servlet.DispatcherServlet.doService(DispatcherServlet.java:925)
	at org.springframework.web.servlet.FrameworkServlet.processRequest(FrameworkServlet.java:974)
	at org.springframework.web.servlet.FrameworkServlet.doGet(FrameworkServlet.java:866)
	at javax.servlet.http.HttpServlet.service(HttpServlet.java:635)
	at org.springframework.web.servlet.FrameworkServlet.service(FrameworkServlet.java:851)
	at javax.servlet.http.HttpServlet.service(HttpServlet.java:742)
	at org.apache.catalina.core.ApplicationFilterChain.internalDoFilter(ApplicationFilterChain.java:231)
	at org.apache.catalina.core.ApplicationFilterChain.doFilter(ApplicationFilterChain.java:166)
	at org.apache.tomcat.websocket.server.WsFilter.doFilter(WsFilter.java:52)
	at org.apache.catalina.core.ApplicationFilterChain.internalDoFilter(ApplicationFilterChain.java:193)
	at org.apache.catalina.core.ApplicationFilterChain.doFilter(ApplicationFilterChain.java:166)
	at org.springframework.web.filter.RequestContextFilter.doFilterInternal(RequestContextFilter.java:99)
	at org.springframework.web.filter.OncePerRequestFilter.doFilter(OncePerRequestFilter.java:107)
	at org.apache.catalina.core.ApplicationFilterChain.internalDoFilter(ApplicationFilterChain.java:193)
	at org.apache.catalina.core.ApplicationFilterChain.doFilter(ApplicationFilterChain.java:166)
	at org.springframework.web.filter.HttpPutFormContentFilter.doFilterInternal(HttpPutFormContentFilter.java:109)
	at org.springframework.web.filter.OncePerRequestFilter.doFilter(OncePerRequestFilter.java:107)
	at org.apache.catalina.core.ApplicationFilterChain.internalDoFilter(ApplicationFilterChain.java:193)
	at org.apache.catalina.core.ApplicationFilterChain.doFilter(ApplicationFilterChain.java:166)
	at org.springframework.web.filter.HiddenHttpMethodFilter.doFilterInternal(HiddenHttpMethodFilter.java:93)
	at org.springframework.web.filter.OncePerRequestFilter.doFilter(OncePerRequestFilter.java:107)
	at org.apache.catalina.core.ApplicationFilterChain.internalDoFilter(ApplicationFilterChain.java:193)
	at org.apache.catalina.core.ApplicationFilterChain.doFilter(ApplicationFilterChain.java:166)
	at org.springframework.web.filter.CharacterEncodingFilter.doFilterInternal(CharacterEncodingFilter.java:200)
	at org.springframework.web.filter.OncePerRequestFilter.doFilter(OncePerRequestFilter.java:107)
	at org.apache.catalina.core.ApplicationFilterChain.internalDoFilter(ApplicationFilterChain.java:193)
	at org.apache.catalina.core.ApplicationFilterChain.doFilter(ApplicationFilterChain.java:166)
	at org.apache.catalina.core.StandardWrapperValve.invoke(StandardWrapperValve.java:198)
	at org.apache.catalina.core.StandardContextValve.invoke(StandardContextValve.java:96)
	at org.apache.catalina.authenticator.AuthenticatorBase.invoke(AuthenticatorBase.java:493)
	at org.apache.catalina.core.StandardHostValve.invoke(StandardHostValve.java:140)
	at org.apache.catalina.valves.ErrorReportValve.invoke(ErrorReportValve.java:81)
	at org.apache.catalina.core.StandardEngineValve.invoke(StandardEngineValve.java:87)
	at org.apache.catalina.connector.CoyoteAdapter.service(CoyoteAdapter.java:342)
	at org.apache.coyote.http11.Http11Processor.service(Http11Processor.java:800)
	at org.apache.coyote.AbstractProcessorLight.process(AbstractProcessorLight.java:66)
	at org.apache.coyote.AbstractProtocol$ConnectionHandler.process(AbstractProtocol.java:806)
	at org.apache.tomcat.util.net.NioEndpoint$SocketProcessor.doRun(NioEndpoint.java:1498)
	at org.apache.tomcat.util.net.SocketProcessorBase.run(SocketProcessorBase.java:49)
	at java.util.concurrent.ThreadPoolExecutor.runWorker(ThreadPoolExecutor.java:1149)
	at java.util.concurrent.ThreadPoolExecutor$Worker.run(ThreadPoolExecutor.java:624)
	at org.apache.tomcat.util.threads.TaskThread$WrappingRunnable.run(TaskThread.java:61)
	at java.lang.Thread.run(Thread.java:748)
2019-04-03 14:31:38.022  INFO BIL-L-AWONG2 --- [       Thread-4] ConfigServletWebServerApplicationContext : Closing org.springframework.boot.web.servlet.context.AnnotationConfigServletWebServerApplicationContext@273b71c: startup date [Wed Apr 03 14:29:55 EDT 2019]; root of context hierarchy
2019-04-03 14:31:38.029  INFO BIL-L-AWONG2 --- [       Thread-4] o.s.c.s.DefaultLifecycleProcessor        : Stopping beans in phase 2147483647
2019-04-03 14:31:38.032  INFO BIL-L-AWONG2 --- [       Thread-4] o.s.j.e.a.AnnotationMBeanExporter        : Unregistering JMX-exposed beans on shutdown
2019-04-03 14:31:54.563  INFO BIL-L-AWONG2 --- [           main] ConfigServletWebServerApplicationContext : Refreshing org.springframework.boot.web.servlet.context.AnnotationConfigServletWebServerApplicationContext@6da9ee0c: startup date [Wed Apr 03 14:31:54 EDT 2019]; root of context hierarchy
2019-04-03 14:31:56.785  INFO BIL-L-AWONG2 --- [           main] o.s.b.w.e.t.TomcatWebServer              : Tomcat initialized with port(s): 8080 (http)
2019-04-03 14:31:56.866  INFO BIL-L-AWONG2 --- [           main] o.a.c.h.Http11NioProtocol                : Initializing ProtocolHandler ["http-nio-8080"]
2019-04-03 14:31:56.887  INFO BIL-L-AWONG2 --- [           main] o.a.c.c.StandardService                  : Starting service [Tomcat]
2019-04-03 14:31:56.889  INFO BIL-L-AWONG2 --- [           main] o.a.c.c.StandardEngine                   : Starting Servlet Engine: Apache Tomcat/8.5.34
2019-04-03 14:31:56.910  INFO BIL-L-AWONG2 --- [ost-startStop-1] o.a.c.c.AprLifecycleListener             : The APR based Apache Tomcat Native library which allows optimal performance in production environments was not found on the java.library.path: [C:\Program Files\Java\jdk1.8.0_201\bin;C:\Windows\Sun\Java\bin;C:\Windows\system32;C:\Windows;C:\Program Files (x86)\Common Files\Oracle\Java\javapath;C:\Program Files (x86)\RSA SecurID Token Common;C:\Program Files\RSA SecurID Token Common;C:\Windows\system32;C:\Windows;C:\Windows\System32\Wbem;C:\Windows\System32\WindowsPowerShell\v1.0\;C:\Windows\System32\OpenSSH\;C:\Program Files (x86)\CheckPoint\Endpoint Security\Endpoint Common\bin;C:\Program Files\nodejs\;C:\Program Files\Perforce\;C:\Program Files\Java\jdk1.8.0_201\bin;C:\Program Files\Git\cmd;C:\Program Files\Intel\WiFi\bin\;C:\Program Files\Common Files\Intel\WirelessCommon\;C:\Users\awong\AppData\Local\Microsoft\WindowsApps;C:\Users\awong\AppData\Local\Programs\Microsoft VS Code\bin;C:\Users\awong\AppData\Roaming\npm;C:\Program Files\apache-maven-3.6.0-bin\apache-maven-3.6.0\bin;;C:\Users\awong\AppData\Local\Programs\Fiddler;C:\Program Files\Intel\WiFi\bin\;C:\Program Files\Common Files\Intel\WirelessCommon\;.]
2019-04-03 14:31:57.126  INFO BIL-L-AWONG2 --- [ost-startStop-1] o.a.c.c.C.[.[.[/]                        : Initializing Spring embedded WebApplicationContext
2019-04-03 14:31:57.126  INFO BIL-L-AWONG2 --- [ost-startStop-1] o.s.w.c.ContextLoader                    : Root WebApplicationContext: initialization completed in 2568 ms
2019-04-03 14:31:57.216  INFO BIL-L-AWONG2 --- [ost-startStop-1] o.s.b.w.s.ServletRegistrationBean        : Servlet dispatcherServlet mapped to [/]
2019-04-03 14:31:57.220  INFO BIL-L-AWONG2 --- [ost-startStop-1] o.s.b.w.s.FilterRegistrationBean         : Mapping filter: 'characterEncodingFilter' to: [/*]
2019-04-03 14:31:57.221  INFO BIL-L-AWONG2 --- [ost-startStop-1] o.s.b.w.s.FilterRegistrationBean         : Mapping filter: 'hiddenHttpMethodFilter' to: [/*]
2019-04-03 14:31:57.221  INFO BIL-L-AWONG2 --- [ost-startStop-1] o.s.b.w.s.FilterRegistrationBean         : Mapping filter: 'httpPutFormContentFilter' to: [/*]
2019-04-03 14:31:57.221  INFO BIL-L-AWONG2 --- [ost-startStop-1] o.s.b.w.s.FilterRegistrationBean         : Mapping filter: 'requestContextFilter' to: [/*]
2019-04-03 14:31:57.370  INFO BIL-L-AWONG2 --- [           main] o.s.w.s.s.s.WebSocketHandlerMapping      : Mapped URL path [/socket] onto handler of type [class org.springframework.web.socket.server.support.WebSocketHttpRequestHandler]
2019-04-03 14:31:57.509  INFO BIL-L-AWONG2 --- [           main] o.s.w.s.h.SimpleUrlHandlerMapping        : Mapped URL path [/**/favicon.ico] onto handler of type [class org.springframework.web.servlet.resource.ResourceHttpRequestHandler]
2019-04-03 14:31:57.924  INFO BIL-L-AWONG2 --- [           main] s.w.s.m.m.a.RequestMappingHandlerAdapter : Looking for @ControllerAdvice: org.springframework.boot.web.servlet.context.AnnotationConfigServletWebServerApplicationContext@6da9ee0c: startup date [Wed Apr 03 14:31:54 EDT 2019]; root of context hierarchy
2019-04-03 14:31:58.050  INFO BIL-L-AWONG2 --- [           main] s.w.s.m.m.a.RequestMappingHandlerMapping : Mapped "{[/agent/start],methods=[POST]}" onto public hello.HttpResponse.HttpResult hello.Agent.AgentController.startAgent(java.lang.String)
2019-04-03 14:31:58.053  INFO BIL-L-AWONG2 --- [           main] s.w.s.m.m.a.RequestMappingHandlerMapping : Mapped "{[/agents/active/info],methods=[GET]}" onto public hello.HttpResponse.HttpResult hello.Agent.AgentController.GetActiveAgentsInfo()
2019-04-03 14:31:58.054  INFO BIL-L-AWONG2 --- [           main] s.w.s.m.m.a.RequestMappingHandlerMapping : Mapped "{[/agents/stop],methods=[POST]}" onto public hello.HttpResponse.HttpResult hello.Agent.AgentController.stopAgents(java.lang.String)
2019-04-03 14:31:58.055  INFO BIL-L-AWONG2 --- [           main] s.w.s.m.m.a.RequestMappingHandlerMapping : Mapped "{[/agent/add],methods=[POST]}" onto public hello.HttpResponse.HttpResult hello.Agent.AgentController.AddAgent(java.lang.String,java.lang.String,java.lang.String)
2019-04-03 14:31:58.056  INFO BIL-L-AWONG2 --- [           main] s.w.s.m.m.a.RequestMappingHandlerMapping : Mapped "{[/socket/send],methods=[GET]}" onto public hello.HttpResponse.HttpResult hello.Agent.AgentController.SendSocketMsg(java.lang.String)
2019-04-03 14:31:58.056  INFO BIL-L-AWONG2 --- [           main] s.w.s.m.m.a.RequestMappingHandlerMapping : Mapped "{[/agent/stop],methods=[POST]}" onto public hello.HttpResponse.HttpResult hello.Agent.AgentController.stopAgent(java.lang.String)
2019-04-03 14:31:58.057  INFO BIL-L-AWONG2 --- [           main] s.w.s.m.m.a.RequestMappingHandlerMapping : Mapped "{[/agents/start],methods=[POST]}" onto public hello.HttpResponse.HttpResult hello.Agent.AgentController.startAgents(java.lang.String)
2019-04-03 14:31:58.058  INFO BIL-L-AWONG2 --- [           main] s.w.s.m.m.a.RequestMappingHandlerMapping : Mapped "{[/agents/info],methods=[GET]}" onto public hello.HttpResponse.HttpResult hello.Agent.AgentController.GetAgentsInfo()
2019-04-03 14:31:58.059  INFO BIL-L-AWONG2 --- [           main] s.w.s.m.m.a.RequestMappingHandlerMapping : Mapped "{[/agent/{idx}/info],methods=[GET]}" onto public hello.HttpResponse.HttpResult hello.Agent.AgentController.GetAgentInfo(java.lang.String)
2019-04-03 14:31:58.063  INFO BIL-L-AWONG2 --- [           main] s.w.s.m.m.a.RequestMappingHandlerMapping : Mapped "{[/error]}" onto public org.springframework.http.ResponseEntity<java.util.Map<java.lang.String, java.lang.Object>> org.springframework.boot.autoconfigure.web.servlet.error.BasicErrorController.error(javax.servlet.http.HttpServletRequest)
2019-04-03 14:31:58.065  INFO BIL-L-AWONG2 --- [           main] s.w.s.m.m.a.RequestMappingHandlerMapping : Mapped "{[/error],produces=[text/html]}" onto public org.springframework.web.servlet.ModelAndView org.springframework.boot.autoconfigure.web.servlet.error.BasicErrorController.errorHtml(javax.servlet.http.HttpServletRequest,javax.servlet.http.HttpServletResponse)
2019-04-03 14:31:58.136  INFO BIL-L-AWONG2 --- [           main] o.s.w.s.h.SimpleUrlHandlerMapping        : Mapped URL path [/webjars/**] onto handler of type [class org.springframework.web.servlet.resource.ResourceHttpRequestHandler]
2019-04-03 14:31:58.136  INFO BIL-L-AWONG2 --- [           main] o.s.w.s.h.SimpleUrlHandlerMapping        : Mapped URL path [/**] onto handler of type [class org.springframework.web.servlet.resource.ResourceHttpRequestHandler]
2019-04-03 14:31:58.406  INFO BIL-L-AWONG2 --- [           main] o.s.j.e.a.AnnotationMBeanExporter        : Registering beans for JMX exposure on startup
2019-04-03 14:31:58.423  INFO BIL-L-AWONG2 --- [           main] o.s.c.s.DefaultLifecycleProcessor        : Starting beans in phase 2147483647
2019-04-03 14:31:58.433  INFO BIL-L-AWONG2 --- [           main] o.a.c.h.Http11NioProtocol                : Starting ProtocolHandler ["http-nio-8080"]
2019-04-03 14:31:58.456  INFO BIL-L-AWONG2 --- [           main] o.a.t.u.n.NioSelectorPool                : Using a shared selector for servlet write/read
2019-04-03 14:31:58.487  INFO BIL-L-AWONG2 --- [           main] o.s.b.w.e.t.TomcatWebServer              : Tomcat started on port(s): 8080 (http) with context path ''
2019-04-03 14:32:01.469  INFO BIL-L-AWONG2 --- [nio-8080-exec-1] o.a.c.c.C.[.[.[/]                        : Initializing Spring FrameworkServlet 'dispatcherServlet'
2019-04-03 14:32:01.469  INFO BIL-L-AWONG2 --- [nio-8080-exec-1] o.s.w.s.DispatcherServlet                : FrameworkServlet 'dispatcherServlet': initialization started
2019-04-03 14:32:01.500  INFO BIL-L-AWONG2 --- [nio-8080-exec-1] o.s.w.s.DispatcherServlet                : FrameworkServlet 'dispatcherServlet': initialization completed in 30 ms
2019-04-03 14:50:30.891  INFO BIL-L-AWONG2 --- [       Thread-4] ConfigServletWebServerApplicationContext : Closing org.springframework.boot.web.servlet.context.AnnotationConfigServletWebServerApplicationContext@6da9ee0c: startup date [Wed Apr 03 14:31:54 EDT 2019]; root of context hierarchy
2019-04-03 14:50:30.896  INFO BIL-L-AWONG2 --- [       Thread-4] o.s.c.s.DefaultLifecycleProcessor        : Stopping beans in phase 2147483647
2019-04-03 14:50:30.898  INFO BIL-L-AWONG2 --- [       Thread-4] o.s.j.e.a.AnnotationMBeanExporter        : Unregistering JMX-exposed beans on shutdown
