2019-04-04 17:31:24.072  INFO BIL-L-AWONG2 --- [           main] ConfigServletWebServerApplicationContext : Refreshing org.springframework.boot.web.servlet.context.AnnotationConfigServletWebServerApplicationContext@6a6cb05c: startup date [Thu Apr 04 17:31:24 EDT 2019]; root of context hierarchy
2019-04-04 17:31:25.808  INFO BIL-L-AWONG2 --- [           main] o.s.b.w.e.t.TomcatWebServer              : Tomcat initialized with port(s): 8080 (http)
2019-04-04 17:31:26.195  INFO BIL-L-AWONG2 --- [ost-startStop-1] o.s.w.c.ContextLoader                    : Root WebApplicationContext: initialization completed in 2128 ms
2019-04-04 17:31:26.516  INFO BIL-L-AWONG2 --- [ost-startStop-1] o.s.b.w.s.ServletRegistrationBean        : Servlet dispatcherServlet mapped to [/]
2019-04-04 17:31:26.520  INFO BIL-L-AWONG2 --- [ost-startStop-1] o.s.b.w.s.FilterRegistrationBean         : Mapping filter: 'characterEncodingFilter' to: [/*]
2019-04-04 17:31:26.521  INFO BIL-L-AWONG2 --- [ost-startStop-1] o.s.b.w.s.FilterRegistrationBean         : Mapping filter: 'hiddenHttpMethodFilter' to: [/*]
2019-04-04 17:31:26.522  INFO BIL-L-AWONG2 --- [ost-startStop-1] o.s.b.w.s.FilterRegistrationBean         : Mapping filter: 'httpPutFormContentFilter' to: [/*]
2019-04-04 17:31:26.522  INFO BIL-L-AWONG2 --- [ost-startStop-1] o.s.b.w.s.FilterRegistrationBean         : Mapping filter: 'requestContextFilter' to: [/*]
2019-04-04 17:31:26.605  INFO BIL-L-AWONG2 --- [           main] o.s.w.s.s.s.WebSocketHandlerMapping      : Mapped URL path [/socket] onto handler of type [class org.springframework.web.socket.server.support.WebSocketHttpRequestHandler]
2019-04-04 17:31:26.670  INFO BIL-L-AWONG2 --- [           main] o.h.v.i.u.Version                        : HV000001: Hibernate Validator null
2019-04-04 17:31:26.956  INFO BIL-L-AWONG2 --- [           main] o.s.w.s.h.SimpleUrlHandlerMapping        : Mapped URL path [/**/favicon.ico] onto handler of type [class org.springframework.web.servlet.resource.ResourceHttpRequestHandler]
2019-04-04 17:31:27.196  INFO BIL-L-AWONG2 --- [           main] s.w.s.m.m.a.RequestMappingHandlerAdapter : Looking for @ControllerAdvice: org.springframework.boot.web.servlet.context.AnnotationConfigServletWebServerApplicationContext@6a6cb05c: startup date [Thu Apr 04 17:31:24 EDT 2019]; root of context hierarchy
2019-04-04 17:31:27.292  INFO BIL-L-AWONG2 --- [           main] s.w.s.m.m.a.RequestMappingHandlerMapping : Mapped "{[/agent/start],methods=[POST]}" onto public hello.Http.HttpResult hello.Agent.AgentController.startAgent(java.lang.String)
2019-04-04 17:31:27.296  INFO BIL-L-AWONG2 --- [           main] s.w.s.m.m.a.RequestMappingHandlerMapping : Mapped "{[/agents/active/info],methods=[GET]}" onto public hello.Http.HttpResult hello.Agent.AgentController.GetActiveAgentsInfo()
2019-04-04 17:31:27.299  INFO BIL-L-AWONG2 --- [           main] s.w.s.m.m.a.RequestMappingHandlerMapping : Mapped "{[/agent/{idx}/info],methods=[GET]}" onto public hello.Http.HttpResult hello.Agent.AgentController.GetAgentInfo(java.lang.String)
2019-04-04 17:31:27.300  INFO BIL-L-AWONG2 --- [           main] s.w.s.m.m.a.RequestMappingHandlerMapping : Mapped "{[/socket/send],methods=[GET]}" onto public hello.Http.HttpResult hello.Agent.AgentController.SendSocketMsg(java.lang.String)
2019-04-04 17:31:27.303  INFO BIL-L-AWONG2 --- [           main] s.w.s.m.m.a.RequestMappingHandlerMapping : Mapped "{[/agents/stop],methods=[POST]}" onto public hello.Http.HttpResult hello.Agent.AgentController.stopAgents(java.lang.String)
2019-04-04 17:31:27.304  INFO BIL-L-AWONG2 --- [           main] s.w.s.m.m.a.RequestMappingHandlerMapping : Mapped "{[/agent/add],methods=[POST]}" onto public hello.Http.HttpResult hello.Agent.AgentController.AddAgent(java.lang.String,java.lang.String,java.lang.String)
2019-04-04 17:31:27.305  INFO BIL-L-AWONG2 --- [           main] s.w.s.m.m.a.RequestMappingHandlerMapping : Mapped "{[/agents/start],methods=[POST]}" onto public hello.Http.HttpResult hello.Agent.AgentController.startAgents(java.lang.String)
2019-04-04 17:31:27.307  INFO BIL-L-AWONG2 --- [           main] s.w.s.m.m.a.RequestMappingHandlerMapping : Mapped "{[/agents/info],methods=[GET]}" onto public hello.Http.HttpResult hello.Agent.AgentController.GetAgentsInfo()
2019-04-04 17:31:27.308  INFO BIL-L-AWONG2 --- [           main] s.w.s.m.m.a.RequestMappingHandlerMapping : Mapped "{[/agent/stop],methods=[POST]}" onto public hello.Http.HttpResult hello.Agent.AgentController.stopAgent(java.lang.String)
2019-04-04 17:31:27.314  INFO BIL-L-AWONG2 --- [           main] s.w.s.m.m.a.RequestMappingHandlerMapping : Mapped "{[/error]}" onto public org.springframework.http.ResponseEntity<java.util.Map<java.lang.String, java.lang.Object>> org.springframework.boot.autoconfigure.web.servlet.error.BasicErrorController.error(javax.servlet.http.HttpServletRequest)
2019-04-04 17:31:27.316  INFO BIL-L-AWONG2 --- [           main] s.w.s.m.m.a.RequestMappingHandlerMapping : Mapped "{[/error],produces=[text/html]}" onto public org.springframework.web.servlet.ModelAndView org.springframework.boot.autoconfigure.web.servlet.error.BasicErrorController.errorHtml(javax.servlet.http.HttpServletRequest,javax.servlet.http.HttpServletResponse)
2019-04-04 17:31:27.352  INFO BIL-L-AWONG2 --- [           main] o.s.w.s.h.SimpleUrlHandlerMapping        : Mapped URL path [/webjars/**] onto handler of type [class org.springframework.web.servlet.resource.ResourceHttpRequestHandler]
2019-04-04 17:31:27.352  INFO BIL-L-AWONG2 --- [           main] o.s.w.s.h.SimpleUrlHandlerMapping        : Mapped URL path [/**] onto handler of type [class org.springframework.web.servlet.resource.ResourceHttpRequestHandler]
2019-04-04 17:31:27.520  INFO BIL-L-AWONG2 --- [           main] o.s.j.e.a.AnnotationMBeanExporter        : Registering beans for JMX exposure on startup
2019-04-04 17:31:27.529  INFO BIL-L-AWONG2 --- [           main] o.s.c.s.DefaultLifecycleProcessor        : Starting beans in phase 2147483647
2019-04-04 17:31:27.733  INFO BIL-L-AWONG2 --- [           main] o.s.b.w.e.t.TomcatWebServer              : Tomcat started on port(s): 8080 (http) with context path ''
2019-04-04 17:49:20.425  INFO BIL-L-AWONG2 --- [       Thread-3] ConfigServletWebServerApplicationContext : Closing org.springframework.boot.web.servlet.context.AnnotationConfigServletWebServerApplicationContext@6a6cb05c: startup date [Thu Apr 04 17:31:24 EDT 2019]; root of context hierarchy
2019-04-04 17:49:20.437  INFO BIL-L-AWONG2 --- [       Thread-3] o.s.c.s.DefaultLifecycleProcessor        : Stopping beans in phase 2147483647
2019-04-04 17:49:20.441  INFO BIL-L-AWONG2 --- [       Thread-3] o.s.j.e.a.AnnotationMBeanExporter        : Unregistering JMX-exposed beans on shutdown
