2019-04-05 15:55:37.403  INFO BIL-L-AWONG2 --- [           main] ConfigServletWebServerApplicationContext : Refreshing org.springframework.boot.web.servlet.context.AnnotationConfigServletWebServerApplicationContext@7586beff: startup date [Fri Apr 05 15:55:37 EDT 2019]; root of context hierarchy
2019-04-05 15:55:39.127  INFO BIL-L-AWONG2 --- [           main] o.s.b.w.e.t.TomcatWebServer              : Tomcat initialized with port(s): 8080 (http)
2019-04-05 15:55:39.524  INFO BIL-L-AWONG2 --- [ost-startStop-1] o.s.w.c.ContextLoader                    : Root WebApplicationContext: initialization completed in 2125 ms
2019-04-05 15:55:39.871  INFO BIL-L-AWONG2 --- [ost-startStop-1] o.s.b.w.s.ServletRegistrationBean        : Servlet dispatcherServlet mapped to [/]
2019-04-05 15:55:39.879  INFO BIL-L-AWONG2 --- [ost-startStop-1] o.s.b.w.s.FilterRegistrationBean         : Mapping filter: 'characterEncodingFilter' to: [/*]
2019-04-05 15:55:39.880  INFO BIL-L-AWONG2 --- [ost-startStop-1] o.s.b.w.s.FilterRegistrationBean         : Mapping filter: 'hiddenHttpMethodFilter' to: [/*]
2019-04-05 15:55:39.881  INFO BIL-L-AWONG2 --- [ost-startStop-1] o.s.b.w.s.FilterRegistrationBean         : Mapping filter: 'httpPutFormContentFilter' to: [/*]
2019-04-05 15:55:39.881  INFO BIL-L-AWONG2 --- [ost-startStop-1] o.s.b.w.s.FilterRegistrationBean         : Mapping filter: 'requestContextFilter' to: [/*]
2019-04-05 15:55:39.984  INFO BIL-L-AWONG2 --- [           main] o.s.w.s.s.s.WebSocketHandlerMapping      : Mapped URL path [/sockets] onto handler of type [class org.springframework.web.socket.server.support.WebSocketHttpRequestHandler]
2019-04-05 15:55:40.053  INFO BIL-L-AWONG2 --- [           main] o.h.v.i.u.Version                        : HV000001: Hibernate Validator null
2019-04-05 15:55:40.342  INFO BIL-L-AWONG2 --- [           main] o.s.w.s.h.SimpleUrlHandlerMapping        : Mapped URL path [/**/favicon.ico] onto handler of type [class org.springframework.web.servlet.resource.ResourceHttpRequestHandler]
2019-04-05 15:55:40.558  INFO BIL-L-AWONG2 --- [           main] s.w.s.m.m.a.RequestMappingHandlerAdapter : Looking for @ControllerAdvice: org.springframework.boot.web.servlet.context.AnnotationConfigServletWebServerApplicationContext@7586beff: startup date [Fri Apr 05 15:55:37 EDT 2019]; root of context hierarchy
2019-04-05 15:55:40.651  INFO BIL-L-AWONG2 --- [           main] s.w.s.m.m.a.RequestMappingHandlerMapping : Mapped "{[/agent/start],methods=[POST]}" onto public hello.HttpResponse.HttpResult hello.Agent.AgentController.startAgent(java.lang.String)
2019-04-05 15:55:40.655  INFO BIL-L-AWONG2 --- [           main] s.w.s.m.m.a.RequestMappingHandlerMapping : Mapped "{[/agents/active/info],methods=[GET]}" onto public hello.HttpResponse.HttpResult hello.Agent.AgentController.GetActiveAgentsInfo()
2019-04-05 15:55:40.657  INFO BIL-L-AWONG2 --- [           main] s.w.s.m.m.a.RequestMappingHandlerMapping : Mapped "{[/sockets/send],methods=[GET]}" onto public hello.HttpResponse.HttpResult hello.Agent.AgentController.SendSocketMsg(java.lang.String)
2019-04-05 15:55:40.658  INFO BIL-L-AWONG2 --- [           main] s.w.s.m.m.a.RequestMappingHandlerMapping : Mapped "{[/sockets/sample-agent],methods=[GET]}" onto public hello.HttpResponse.HttpResult hello.Agent.AgentController.SendSampleAgent(java.lang.String)
2019-04-05 15:55:40.660  INFO BIL-L-AWONG2 --- [           main] s.w.s.m.m.a.RequestMappingHandlerMapping : Mapped "{[/sockets/sample-agents],methods=[GET]}" onto public hello.HttpResponse.HttpResult hello.Agent.AgentController.SendSampleAgents()
2019-04-05 15:55:40.661  INFO BIL-L-AWONG2 --- [           main] s.w.s.m.m.a.RequestMappingHandlerMapping : Mapped "{[/agent/{idx}/info],methods=[GET]}" onto public hello.HttpResponse.HttpResult hello.Agent.AgentController.GetAgentInfo(java.lang.String)
2019-04-05 15:55:40.663  INFO BIL-L-AWONG2 --- [           main] s.w.s.m.m.a.RequestMappingHandlerMapping : Mapped "{[/agents/start],methods=[POST]}" onto public hello.HttpResponse.HttpResult hello.Agent.AgentController.startAgents(java.lang.String)
2019-04-05 15:55:40.665  INFO BIL-L-AWONG2 --- [           main] s.w.s.m.m.a.RequestMappingHandlerMapping : Mapped "{[/shutdown],methods=[POST]}" onto public hello.HttpResponse.HttpResult hello.Agent.AgentController.AddAgent()
2019-04-05 15:55:40.667  INFO BIL-L-AWONG2 --- [           main] s.w.s.m.m.a.RequestMappingHandlerMapping : Mapped "{[/agent/add],methods=[POST]}" onto public hello.HttpResponse.HttpResult hello.Agent.AgentController.AddAgent(java.lang.String,java.lang.String,java.lang.String)
2019-04-05 15:55:40.668  INFO BIL-L-AWONG2 --- [           main] s.w.s.m.m.a.RequestMappingHandlerMapping : Mapped "{[/agents/info],methods=[GET]}" onto public hello.HttpResponse.HttpResult hello.Agent.AgentController.GetAgentsInfo()
2019-04-05 15:55:40.669  INFO BIL-L-AWONG2 --- [           main] s.w.s.m.m.a.RequestMappingHandlerMapping : Mapped "{[/agent/stop],methods=[POST]}" onto public hello.HttpResponse.HttpResult hello.Agent.AgentController.stopAgent(java.lang.String)
2019-04-05 15:55:40.671  INFO BIL-L-AWONG2 --- [           main] s.w.s.m.m.a.RequestMappingHandlerMapping : Mapped "{[/agents/stop],methods=[POST]}" onto public hello.HttpResponse.HttpResult hello.Agent.AgentController.stopAgents(java.lang.String)
2019-04-05 15:55:40.679  INFO BIL-L-AWONG2 --- [           main] s.w.s.m.m.a.RequestMappingHandlerMapping : Mapped "{[/error]}" onto public org.springframework.http.ResponseEntity<java.util.Map<java.lang.String, java.lang.Object>> org.springframework.boot.autoconfigure.web.servlet.error.BasicErrorController.error(javax.servlet.http.HttpServletRequest)
2019-04-05 15:55:40.682  INFO BIL-L-AWONG2 --- [           main] s.w.s.m.m.a.RequestMappingHandlerMapping : Mapped "{[/error],produces=[text/html]}" onto public org.springframework.web.servlet.ModelAndView org.springframework.boot.autoconfigure.web.servlet.error.BasicErrorController.errorHtml(javax.servlet.http.HttpServletRequest,javax.servlet.http.HttpServletResponse)
2019-04-05 15:55:40.718  INFO BIL-L-AWONG2 --- [           main] o.s.w.s.h.SimpleUrlHandlerMapping        : Mapped URL path [/webjars/**] onto handler of type [class org.springframework.web.servlet.resource.ResourceHttpRequestHandler]
2019-04-05 15:55:40.719  INFO BIL-L-AWONG2 --- [           main] o.s.w.s.h.SimpleUrlHandlerMapping        : Mapped URL path [/**] onto handler of type [class org.springframework.web.servlet.resource.ResourceHttpRequestHandler]
2019-04-05 15:55:40.892  INFO BIL-L-AWONG2 --- [           main] o.s.j.e.a.AnnotationMBeanExporter        : Registering beans for JMX exposure on startup
2019-04-05 15:55:40.901  INFO BIL-L-AWONG2 --- [           main] o.s.c.s.DefaultLifecycleProcessor        : Starting beans in phase 2147483647
2019-04-05 15:55:41.093  INFO BIL-L-AWONG2 --- [           main] o.s.b.w.e.t.TomcatWebServer              : Tomcat started on port(s): 8080 (http) with context path ''
2019-04-05 15:55:47.043  INFO BIL-L-AWONG2 --- [nio-8080-exec-1] o.s.w.s.DispatcherServlet                : FrameworkServlet 'dispatcherServlet': initialization started
2019-04-05 15:55:47.072  INFO BIL-L-AWONG2 --- [nio-8080-exec-1] o.s.w.s.DispatcherServlet                : FrameworkServlet 'dispatcherServlet': initialization completed in 28 ms
2019-04-05 15:55:51.850  INFO BIL-L-AWONG2 --- [       Thread-3] ConfigServletWebServerApplicationContext : Closing org.springframework.boot.web.servlet.context.AnnotationConfigServletWebServerApplicationContext@7586beff: startup date [Fri Apr 05 15:55:37 EDT 2019]; root of context hierarchy
2019-04-05 15:55:51.857  INFO BIL-L-AWONG2 --- [       Thread-3] o.s.c.s.DefaultLifecycleProcessor        : Stopping beans in phase 2147483647
2019-04-05 15:55:51.858  INFO BIL-L-AWONG2 --- [       Thread-3] o.s.j.e.a.AnnotationMBeanExporter        : Unregistering JMX-exposed beans on shutdown
2019-04-05 15:56:17.599  INFO BIL-L-AWONG2 --- [           main] ConfigServletWebServerApplicationContext : Refreshing org.springframework.boot.web.servlet.context.AnnotationConfigServletWebServerApplicationContext@6025e1b6: startup date [Fri Apr 05 15:56:17 EDT 2019]; root of context hierarchy
2019-04-05 15:56:19.198  INFO BIL-L-AWONG2 --- [           main] o.s.b.w.e.t.TomcatWebServer              : Tomcat initialized with port(s): 8080 (http)
2019-04-05 15:56:19.559  INFO BIL-L-AWONG2 --- [ost-startStop-1] o.s.w.c.ContextLoader                    : Root WebApplicationContext: initialization completed in 1962 ms
2019-04-05 15:56:19.918  INFO BIL-L-AWONG2 --- [ost-startStop-1] o.s.b.w.s.ServletRegistrationBean        : Servlet dispatcherServlet mapped to [/]
2019-04-05 15:56:19.922  INFO BIL-L-AWONG2 --- [ost-startStop-1] o.s.b.w.s.FilterRegistrationBean         : Mapping filter: 'characterEncodingFilter' to: [/*]
2019-04-05 15:56:19.923  INFO BIL-L-AWONG2 --- [ost-startStop-1] o.s.b.w.s.FilterRegistrationBean         : Mapping filter: 'hiddenHttpMethodFilter' to: [/*]
2019-04-05 15:56:19.924  INFO BIL-L-AWONG2 --- [ost-startStop-1] o.s.b.w.s.FilterRegistrationBean         : Mapping filter: 'httpPutFormContentFilter' to: [/*]
2019-04-05 15:56:19.925  INFO BIL-L-AWONG2 --- [ost-startStop-1] o.s.b.w.s.FilterRegistrationBean         : Mapping filter: 'requestContextFilter' to: [/*]
2019-04-05 15:56:20.008  INFO BIL-L-AWONG2 --- [           main] o.s.w.s.s.s.WebSocketHandlerMapping      : Mapped URL path [/sockets] onto handler of type [class org.springframework.web.socket.server.support.WebSocketHttpRequestHandler]
2019-04-05 15:56:20.080  INFO BIL-L-AWONG2 --- [           main] o.h.v.i.u.Version                        : HV000001: Hibernate Validator null
2019-04-05 15:56:20.366  INFO BIL-L-AWONG2 --- [           main] o.s.w.s.h.SimpleUrlHandlerMapping        : Mapped URL path [/**/favicon.ico] onto handler of type [class org.springframework.web.servlet.resource.ResourceHttpRequestHandler]
2019-04-05 15:56:20.580  INFO BIL-L-AWONG2 --- [           main] s.w.s.m.m.a.RequestMappingHandlerAdapter : Looking for @ControllerAdvice: org.springframework.boot.web.servlet.context.AnnotationConfigServletWebServerApplicationContext@6025e1b6: startup date [Fri Apr 05 15:56:17 EDT 2019]; root of context hierarchy
2019-04-05 15:56:20.679  INFO BIL-L-AWONG2 --- [           main] s.w.s.m.m.a.RequestMappingHandlerMapping : Mapped "{[/agent/start],methods=[POST]}" onto public hello.HttpResponse.HttpResult hello.Agent.AgentController.startAgent(java.lang.String)
2019-04-05 15:56:20.688  INFO BIL-L-AWONG2 --- [           main] s.w.s.m.m.a.RequestMappingHandlerMapping : Mapped "{[/agents/active/info],methods=[GET]}" onto public hello.HttpResponse.HttpResult hello.Agent.AgentController.GetActiveAgentsInfo()
2019-04-05 15:56:20.689  INFO BIL-L-AWONG2 --- [           main] s.w.s.m.m.a.RequestMappingHandlerMapping : Mapped "{[/agents/stop],methods=[POST]}" onto public hello.HttpResponse.HttpResult hello.Agent.AgentController.stopAgents(java.lang.String)
2019-04-05 15:56:20.694  INFO BIL-L-AWONG2 --- [           main] s.w.s.m.m.a.RequestMappingHandlerMapping : Mapped "{[/agent/{idx}/info],methods=[GET]}" onto public hello.HttpResponse.HttpResult hello.Agent.AgentController.GetAgentInfo(java.lang.String)
2019-04-05 15:56:20.696  INFO BIL-L-AWONG2 --- [           main] s.w.s.m.m.a.RequestMappingHandlerMapping : Mapped "{[/agents/start],methods=[POST]}" onto public hello.HttpResponse.HttpResult hello.Agent.AgentController.startAgents(java.lang.String)
2019-04-05 15:56:20.697  INFO BIL-L-AWONG2 --- [           main] s.w.s.m.m.a.RequestMappingHandlerMapping : Mapped "{[/agents/info],methods=[GET]}" onto public hello.HttpResponse.HttpResult hello.Agent.AgentController.GetAgentsInfo()
2019-04-05 15:56:20.698  INFO BIL-L-AWONG2 --- [           main] s.w.s.m.m.a.RequestMappingHandlerMapping : Mapped "{[/shutdown],methods=[POST]}" onto public hello.HttpResponse.HttpResult hello.Agent.AgentController.AddAgent()
2019-04-05 15:56:20.699  INFO BIL-L-AWONG2 --- [           main] s.w.s.m.m.a.RequestMappingHandlerMapping : Mapped "{[/agent/add],methods=[POST]}" onto public hello.HttpResponse.HttpResult hello.Agent.AgentController.AddAgent(java.lang.String,java.lang.String,java.lang.String)
2019-04-05 15:56:20.702  INFO BIL-L-AWONG2 --- [           main] s.w.s.m.m.a.RequestMappingHandlerMapping : Mapped "{[/sockets/sample-agent],methods=[GET]}" onto public hello.HttpResponse.HttpResult hello.Agent.AgentController.SendSampleAgent(java.lang.String)
2019-04-05 15:56:20.703  INFO BIL-L-AWONG2 --- [           main] s.w.s.m.m.a.RequestMappingHandlerMapping : Mapped "{[/agent/stop],methods=[POST]}" onto public hello.HttpResponse.HttpResult hello.Agent.AgentController.stopAgent(java.lang.String)
2019-04-05 15:56:20.704  INFO BIL-L-AWONG2 --- [           main] s.w.s.m.m.a.RequestMappingHandlerMapping : Mapped "{[/sockets/send],methods=[GET]}" onto public hello.HttpResponse.HttpResult hello.Agent.AgentController.SendSocketMsg(java.lang.String)
2019-04-05 15:56:20.706  INFO BIL-L-AWONG2 --- [           main] s.w.s.m.m.a.RequestMappingHandlerMapping : Mapped "{[/sockets/sample-agents],methods=[GET]}" onto public hello.HttpResponse.HttpResult hello.Agent.AgentController.SendSampleAgents()
2019-04-05 15:56:20.715  INFO BIL-L-AWONG2 --- [           main] s.w.s.m.m.a.RequestMappingHandlerMapping : Mapped "{[/error]}" onto public org.springframework.http.ResponseEntity<java.util.Map<java.lang.String, java.lang.Object>> org.springframework.boot.autoconfigure.web.servlet.error.BasicErrorController.error(javax.servlet.http.HttpServletRequest)
2019-04-05 15:56:20.718  INFO BIL-L-AWONG2 --- [           main] s.w.s.m.m.a.RequestMappingHandlerMapping : Mapped "{[/error],produces=[text/html]}" onto public org.springframework.web.servlet.ModelAndView org.springframework.boot.autoconfigure.web.servlet.error.BasicErrorController.errorHtml(javax.servlet.http.HttpServletRequest,javax.servlet.http.HttpServletResponse)
2019-04-05 15:56:20.751  INFO BIL-L-AWONG2 --- [           main] o.s.w.s.h.SimpleUrlHandlerMapping        : Mapped URL path [/webjars/**] onto handler of type [class org.springframework.web.servlet.resource.ResourceHttpRequestHandler]
2019-04-05 15:56:20.753  INFO BIL-L-AWONG2 --- [           main] o.s.w.s.h.SimpleUrlHandlerMapping        : Mapped URL path [/**] onto handler of type [class org.springframework.web.servlet.resource.ResourceHttpRequestHandler]
2019-04-05 15:56:20.919  INFO BIL-L-AWONG2 --- [           main] o.s.j.e.a.AnnotationMBeanExporter        : Registering beans for JMX exposure on startup
2019-04-05 15:56:20.930  INFO BIL-L-AWONG2 --- [           main] o.s.c.s.DefaultLifecycleProcessor        : Starting beans in phase 2147483647
2019-04-05 15:56:21.127  INFO BIL-L-AWONG2 --- [           main] o.s.b.w.e.t.TomcatWebServer              : Tomcat started on port(s): 8080 (http) with context path ''
2019-04-05 15:56:25.056  INFO BIL-L-AWONG2 --- [nio-8080-exec-1] o.s.w.s.DispatcherServlet                : FrameworkServlet 'dispatcherServlet': initialization started
2019-04-05 15:56:25.087  INFO BIL-L-AWONG2 --- [nio-8080-exec-1] o.s.w.s.DispatcherServlet                : FrameworkServlet 'dispatcherServlet': initialization completed in 29 ms
2019-04-05 15:56:26.865  INFO BIL-L-AWONG2 --- [       Thread-3] ConfigServletWebServerApplicationContext : Closing org.springframework.boot.web.servlet.context.AnnotationConfigServletWebServerApplicationContext@6025e1b6: startup date [Fri Apr 05 15:56:17 EDT 2019]; root of context hierarchy
2019-04-05 15:56:26.871  INFO BIL-L-AWONG2 --- [       Thread-3] o.s.c.s.DefaultLifecycleProcessor        : Stopping beans in phase 2147483647
2019-04-05 15:56:26.875  INFO BIL-L-AWONG2 --- [       Thread-3] o.s.j.e.a.AnnotationMBeanExporter        : Unregistering JMX-exposed beans on shutdown
2019-04-05 15:57:26.695  INFO BIL-L-AWONG2 --- [           main] ConfigServletWebServerApplicationContext : Refreshing org.springframework.boot.web.servlet.context.AnnotationConfigServletWebServerApplicationContext@6025e1b6: startup date [Fri Apr 05 15:57:26 EDT 2019]; root of context hierarchy
2019-04-05 15:57:28.814  INFO BIL-L-AWONG2 --- [           main] o.s.b.w.e.t.TomcatWebServer              : Tomcat initialized with port(s): 8080 (http)
2019-04-05 15:57:29.275  INFO BIL-L-AWONG2 --- [ost-startStop-1] o.s.w.c.ContextLoader                    : Root WebApplicationContext: initialization completed in 2586 ms
2019-04-05 15:57:29.826  INFO BIL-L-AWONG2 --- [ost-startStop-1] o.s.b.w.s.ServletRegistrationBean        : Servlet dispatcherServlet mapped to [/]
2019-04-05 15:57:29.831  INFO BIL-L-AWONG2 --- [ost-startStop-1] o.s.b.w.s.FilterRegistrationBean         : Mapping filter: 'characterEncodingFilter' to: [/*]
2019-04-05 15:57:29.832  INFO BIL-L-AWONG2 --- [ost-startStop-1] o.s.b.w.s.FilterRegistrationBean         : Mapping filter: 'hiddenHttpMethodFilter' to: [/*]
2019-04-05 15:57:29.833  INFO BIL-L-AWONG2 --- [ost-startStop-1] o.s.b.w.s.FilterRegistrationBean         : Mapping filter: 'httpPutFormContentFilter' to: [/*]
2019-04-05 15:57:29.833  INFO BIL-L-AWONG2 --- [ost-startStop-1] o.s.b.w.s.FilterRegistrationBean         : Mapping filter: 'requestContextFilter' to: [/*]
2019-04-05 15:57:29.947  INFO BIL-L-AWONG2 --- [           main] o.s.w.s.s.s.WebSocketHandlerMapping      : Mapped URL path [/sockets] onto handler of type [class org.springframework.web.socket.server.support.WebSocketHttpRequestHandler]
2019-04-05 15:57:30.037  INFO BIL-L-AWONG2 --- [           main] o.h.v.i.u.Version                        : HV000001: Hibernate Validator null
2019-04-05 15:57:30.397  INFO BIL-L-AWONG2 --- [           main] o.s.w.s.h.SimpleUrlHandlerMapping        : Mapped URL path [/**/favicon.ico] onto handler of type [class org.springframework.web.servlet.resource.ResourceHttpRequestHandler]
2019-04-05 15:57:30.654  INFO BIL-L-AWONG2 --- [           main] s.w.s.m.m.a.RequestMappingHandlerAdapter : Looking for @ControllerAdvice: org.springframework.boot.web.servlet.context.AnnotationConfigServletWebServerApplicationContext@6025e1b6: startup date [Fri Apr 05 15:57:26 EDT 2019]; root of context hierarchy
2019-04-05 15:57:30.770  INFO BIL-L-AWONG2 --- [           main] s.w.s.m.m.a.RequestMappingHandlerMapping : Mapped "{[/agent/start],methods=[POST]}" onto public hello.HttpResponse.HttpResult hello.Agent.AgentController.startAgent(java.lang.String)
2019-04-05 15:57:30.774  INFO BIL-L-AWONG2 --- [           main] s.w.s.m.m.a.RequestMappingHandlerMapping : Mapped "{[/agents/active/info],methods=[GET]}" onto public hello.HttpResponse.HttpResult hello.Agent.AgentController.GetActiveAgentsInfo()
2019-04-05 15:57:30.777  INFO BIL-L-AWONG2 --- [           main] s.w.s.m.m.a.RequestMappingHandlerMapping : Mapped "{[/shutdown],methods=[POST]}" onto public hello.HttpResponse.HttpResult hello.Agent.AgentController.AddAgent()
2019-04-05 15:57:30.778  INFO BIL-L-AWONG2 --- [           main] s.w.s.m.m.a.RequestMappingHandlerMapping : Mapped "{[/agent/add],methods=[POST]}" onto public hello.HttpResponse.HttpResult hello.Agent.AgentController.AddAgent(java.lang.String,java.lang.String,java.lang.String)
2019-04-05 15:57:30.781  INFO BIL-L-AWONG2 --- [           main] s.w.s.m.m.a.RequestMappingHandlerMapping : Mapped "{[/agents/info],methods=[GET]}" onto public hello.HttpResponse.HttpResult hello.Agent.AgentController.GetAgentsInfo()
2019-04-05 15:57:30.782  INFO BIL-L-AWONG2 --- [           main] s.w.s.m.m.a.RequestMappingHandlerMapping : Mapped "{[/sockets/sample-agent],methods=[GET]}" onto public hello.HttpResponse.HttpResult hello.Agent.AgentController.SendSampleAgent(java.lang.String)
2019-04-05 15:57:30.783  INFO BIL-L-AWONG2 --- [           main] s.w.s.m.m.a.RequestMappingHandlerMapping : Mapped "{[/agents/start],methods=[POST]}" onto public hello.HttpResponse.HttpResult hello.Agent.AgentController.startAgents(java.lang.String)
2019-04-05 15:57:30.784  INFO BIL-L-AWONG2 --- [           main] s.w.s.m.m.a.RequestMappingHandlerMapping : Mapped "{[/agent/stop],methods=[POST]}" onto public hello.HttpResponse.HttpResult hello.Agent.AgentController.stopAgent(java.lang.String)
2019-04-05 15:57:30.785  INFO BIL-L-AWONG2 --- [           main] s.w.s.m.m.a.RequestMappingHandlerMapping : Mapped "{[/agents/stop],methods=[POST]}" onto public hello.HttpResponse.HttpResult hello.Agent.AgentController.stopAgents(java.lang.String)
2019-04-05 15:57:30.791  INFO BIL-L-AWONG2 --- [           main] s.w.s.m.m.a.RequestMappingHandlerMapping : Mapped "{[/sockets/send],methods=[GET]}" onto public hello.HttpResponse.HttpResult hello.Agent.AgentController.SendSocketMsg(java.lang.String)
2019-04-05 15:57:30.792  INFO BIL-L-AWONG2 --- [           main] s.w.s.m.m.a.RequestMappingHandlerMapping : Mapped "{[/sockets/sample-agents],methods=[GET]}" onto public hello.HttpResponse.HttpResult hello.Agent.AgentController.SendSampleAgents()
2019-04-05 15:57:30.794  INFO BIL-L-AWONG2 --- [           main] s.w.s.m.m.a.RequestMappingHandlerMapping : Mapped "{[/agent/{idx}/info],methods=[GET]}" onto public hello.HttpResponse.HttpResult hello.Agent.AgentController.GetAgentInfo(java.lang.String)
2019-04-05 15:57:30.805  INFO BIL-L-AWONG2 --- [           main] s.w.s.m.m.a.RequestMappingHandlerMapping : Mapped "{[/error]}" onto public org.springframework.http.ResponseEntity<java.util.Map<java.lang.String, java.lang.Object>> org.springframework.boot.autoconfigure.web.servlet.error.BasicErrorController.error(javax.servlet.http.HttpServletRequest)
2019-04-05 15:57:30.809  INFO BIL-L-AWONG2 --- [           main] s.w.s.m.m.a.RequestMappingHandlerMapping : Mapped "{[/error],produces=[text/html]}" onto public org.springframework.web.servlet.ModelAndView org.springframework.boot.autoconfigure.web.servlet.error.BasicErrorController.errorHtml(javax.servlet.http.HttpServletRequest,javax.servlet.http.HttpServletResponse)
2019-04-05 15:57:30.853  INFO BIL-L-AWONG2 --- [           main] o.s.w.s.h.SimpleUrlHandlerMapping        : Mapped URL path [/webjars/**] onto handler of type [class org.springframework.web.servlet.resource.ResourceHttpRequestHandler]
2019-04-05 15:57:30.856  INFO BIL-L-AWONG2 --- [           main] o.s.w.s.h.SimpleUrlHandlerMapping        : Mapped URL path [/**] onto handler of type [class org.springframework.web.servlet.resource.ResourceHttpRequestHandler]
2019-04-05 15:57:31.082  INFO BIL-L-AWONG2 --- [           main] o.s.j.e.a.AnnotationMBeanExporter        : Registering beans for JMX exposure on startup
2019-04-05 15:57:31.095  INFO BIL-L-AWONG2 --- [           main] o.s.c.s.DefaultLifecycleProcessor        : Starting beans in phase 2147483647
2019-04-05 15:57:31.313  INFO BIL-L-AWONG2 --- [           main] o.s.b.w.e.t.TomcatWebServer              : Tomcat started on port(s): 8080 (http) with context path ''
2019-04-05 16:01:02.021  INFO BIL-L-AWONG2 --- [nio-8080-exec-1] o.s.w.s.DispatcherServlet                : FrameworkServlet 'dispatcherServlet': initialization started
2019-04-05 16:01:02.051  INFO BIL-L-AWONG2 --- [nio-8080-exec-1] o.s.w.s.DispatcherServlet                : FrameworkServlet 'dispatcherServlet': initialization completed in 28 ms
2019-04-05 16:07:30.847  INFO BIL-L-AWONG2 --- [       Thread-3] ConfigServletWebServerApplicationContext : Closing org.springframework.boot.web.servlet.context.AnnotationConfigServletWebServerApplicationContext@6025e1b6: startup date [Fri Apr 05 15:57:26 EDT 2019]; root of context hierarchy
2019-04-05 16:07:30.854  INFO BIL-L-AWONG2 --- [       Thread-3] o.s.c.s.DefaultLifecycleProcessor        : Stopping beans in phase 2147483647
2019-04-05 16:07:30.856  INFO BIL-L-AWONG2 --- [       Thread-3] o.s.j.e.a.AnnotationMBeanExporter        : Unregistering JMX-exposed beans on shutdown
